Using pre-set license
Built from '2022.3/staging' branch; Version is '2022.3.24f1 (334eb2a0b267) revision 3362482'; Using compiler version '192829333'; Build Type 'Release'
OS: 'Windows 11  (10.0.22631) 64bit Core' Language: 'en' Physical Memory: 31887 MB
BatchMode: 1, IsHumanControllingUs: 0, StartBugReporterOnCrash: 0, Is64bit: 1, IsPro: 1

COMMAND LINE ARGUMENTS:
C:\Program Files\Unity\Hub\Editor\2022.3.24f1\Editor\Unity.exe
-adb2
-batchMode
-noUpm
-name
AssetImportWorker6
-projectPath
C:/Users/Lin/Unity Projects/atlas-unity/unity-assets_ui
-logFile
Logs/AssetImportWorker6.log
-srvPort
61183
Successfully changed project path to: C:/Users/Lin/Unity Projects/atlas-unity/unity-assets_ui
C:/Users/Lin/Unity Projects/atlas-unity/unity-assets_ui
[UnityMemory] Configuration Parameters - Can be set up in boot.config
    "memorysetup-bucket-allocator-granularity=16"
    "memorysetup-bucket-allocator-bucket-count=8"
    "memorysetup-bucket-allocator-block-size=33554432"
    "memorysetup-bucket-allocator-block-count=8"
    "memorysetup-main-allocator-block-size=16777216"
    "memorysetup-thread-allocator-block-size=16777216"
    "memorysetup-gfx-main-allocator-block-size=16777216"
    "memorysetup-gfx-thread-allocator-block-size=16777216"
    "memorysetup-cache-allocator-block-size=4194304"
    "memorysetup-typetree-allocator-block-size=2097152"
    "memorysetup-profiler-bucket-allocator-granularity=16"
    "memorysetup-profiler-bucket-allocator-bucket-count=8"
    "memorysetup-profiler-bucket-allocator-block-size=33554432"
    "memorysetup-profiler-bucket-allocator-block-count=8"
    "memorysetup-profiler-allocator-block-size=16777216"
    "memorysetup-profiler-editor-allocator-block-size=1048576"
    "memorysetup-temp-allocator-size-main=16777216"
    "memorysetup-job-temp-allocator-block-size=2097152"
    "memorysetup-job-temp-allocator-block-size-background=1048576"
    "memorysetup-job-temp-allocator-reduction-small-platforms=262144"
    "memorysetup-allocator-temp-initial-block-size-main=262144"
    "memorysetup-allocator-temp-initial-block-size-worker=262144"
    "memorysetup-temp-allocator-size-background-worker=32768"
    "memorysetup-temp-allocator-size-job-worker=262144"
    "memorysetup-temp-allocator-size-preload-manager=33554432"
    "memorysetup-temp-allocator-size-nav-mesh-worker=65536"
    "memorysetup-temp-allocator-size-audio-worker=65536"
    "memorysetup-temp-allocator-size-cloud-worker=32768"
    "memorysetup-temp-allocator-size-gi-baking-worker=262144"
    "memorysetup-temp-allocator-size-gfx=262144"
Player connection [166616] Host "[IP] 192.168.0.63 [Port] 0 [Flags] 2 [Guid] 3959964729 [EditorId] 3959964729 [Version] 1048832 [Id] WindowsEditor(7,Sage) [Debug] 1 [PackageName] WindowsEditor [ProjectName] Editor" joined multi-casting on [225.0.0.222:54997]...

Player connection [166616] Host "[IP] 192.168.0.63 [Port] 0 [Flags] 2 [Guid] 3959964729 [EditorId] 3959964729 [Version] 1048832 [Id] WindowsEditor(7,Sage) [Debug] 1 [PackageName] WindowsEditor [ProjectName] Editor" joined alternative multi-casting on [225.0.0.222:34997]...

[Physics::Module] Initialized MultithreadedJobDispatcher with 23 workers.
Refreshing native plugins compatible for Editor in 5.75 ms, found 3 plugins.
Preloading 0 native plugins for Editor in 0.00 ms.
Initialize engine version: 2022.3.24f1 (334eb2a0b267)
[Subsystems] Discovering subsystems at path C:/Program Files/Unity/Hub/Editor/2022.3.24f1/Editor/Data/Resources/UnitySubsystems
[Subsystems] Discovering subsystems at path C:/Users/Lin/Unity Projects/atlas-unity/unity-assets_ui/Assets
GfxDevice: creating device client; threaded=0; jobified=0
Direct3D:
    Version:  Direct3D 11.0 [level 11.1]
    Renderer: NVIDIA GeForce RTX 4080 (ID=0x2704)
    Vendor:   NVIDIA
    VRAM:     16050 MB
    Driver:   31.0.15.5222
Initialize mono
Mono path[0] = 'C:/Program Files/Unity/Hub/Editor/2022.3.24f1/Editor/Data/Managed'
Mono path[1] = 'C:/Program Files/Unity/Hub/Editor/2022.3.24f1/Editor/Data/MonoBleedingEdge/lib/mono/unityjit-win32'
Mono config path = 'C:/Program Files/Unity/Hub/Editor/2022.3.24f1/Editor/Data/MonoBleedingEdge/etc'
Using monoOptions --debugger-agent=transport=dt_socket,embedding=1,server=y,suspend=n,address=127.0.0.1:56452
Begin MonoManager ReloadAssembly
Registering precompiled unity dll's ...
Register platform support module: C:/Program Files/Unity/Hub/Editor/2022.3.24f1/Editor/Data/PlaybackEngines/WebGLSupport/UnityEditor.WebGL.Extensions.dll
Register platform support module: C:/Program Files/Unity/Hub/Editor/2022.3.24f1/Editor/Data/PlaybackEngines/MacStandaloneSupport/UnityEditor.OSXStandalone.Extensions.dll
Register platform support module: C:/Program Files/Unity/Hub/Editor/2022.3.24f1/Editor/Data/PlaybackEngines/WindowsStandaloneSupport/UnityEditor.WindowsStandalone.Extensions.dll
Register platform support module: C:/Program Files/Unity/Hub/Editor/2022.3.24f1/Editor/Data/PlaybackEngines/LinuxStandaloneSupport/UnityEditor.LinuxStandalone.Extensions.dll
Registered in 0.007399 seconds.
- Loaded All Assemblies, in  0.242 seconds
Native extension for LinuxStandalone target not found
Native extension for WindowsStandalone target not found
Native extension for OSXStandalone target not found
Native extension for WebGL target not found
Mono: successfully reloaded assembly
- Finished resetting the current domain, in  0.158 seconds
Domain Reload Profiling: 399ms
	BeginReloadAssembly (81ms)
		ExecutionOrderSort (0ms)
		DisableScriptedObjects (0ms)
		BackupInstance (0ms)
		ReleaseScriptingObjects (0ms)
		CreateAndSetChildDomain (0ms)
	RebuildCommonClasses (20ms)
	RebuildNativeTypeToScriptingClass (6ms)
	initialDomainReloadingComplete (39ms)
	LoadAllAssembliesAndSetupDomain (94ms)
		LoadAssemblies (81ms)
		RebuildTransferFunctionScriptingTraits (0ms)
		AnalyzeDomain (92ms)
			TypeCache.Refresh (91ms)
				TypeCache.ScanAssembly (83ms)
			ScanForSourceGeneratedMonoScriptInfo (0ms)
			ResolveRequiredComponents (0ms)
	FinalizeReload (158ms)
		ReleaseScriptCaches (0ms)
		RebuildScriptCaches (0ms)
		SetupLoadedEditorAssemblies (127ms)
			LogAssemblyErrors (0ms)
			InitializePlatformSupportModulesInManaged (10ms)
			SetLoadedEditorAssemblies (3ms)
			RefreshPlugins (0ms)
			BeforeProcessingInitializeOnLoad (1ms)
			ProcessInitializeOnLoadAttributes (80ms)
			ProcessInitializeOnLoadMethodAttributes (32ms)
			AfterProcessingInitializeOnLoad (0ms)
			EditorAssembliesLoaded (0ms)
		ExecutionOrderSort2 (0ms)
		AwakeInstancesAfterBackupRestoration (0ms)
========================================================================
Worker process is ready to serve import requests
Begin MonoManager ReloadAssembly
- Loaded All Assemblies, in  0.387 seconds
Refreshing native plugins compatible for Editor in 1.55 ms, found 3 plugins.
Native extension for LinuxStandalone target not found
Native extension for WindowsStandalone target not found
Native extension for OSXStandalone target not found
Native extension for WebGL target not found
Package Manager log level set to [2]
[Package Manager] Server::EnsureServerProcessIsRunning -- launch failed, reason: Unity was launched with the -noUpm command-line argument
[Package Manager] UpmClient::Send -- Unable to send message (not connected to UPM process).
[Package Manager] Cannot connect to Unity Package Manager local server
Mono: successfully reloaded assembly
- Finished resetting the current domain, in  0.337 seconds
Domain Reload Profiling: 723ms
	BeginReloadAssembly (98ms)
		ExecutionOrderSort (0ms)
		DisableScriptedObjects (3ms)
		BackupInstance (0ms)
		ReleaseScriptingObjects (0ms)
		CreateAndSetChildDomain (16ms)
	RebuildCommonClasses (26ms)
	RebuildNativeTypeToScriptingClass (7ms)
	initialDomainReloadingComplete (31ms)
	LoadAllAssembliesAndSetupDomain (224ms)
		LoadAssemblies (190ms)
		RebuildTransferFunctionScriptingTraits (0ms)
		AnalyzeDomain (93ms)
			TypeCache.Refresh (81ms)
				TypeCache.ScanAssembly (73ms)
			ScanForSourceGeneratedMonoScriptInfo (8ms)
			ResolveRequiredComponents (3ms)
	FinalizeReload (337ms)
		ReleaseScriptCaches (0ms)
		RebuildScriptCaches (0ms)
		SetupLoadedEditorAssemblies (253ms)
			LogAssemblyErrors (0ms)
			InitializePlatformSupportModulesInManaged (9ms)
			SetLoadedEditorAssemblies (2ms)
			RefreshPlugins (0ms)
			BeforeProcessingInitializeOnLoad (34ms)
			ProcessInitializeOnLoadAttributes (195ms)
			ProcessInitializeOnLoadMethodAttributes (11ms)
			AfterProcessingInitializeOnLoad (3ms)
			EditorAssembliesLoaded (0ms)
		ExecutionOrderSort2 (0ms)
		AwakeInstancesAfterBackupRestoration (3ms)
Launched and connected shader compiler UnityShaderCompiler.exe after 0.05 seconds
Refreshing native plugins compatible for Editor in 2.15 ms, found 3 plugins.
Preloading 0 native plugins for Editor in 0.00 ms.
Unloading 3274 Unused Serialized files (Serialized files now loaded: 0)
Unloading 45 unused Assets / (130.8 KB). Loaded Objects now: 3735.
Memory consumption went from 129.8 MB to 129.7 MB.
Total: 2.054600 ms (FindLiveObjects: 0.178500 ms CreateObjectMapping: 0.060600 ms MarkObjects: 1.716400 ms  DeleteObjects: 0.098000 ms)

AssetImportParameters requested are different than current active one (requested -> active):
  custom:container-demuxer-ogg: 62fdf1f143b41e24485cea50d1cbac27 -> 
  custom:video-codec-MediaFoundation-h265: 746d11721c4dcdbdad8f713fa42b33f4 -> 
  custom:video-decoder-ogg-theora: a1e56fd34408186e4bbccfd4996cb3dc -> 
  custom:framework-win-MediaFoundation: 216162199b28c13a410421893ffa2e32 -> 
  custom:scripting/monoscript/fileName/SkyboxRotator.cs: c122ade9e2d3a916264f47a45be02789 -> 
  custom:CustomObjectIndexerAttribute: 9a22284fe3817be447336de3de66b15e -> 
  custom:container-demuxer-webm: 4f35f7cbe854078d1ac9338744f61a02 -> 
  custom:scripting/monoscript/fileName/FPSWalkerEnhanced.cs: 83ef146d82d16e0154acb6ccb6ea706a -> 
  custom:container-muxer-webm: aa71ff27fc2769a1b78a27578f13a17b -> 
  custom:video-decoder-webm-vp8: 9c59270c3fd7afecdb556c50c9e8de78 -> 
  custom:SearchIndexIgnoredProperties: e643bd26f0fe6173181afceb89e7c659 -> 
  custom:scripting/monoscript/fileName/SkyboxChanger.cs: 27a9374ce1608ea6a343361af3aa7d38 -> 
  custom:AudioImporter_EditorPlatform: d09bf68614088b80899f8185d706f6e7 -> 
  custom:video-encoder-webm-vp8: eb34c28f22e8b96e1ab97ce403110664 -> 
  custom:scripting/monoscript/fileName/SmoothMouseLook.cs: e12fd67feef9d119daa060f2b0fae928 -> 
  custom:audio-decoder-ogg-vorbis: bf7c407c2cedff20999df2af8eb42d56 -> 
  custom:audio-encoder-webm-vorbis: bf7c407c2cedff20999df2af8eb42d56 -> 
========================================================================
Received Import Request.
  Time since last request: 560379.564341 seconds.
  path: Assets/Models/FBX format/path_stoneCorner.fbx
  artifactKey: Guid(6cd68b651b85fea43b8b755ece4e38cb) Importer(815301076,1909f56bfc062723c751e8b465ee728b)
Start importing Assets/Models/FBX format/path_stoneCorner.fbx using Guid(6cd68b651b85fea43b8b755ece4e38cb) Importer(815301076,1909f56bfc062723c751e8b465ee728b)  -> (artifact id: '8e43fcb36a8d597fe1853eaaf4b0289c') in 0.218638 seconds
Number of updated asset objects reloaded before import = 0
Number of asset objects unloaded after import = 10
========================================================================
Received Import Request.
  Time since last request: 0.000013 seconds.
  path: Assets/Models/FBX format/rock_largeF.fbx
  artifactKey: Guid(674cfe0a0b4397143ba5dd5859e24fbb) Importer(815301076,1909f56bfc062723c751e8b465ee728b)
Start importing Assets/Models/FBX format/rock_largeF.fbx using Guid(674cfe0a0b4397143ba5dd5859e24fbb) Importer(815301076,1909f56bfc062723c751e8b465ee728b)  -> (artifact id: 'f668ab10770f8004126a97b8504e9cce') in 0.013677 seconds
Number of updated asset objects reloaded before import = 0
Number of asset objects unloaded after import = 10
========================================================================
Received Import Request.
  Time since last request: 0.000015 seconds.
  path: Assets/Models/FBX format/plant_bushTriangle.fbx
  artifactKey: Guid(b8678a7abf500a44389239d091191caf) Importer(815301076,1909f56bfc062723c751e8b465ee728b)
Start importing Assets/Models/FBX format/plant_bushTriangle.fbx using Guid(b8678a7abf500a44389239d091191caf) Importer(815301076,1909f56bfc062723c751e8b465ee728b)  -> (artifact id: '3a3e63e6bc5629c837a9aa106b8eba2b') in 0.008741 seconds
Number of updated asset objects reloaded before import = 0
Number of asset objects unloaded after import = 8
========================================================================
Received Import Request.
  Time since last request: 0.000010 seconds.
  path: Assets/Models/FBX format/path_woodEnd.fbx
  artifactKey: Guid(db7767ea0e3efe8448da9373a5961d59) Importer(815301076,1909f56bfc062723c751e8b465ee728b)
Start importing Assets/Models/FBX format/path_woodEnd.fbx using Guid(db7767ea0e3efe8448da9373a5961d59) Importer(815301076,1909f56bfc062723c751e8b465ee728b)  -> (artifact id: 'd0da4f0ff60527c1c3608b3b170f23e5') in 0.013230 seconds
Number of updated asset objects reloaded before import = 0
Number of asset objects unloaded after import = 10
========================================================================
Received Import Request.
  Time since last request: 0.000013 seconds.
  path: Assets/Models/FBX format/statue_columnDamaged.fbx
  artifactKey: Guid(08dea7d5a1b0f3d4582c7d1e5557c399) Importer(815301076,1909f56bfc062723c751e8b465ee728b)
Start importing Assets/Models/FBX format/statue_columnDamaged.fbx using Guid(08dea7d5a1b0f3d4582c7d1e5557c399) Importer(815301076,1909f56bfc062723c751e8b465ee728b)  -> (artifact id: '746af57b151a16bd17e5e691e9a7f8cb') in 0.010928 seconds
Number of updated asset objects reloaded before import = 0
Number of asset objects unloaded after import = 9
========================================================================
Received Import Request.
  Time since last request: 0.000011 seconds.
  path: Assets/Models/FBX format/stone_tallF.fbx
  artifactKey: Guid(c509def945d9fb94884a84aea73fc2e6) Importer(815301076,1909f56bfc062723c751e8b465ee728b)
Start importing Assets/Models/FBX format/stone_tallF.fbx using Guid(c509def945d9fb94884a84aea73fc2e6) Importer(815301076,1909f56bfc062723c751e8b465ee728b)  -> (artifact id: '36442dff5f2b1279910993503c3df797') in 0.011549 seconds
Number of updated asset objects reloaded before import = 0
Number of asset objects unloaded after import = 9
========================================================================
Received Import Request.
  Time since last request: 0.000009 seconds.
  path: Assets/Models/FBX format/stone_largeE.fbx
  artifactKey: Guid(04d3de4fa4b96584d9abcf54b96f9e27) Importer(815301076,1909f56bfc062723c751e8b465ee728b)
Start importing Assets/Models/FBX format/stone_largeE.fbx using Guid(04d3de4fa4b96584d9abcf54b96f9e27) Importer(815301076,1909f56bfc062723c751e8b465ee728b)  -> (artifact id: 'b0e0c127c7adf8b753ecf6a0192f0c00') in 0.009542 seconds
Number of updated asset objects reloaded before import = 0
Number of asset objects unloaded after import = 8
========================================================================
Received Import Request.
  Time since last request: 0.000012 seconds.
  path: Assets/Models/FBX format/statue_column.fbx
  artifactKey: Guid(5316b5a9e10376f44bdfbc4626beac52) Importer(815301076,1909f56bfc062723c751e8b465ee728b)
Start importing Assets/Models/FBX format/statue_column.fbx using Guid(5316b5a9e10376f44bdfbc4626beac52) Importer(815301076,1909f56bfc062723c751e8b465ee728b)  -> (artifact id: '850f27c3469dfb8251afba5249e63cce') in 0.016401 seconds
Number of updated asset objects reloaded before import = 0
Number of asset objects unloaded after import = 10
========================================================================
Received Import Request.
  Time since last request: 0.000010 seconds.
  path: Assets/Models/FBX format/path_woodCorner.fbx
  artifactKey: Guid(e81f84a29faf38c47905571dc176b2e1) Importer(815301076,1909f56bfc062723c751e8b465ee728b)
Start importing Assets/Models/FBX format/path_woodCorner.fbx using Guid(e81f84a29faf38c47905571dc176b2e1) Importer(815301076,1909f56bfc062723c751e8b465ee728b)  -> (artifact id: '492f79d61d82d2a79378a9bb02c7653a') in 0.010634 seconds
Number of updated asset objects reloaded before import = 0
Number of asset objects unloaded after import = 9
========================================================================
Received Import Request.
  Time since last request: 0.000012 seconds.
  path: Assets/Models/FBX format/rock_smallF.fbx
  artifactKey: Guid(7efcfd386432b5e45ad95843e5056f89) Importer(815301076,1909f56bfc062723c751e8b465ee728b)
Start importing Assets/Models/FBX format/rock_smallF.fbx using Guid(7efcfd386432b5e45ad95843e5056f89) Importer(815301076,1909f56bfc062723c751e8b465ee728b)  -> (artifact id: 'c5f2da16492960056a1724daa7e28470') in 0.010485 seconds
Number of updated asset objects reloaded before import = 0
Number of asset objects unloaded after import = 9
========================================================================
Received Import Request.
  Time since last request: 0.000010 seconds.
  path: Assets/Models/FBX format/stone_smallE.fbx
  artifactKey: Guid(9beccafe871cbb2479365fe9cf8cf2cb) Importer(815301076,1909f56bfc062723c751e8b465ee728b)
Start importing Assets/Models/FBX format/stone_smallE.fbx using Guid(9beccafe871cbb2479365fe9cf8cf2cb) Importer(815301076,1909f56bfc062723c751e8b465ee728b)  -> (artifact id: 'cdc199b5492ea91fbb0cfcf7da182971') in 0.007877 seconds
Number of updated asset objects reloaded before import = 0
Number of asset objects unloaded after import = 8
========================================================================
Received Import Request.
  Time since last request: 0.000012 seconds.
  path: Assets/Models/FBX format/stone_smallD.fbx
  artifactKey: Guid(cedd1b5fd702ee24d97e2b2bd42e2078) Importer(815301076,1909f56bfc062723c751e8b465ee728b)
Start importing Assets/Models/FBX format/stone_smallD.fbx using Guid(cedd1b5fd702ee24d97e2b2bd42e2078) Importer(815301076,1909f56bfc062723c751e8b465ee728b)  -> (artifact id: '3f2fad92428bf1acc7bae86e1afef97e') in 0.009260 seconds
Number of updated asset objects reloaded before import = 0
Number of asset objects unloaded after import = 8
========================================================================
Received Import Request.
  Time since last request: 0.000012 seconds.
  path: Assets/Models/FBX format/rock_tallA.fbx
  artifactKey: Guid(d45cf5879b11fae47bf97e5a29427b0a) Importer(815301076,1909f56bfc062723c751e8b465ee728b)
Start importing Assets/Models/FBX format/rock_tallA.fbx using Guid(d45cf5879b11fae47bf97e5a29427b0a) Importer(815301076,1909f56bfc062723c751e8b465ee728b)  -> (artifact id: '9c4e92bdb2b509d653d706aaa1c9f4f9') in 0.013911 seconds
Number of updated asset objects reloaded before import = 0
Number of asset objects unloaded after import = 10
========================================================================
Received Import Request.
  Time since last request: 0.132677 seconds.
  path: Assets/Models/FBX format/stone_tallJ.fbx
  artifactKey: Guid(44be970551ddff140b5b7fbc435d4141) Importer(815301076,1909f56bfc062723c751e8b465ee728b)
Start importing Assets/Models/FBX format/stone_tallJ.fbx using Guid(44be970551ddff140b5b7fbc435d4141) Importer(815301076,1909f56bfc062723c751e8b465ee728b)  -> (artifact id: 'b335e3761d91fb1441a6373679006987') in 0.010363 seconds
Number of updated asset objects reloaded before import = 0
Number of asset objects unloaded after import = 9
========================================================================
Received Import Request.
  Time since last request: 0.000009 seconds.
  path: Assets/Models/FBX format/tent_smallOpen.fbx
  artifactKey: Guid(dc0f54eb8bd49884d9cccf082b34c4c8) Importer(815301076,1909f56bfc062723c751e8b465ee728b)
Start importing Assets/Models/FBX format/tent_smallOpen.fbx using Guid(dc0f54eb8bd49884d9cccf082b34c4c8) Importer(815301076,1909f56bfc062723c751e8b465ee728b)  -> (artifact id: '7a4a4b907bf7de44688b45b6c0d44017') in 0.013136 seconds
Number of updated asset objects reloaded before import = 0
Number of asset objects unloaded after import = 10
========================================================================
Received Import Request.
  Time since last request: 0.000010 seconds.
  path: Assets/Models/FBX format/stump_square.fbx
  artifactKey: Guid(02ad8a98e9f0b3b4285b41945ca65514) Importer(815301076,1909f56bfc062723c751e8b465ee728b)
Start importing Assets/Models/FBX format/stump_square.fbx using Guid(02ad8a98e9f0b3b4285b41945ca65514) Importer(815301076,1909f56bfc062723c751e8b465ee728b)  -> (artifact id: '0869b164257c2d2151e85ff08c554c85') in 0.010892 seconds
Number of updated asset objects reloaded before import = 0
Number of asset objects unloaded after import = 9
========================================================================
Received Import Request.
  Time since last request: 0.000013 seconds.
  path: Assets/Models/FBX format/tree_palmBend.fbx
  artifactKey: Guid(c054c08a5d210f44d8e3cb64d7e1f110) Importer(815301076,1909f56bfc062723c751e8b465ee728b)
Start importing Assets/Models/FBX format/tree_palmBend.fbx using Guid(c054c08a5d210f44d8e3cb64d7e1f110) Importer(815301076,1909f56bfc062723c751e8b465ee728b)  -> (artifact id: 'bc759d24949dba0561a56298e24253b2') in 0.010776 seconds
Number of updated asset objects reloaded before import = 0
Number of asset objects unloaded after import = 9
========================================================================
Received Import Request.
  Time since last request: 0.000009 seconds.
  path: Assets/Models/FBX format/tree_detailed_dark.fbx
  artifactKey: Guid(b4c9e66ae67a6884c9f394b6898c3c80) Importer(815301076,1909f56bfc062723c751e8b465ee728b)
Start importing Assets/Models/FBX format/tree_detailed_dark.fbx using Guid(b4c9e66ae67a6884c9f394b6898c3c80) Importer(815301076,1909f56bfc062723c751e8b465ee728b)  -> (artifact id: 'aff605f6a96f60c86d942562bfba448d') in 0.013945 seconds
Number of updated asset objects reloaded before import = 0
Number of asset objects unloaded after import = 10
========================================================================
Received Import Request.
  Time since last request: 0.000011 seconds.
  path: Assets/Models/FBX format/tree_oak_fall.fbx
  artifactKey: Guid(b111982ede35f1b468231e1f468c1c43) Importer(815301076,1909f56bfc062723c751e8b465ee728b)
Start importing Assets/Models/FBX format/tree_oak_fall.fbx using Guid(b111982ede35f1b468231e1f468c1c43) Importer(815301076,1909f56bfc062723c751e8b465ee728b)  -> (artifact id: '5d6e7c4cea08dad9cd1badb111266192') in 0.011403 seconds
Number of updated asset objects reloaded before import = 0
Number of asset objects unloaded after import = 9
========================================================================
Received Import Request.
  Time since last request: 0.000011 seconds.
  path: Assets/Models/FBX format/tree_default.fbx
  artifactKey: Guid(699d81f3686376a468d571ea8b1f621a) Importer(815301076,1909f56bfc062723c751e8b465ee728b)
Start importing Assets/Models/FBX format/tree_default.fbx using Guid(699d81f3686376a468d571ea8b1f621a) Importer(815301076,1909f56bfc062723c751e8b465ee728b)  -> (artifact id: '71c038b6b9266f8112d8f888cd4071e6') in 0.010799 seconds
Number of updated asset objects reloaded before import = 0
Number of asset objects unloaded after import = 9
========================================================================
Received Import Request.
  Time since last request: 0.008927 seconds.
  path: Assets/Models/FBX format/tree_pineRoundC.fbx
  artifactKey: Guid(ed26eed60dab4a4418765d5dfc38042c) Importer(815301076,1909f56bfc062723c751e8b465ee728b)
Start importing Assets/Models/FBX format/tree_pineRoundC.fbx using Guid(ed26eed60dab4a4418765d5dfc38042c) Importer(815301076,1909f56bfc062723c751e8b465ee728b)  -> (artifact id: '4c67516a771cae4e356260dd8a9c3dc1') in 0.012702 seconds
Number of updated asset objects reloaded before import = 0
Number of asset objects unloaded after import = 9
========================================================================
Received Import Request.
  Time since last request: 0.000010 seconds.
  path: Assets/Models/FBX format/tree_pineTallB_detailed.fbx
  artifactKey: Guid(4753fbef3413fc34ba3cc10e203e8694) Importer(815301076,1909f56bfc062723c751e8b465ee728b)
Start importing Assets/Models/FBX format/tree_pineTallB_detailed.fbx using Guid(4753fbef3413fc34ba3cc10e203e8694) Importer(815301076,1909f56bfc062723c751e8b465ee728b)  -> (artifact id: 'fefcaa96946bf3baf6fea2dcb4d6a0e4') in 0.011309 seconds
Number of updated asset objects reloaded before import = 0
Number of asset objects unloaded after import = 9
========================================================================
Received Import Request.
  Time since last request: 0.000010 seconds.
  path: Assets/Models/FBX format/tree_pineRoundF.fbx
  artifactKey: Guid(a3ee19564218d4e4780bdf9543255833) Importer(815301076,1909f56bfc062723c751e8b465ee728b)
Start importing Assets/Models/FBX format/tree_pineRoundF.fbx using Guid(a3ee19564218d4e4780bdf9543255833) Importer(815301076,1909f56bfc062723c751e8b465ee728b)  -> (artifact id: 'b4f4f5257a92520cc1528767f67a824f') in 0.013125 seconds
Number of updated asset objects reloaded before import = 0
Number of asset objects unloaded after import = 9
========================================================================
Received Import Request.
  Time since last request: 0.325700 seconds.
  path: Assets/Models/FBX format/tree_simple_fall.fbx
  artifactKey: Guid(709e5b06326ee8542be3e95f291d945e) Importer(815301076,1909f56bfc062723c751e8b465ee728b)
Start importing Assets/Models/FBX format/tree_simple_fall.fbx using Guid(709e5b06326ee8542be3e95f291d945e) Importer(815301076,1909f56bfc062723c751e8b465ee728b)  -> (artifact id: 'c3f74566ac16b96de0b164453ab26326') in 0.013468 seconds
Number of updated asset objects reloaded before import = 0
Number of asset objects unloaded after import = 9
========================================================================
Received Import Request.
  Time since last request: 0.000009 seconds.
  path: Assets/Models/FBX format/tree_thin.fbx
  artifactKey: Guid(8ef515c6074d60948ab4b57521437ecc) Importer(815301076,1909f56bfc062723c751e8b465ee728b)
Start importing Assets/Models/FBX format/tree_thin.fbx using Guid(8ef515c6074d60948ab4b57521437ecc) Importer(815301076,1909f56bfc062723c751e8b465ee728b)  -> (artifact id: 'fa16732d97588cead6430d153b7a19de') in 0.010905 seconds
Number of updated asset objects reloaded before import = 0
Number of asset objects unloaded after import = 9
Editor requested this worker to shutdown with reason: Scaling down because of idle timeout
TcpMessagingSession - receive error: operation aborted. errorcode: 995, details: The I/O operation has been aborted because of either a thread exit or an application request.
AssetImportWorker is now disconnected from the server
Process exiting
Exiting without the bug reporter. Application will terminate with return code 0