Using pre-set license
Built from '2022.3/staging' branch; Version is '2022.3.24f1 (334eb2a0b267) revision 3362482'; Using compiler version '192829333'; Build Type 'Release'
OS: 'Windows 11  (10.0.22631) 64bit Core' Language: 'en' Physical Memory: 31887 MB
BatchMode: 1, IsHumanControllingUs: 0, StartBugReporterOnCrash: 0, Is64bit: 1, IsPro: 1

COMMAND LINE ARGUMENTS:
C:\Program Files\Unity\Hub\Editor\2022.3.24f1\Editor\Unity.exe
-adb2
-batchMode
-noUpm
-name
AssetImportWorker4
-projectPath
C:/Users/Lin/Unity Projects/atlas-unity/unity-assets_ui
-logFile
Logs/AssetImportWorker4.log
-srvPort
61183
Successfully changed project path to: C:/Users/Lin/Unity Projects/atlas-unity/unity-assets_ui
C:/Users/Lin/Unity Projects/atlas-unity/unity-assets_ui
[UnityMemory] Configuration Parameters - Can be set up in boot.config
    "memorysetup-bucket-allocator-granularity=16"
    "memorysetup-bucket-allocator-bucket-count=8"
    "memorysetup-bucket-allocator-block-size=33554432"
    "memorysetup-bucket-allocator-block-count=8"
    "memorysetup-main-allocator-block-size=16777216"
    "memorysetup-thread-allocator-block-size=16777216"
    "memorysetup-gfx-main-allocator-block-size=16777216"
    "memorysetup-gfx-thread-allocator-block-size=16777216"
    "memorysetup-cache-allocator-block-size=4194304"
    "memorysetup-typetree-allocator-block-size=2097152"
    "memorysetup-profiler-bucket-allocator-granularity=16"
    "memorysetup-profiler-bucket-allocator-bucket-count=8"
    "memorysetup-profiler-bucket-allocator-block-size=33554432"
    "memorysetup-profiler-bucket-allocator-block-count=8"
    "memorysetup-profiler-allocator-block-size=16777216"
    "memorysetup-profiler-editor-allocator-block-size=1048576"
    "memorysetup-temp-allocator-size-main=16777216"
    "memorysetup-job-temp-allocator-block-size=2097152"
    "memorysetup-job-temp-allocator-block-size-background=1048576"
    "memorysetup-job-temp-allocator-reduction-small-platforms=262144"
    "memorysetup-allocator-temp-initial-block-size-main=262144"
    "memorysetup-allocator-temp-initial-block-size-worker=262144"
    "memorysetup-temp-allocator-size-background-worker=32768"
    "memorysetup-temp-allocator-size-job-worker=262144"
    "memorysetup-temp-allocator-size-preload-manager=33554432"
    "memorysetup-temp-allocator-size-nav-mesh-worker=65536"
    "memorysetup-temp-allocator-size-audio-worker=65536"
    "memorysetup-temp-allocator-size-cloud-worker=32768"
    "memorysetup-temp-allocator-size-gi-baking-worker=262144"
    "memorysetup-temp-allocator-size-gfx=262144"
Player connection [170084] Host "[IP] 192.168.0.63 [Port] 0 [Flags] 2 [Guid] 2252449862 [EditorId] 2252449862 [Version] 1048832 [Id] WindowsEditor(7,Sage) [Debug] 1 [PackageName] WindowsEditor [ProjectName] Editor" joined multi-casting on [225.0.0.222:54997]...

Player connection [170084] Host "[IP] 192.168.0.63 [Port] 0 [Flags] 2 [Guid] 2252449862 [EditorId] 2252449862 [Version] 1048832 [Id] WindowsEditor(7,Sage) [Debug] 1 [PackageName] WindowsEditor [ProjectName] Editor" joined alternative multi-casting on [225.0.0.222:34997]...

[Physics::Module] Initialized MultithreadedJobDispatcher with 23 workers.
Refreshing native plugins compatible for Editor in 8.28 ms, found 3 plugins.
Preloading 0 native plugins for Editor in 0.00 ms.
Initialize engine version: 2022.3.24f1 (334eb2a0b267)
[Subsystems] Discovering subsystems at path C:/Program Files/Unity/Hub/Editor/2022.3.24f1/Editor/Data/Resources/UnitySubsystems
[Subsystems] Discovering subsystems at path C:/Users/Lin/Unity Projects/atlas-unity/unity-assets_ui/Assets
GfxDevice: creating device client; threaded=0; jobified=0
Direct3D:
    Version:  Direct3D 11.0 [level 11.1]
    Renderer: NVIDIA GeForce RTX 4080 (ID=0x2704)
    Vendor:   NVIDIA
    VRAM:     16050 MB
    Driver:   31.0.15.5222
Initialize mono
Mono path[0] = 'C:/Program Files/Unity/Hub/Editor/2022.3.24f1/Editor/Data/Managed'
Mono path[1] = 'C:/Program Files/Unity/Hub/Editor/2022.3.24f1/Editor/Data/MonoBleedingEdge/lib/mono/unityjit-win32'
Mono config path = 'C:/Program Files/Unity/Hub/Editor/2022.3.24f1/Editor/Data/MonoBleedingEdge/etc'
Using monoOptions --debugger-agent=transport=dt_socket,embedding=1,server=y,suspend=n,address=127.0.0.1:56652
Begin MonoManager ReloadAssembly
Registering precompiled unity dll's ...
Register platform support module: C:/Program Files/Unity/Hub/Editor/2022.3.24f1/Editor/Data/PlaybackEngines/WebGLSupport/UnityEditor.WebGL.Extensions.dll
Register platform support module: C:/Program Files/Unity/Hub/Editor/2022.3.24f1/Editor/Data/PlaybackEngines/MacStandaloneSupport/UnityEditor.OSXStandalone.Extensions.dll
Register platform support module: C:/Program Files/Unity/Hub/Editor/2022.3.24f1/Editor/Data/PlaybackEngines/WindowsStandaloneSupport/UnityEditor.WindowsStandalone.Extensions.dll
Register platform support module: C:/Program Files/Unity/Hub/Editor/2022.3.24f1/Editor/Data/PlaybackEngines/LinuxStandaloneSupport/UnityEditor.LinuxStandalone.Extensions.dll
Registered in 0.007545 seconds.
- Loaded All Assemblies, in  0.242 seconds
Native extension for LinuxStandalone target not found
Native extension for WindowsStandalone target not found
Native extension for OSXStandalone target not found
Native extension for WebGL target not found
Mono: successfully reloaded assembly
- Finished resetting the current domain, in  0.159 seconds
Domain Reload Profiling: 400ms
	BeginReloadAssembly (83ms)
		ExecutionOrderSort (0ms)
		DisableScriptedObjects (0ms)
		BackupInstance (0ms)
		ReleaseScriptingObjects (0ms)
		CreateAndSetChildDomain (0ms)
	RebuildCommonClasses (20ms)
	RebuildNativeTypeToScriptingClass (7ms)
	initialDomainReloadingComplete (39ms)
	LoadAllAssembliesAndSetupDomain (92ms)
		LoadAssemblies (82ms)
		RebuildTransferFunctionScriptingTraits (0ms)
		AnalyzeDomain (91ms)
			TypeCache.Refresh (89ms)
				TypeCache.ScanAssembly (79ms)
			ScanForSourceGeneratedMonoScriptInfo (0ms)
			ResolveRequiredComponents (0ms)
	FinalizeReload (159ms)
		ReleaseScriptCaches (0ms)
		RebuildScriptCaches (0ms)
		SetupLoadedEditorAssemblies (128ms)
			LogAssemblyErrors (0ms)
			InitializePlatformSupportModulesInManaged (10ms)
			SetLoadedEditorAssemblies (3ms)
			RefreshPlugins (0ms)
			BeforeProcessingInitializeOnLoad (1ms)
			ProcessInitializeOnLoadAttributes (81ms)
			ProcessInitializeOnLoadMethodAttributes (32ms)
			AfterProcessingInitializeOnLoad (0ms)
			EditorAssembliesLoaded (0ms)
		ExecutionOrderSort2 (0ms)
		AwakeInstancesAfterBackupRestoration (0ms)
========================================================================
Worker process is ready to serve import requests
Begin MonoManager ReloadAssembly
- Loaded All Assemblies, in  0.386 seconds
Refreshing native plugins compatible for Editor in 1.74 ms, found 3 plugins.
Native extension for LinuxStandalone target not found
Native extension for WindowsStandalone target not found
Native extension for OSXStandalone target not found
Native extension for WebGL target not found
Package Manager log level set to [2]
[Package Manager] Server::EnsureServerProcessIsRunning -- launch failed, reason: Unity was launched with the -noUpm command-line argument
[Package Manager] UpmClient::Send -- Unable to send message (not connected to UPM process).
[Package Manager] Cannot connect to Unity Package Manager local server
Mono: successfully reloaded assembly
- Finished resetting the current domain, in  0.333 seconds
Domain Reload Profiling: 718ms
	BeginReloadAssembly (94ms)
		ExecutionOrderSort (0ms)
		DisableScriptedObjects (3ms)
		BackupInstance (0ms)
		ReleaseScriptingObjects (0ms)
		CreateAndSetChildDomain (16ms)
	RebuildCommonClasses (26ms)
	RebuildNativeTypeToScriptingClass (11ms)
	initialDomainReloadingComplete (25ms)
	LoadAllAssembliesAndSetupDomain (229ms)
		LoadAssemblies (192ms)
		RebuildTransferFunctionScriptingTraits (0ms)
		AnalyzeDomain (94ms)
			TypeCache.Refresh (82ms)
				TypeCache.ScanAssembly (73ms)
			ScanForSourceGeneratedMonoScriptInfo (8ms)
			ResolveRequiredComponents (3ms)
	FinalizeReload (333ms)
		ReleaseScriptCaches (0ms)
		RebuildScriptCaches (0ms)
		SetupLoadedEditorAssemblies (250ms)
			LogAssemblyErrors (0ms)
			InitializePlatformSupportModulesInManaged (9ms)
			SetLoadedEditorAssemblies (2ms)
			RefreshPlugins (0ms)
			BeforeProcessingInitializeOnLoad (33ms)
			ProcessInitializeOnLoadAttributes (191ms)
			ProcessInitializeOnLoadMethodAttributes (11ms)
			AfterProcessingInitializeOnLoad (3ms)
			EditorAssembliesLoaded (0ms)
		ExecutionOrderSort2 (0ms)
		AwakeInstancesAfterBackupRestoration (3ms)
Launched and connected shader compiler UnityShaderCompiler.exe after 0.04 seconds
Refreshing native plugins compatible for Editor in 2.00 ms, found 3 plugins.
Preloading 0 native plugins for Editor in 0.00 ms.
Unloading 3274 Unused Serialized files (Serialized files now loaded: 0)
Unloading 45 unused Assets / (130.4 KB). Loaded Objects now: 3735.
Memory consumption went from 129.8 MB to 129.7 MB.
Total: 3.170100 ms (FindLiveObjects: 0.356300 ms CreateObjectMapping: 0.079400 ms MarkObjects: 2.600900 ms  DeleteObjects: 0.132500 ms)

AssetImportParameters requested are different than current active one (requested -> active):
  custom:container-demuxer-ogg: 62fdf1f143b41e24485cea50d1cbac27 -> 
  custom:video-codec-MediaFoundation-h265: 746d11721c4dcdbdad8f713fa42b33f4 -> 
  custom:video-decoder-ogg-theora: a1e56fd34408186e4bbccfd4996cb3dc -> 
  custom:framework-win-MediaFoundation: 216162199b28c13a410421893ffa2e32 -> 
  custom:scripting/monoscript/fileName/SkyboxRotator.cs: c122ade9e2d3a916264f47a45be02789 -> 
  custom:CustomObjectIndexerAttribute: 9a22284fe3817be447336de3de66b15e -> 
  custom:container-demuxer-webm: 4f35f7cbe854078d1ac9338744f61a02 -> 
  custom:scripting/monoscript/fileName/FPSWalkerEnhanced.cs: 83ef146d82d16e0154acb6ccb6ea706a -> 
  custom:container-muxer-webm: aa71ff27fc2769a1b78a27578f13a17b -> 
  custom:video-decoder-webm-vp8: 9c59270c3fd7afecdb556c50c9e8de78 -> 
  custom:SearchIndexIgnoredProperties: e643bd26f0fe6173181afceb89e7c659 -> 
  custom:scripting/monoscript/fileName/SkyboxChanger.cs: 27a9374ce1608ea6a343361af3aa7d38 -> 
  custom:AudioImporter_EditorPlatform: d09bf68614088b80899f8185d706f6e7 -> 
  custom:video-encoder-webm-vp8: eb34c28f22e8b96e1ab97ce403110664 -> 
  custom:scripting/monoscript/fileName/SmoothMouseLook.cs: e12fd67feef9d119daa060f2b0fae928 -> 
  custom:audio-decoder-ogg-vorbis: bf7c407c2cedff20999df2af8eb42d56 -> 
  custom:audio-encoder-webm-vorbis: bf7c407c2cedff20999df2af8eb42d56 -> 
========================================================================
Received Import Request.
  Time since last request: 560379.563766 seconds.
  path: Assets/Models/FBX format/mushroom_tanTall.fbx
  artifactKey: Guid(b623907df54fac2498ae015458fb0bfe) Importer(815301076,1909f56bfc062723c751e8b465ee728b)
Start importing Assets/Models/FBX format/mushroom_tanTall.fbx using Guid(b623907df54fac2498ae015458fb0bfe) Importer(815301076,1909f56bfc062723c751e8b465ee728b)  -> (artifact id: '29cea48c44d9e136ea6c61d4752b948f') in 0.201632 seconds
Number of updated asset objects reloaded before import = 0
Number of asset objects unloaded after import = 9
========================================================================
Received Import Request.
  Time since last request: 0.000010 seconds.
  path: Assets/Models/FBX format/rock_smallE.fbx
  artifactKey: Guid(ef1494d34fde79144b073baace1fa776) Importer(815301076,1909f56bfc062723c751e8b465ee728b)
Start importing Assets/Models/FBX format/rock_smallE.fbx using Guid(ef1494d34fde79144b073baace1fa776) Importer(815301076,1909f56bfc062723c751e8b465ee728b)  -> (artifact id: '392a5f4b10bded61836a739f9f38947f') in 0.023406 seconds
Number of updated asset objects reloaded before import = 0
Number of asset objects unloaded after import = 9
========================================================================
Received Import Request.
  Time since last request: 0.000018 seconds.
  path: Assets/Models/FBX format/rock_smallG.fbx
  artifactKey: Guid(aa791a8eb2e55e146a27aa3b7222d9f0) Importer(815301076,1909f56bfc062723c751e8b465ee728b)
Start importing Assets/Models/FBX format/rock_smallG.fbx using Guid(aa791a8eb2e55e146a27aa3b7222d9f0) Importer(815301076,1909f56bfc062723c751e8b465ee728b)  -> (artifact id: '4c6d85d2a6d82b45c8b3ec78cf374bce') in 0.010568 seconds
Number of updated asset objects reloaded before import = 0
Number of asset objects unloaded after import = 9
========================================================================
Received Import Request.
  Time since last request: 0.000009 seconds.
  path: Assets/Models/FBX format/pot_small.fbx
  artifactKey: Guid(99725aaebf63ffe4e87241b1e31cc8b3) Importer(815301076,1909f56bfc062723c751e8b465ee728b)
Start importing Assets/Models/FBX format/pot_small.fbx using Guid(99725aaebf63ffe4e87241b1e31cc8b3) Importer(815301076,1909f56bfc062723c751e8b465ee728b)  -> (artifact id: '0e4a764276de01416bdf277863d1d5e1') in 0.013408 seconds
Number of updated asset objects reloaded before import = 0
Number of asset objects unloaded after import = 10
========================================================================
Received Import Request.
  Time since last request: 0.000011 seconds.
  path: Assets/Models/FBX format/rock_smallTopB.fbx
  artifactKey: Guid(8bc9d2849c924974fa7caad8b0d7d041) Importer(815301076,1909f56bfc062723c751e8b465ee728b)
Start importing Assets/Models/FBX format/rock_smallTopB.fbx using Guid(8bc9d2849c924974fa7caad8b0d7d041) Importer(815301076,1909f56bfc062723c751e8b465ee728b)  -> (artifact id: '38144bb017c7227ca4daa268af0648c8') in 0.011581 seconds
Number of updated asset objects reloaded before import = 0
Number of asset objects unloaded after import = 9
========================================================================
Received Import Request.
  Time since last request: 0.000010 seconds.
  path: Assets/Models/FBX format/sign.fbx
  artifactKey: Guid(8d266c500c488674987c583e40fabbaa) Importer(815301076,1909f56bfc062723c751e8b465ee728b)
Start importing Assets/Models/FBX format/sign.fbx using Guid(8d266c500c488674987c583e40fabbaa) Importer(815301076,1909f56bfc062723c751e8b465ee728b)  -> (artifact id: 'd6a4a38fb325aa1bf36844da44aae72d') in 0.012938 seconds
Number of updated asset objects reloaded before import = 0
Number of asset objects unloaded after import = 10
========================================================================
Received Import Request.
  Time since last request: 0.000014 seconds.
  path: Assets/Models/FBX format/rock_largeA.fbx
  artifactKey: Guid(13bb22fc1e184894eab3433c98681af5) Importer(815301076,1909f56bfc062723c751e8b465ee728b)
Start importing Assets/Models/FBX format/rock_largeA.fbx using Guid(13bb22fc1e184894eab3433c98681af5) Importer(815301076,1909f56bfc062723c751e8b465ee728b)  -> (artifact id: '654788a480638d6ad721a217541a056d') in 0.011294 seconds
Number of updated asset objects reloaded before import = 0
Number of asset objects unloaded after import = 9
========================================================================
Received Import Request.
  Time since last request: 0.000009 seconds.
  path: Assets/Models/FBX format/rock_smallFlatA.fbx
  artifactKey: Guid(0415318a9cd9b694cbe43c7dd3ff66d6) Importer(815301076,1909f56bfc062723c751e8b465ee728b)
Start importing Assets/Models/FBX format/rock_smallFlatA.fbx using Guid(0415318a9cd9b694cbe43c7dd3ff66d6) Importer(815301076,1909f56bfc062723c751e8b465ee728b)  -> (artifact id: 'e650a6f6b6cb402c2a4a91994ace8b81') in 0.012775 seconds
Number of updated asset objects reloaded before import = 0
Number of asset objects unloaded after import = 9
========================================================================
Received Import Request.
  Time since last request: 0.000010 seconds.
  path: Assets/Models/FBX format/rock_largeB.fbx
  artifactKey: Guid(05e818de5d861df49a00e4c3b421c82c) Importer(815301076,1909f56bfc062723c751e8b465ee728b)
Start importing Assets/Models/FBX format/rock_largeB.fbx using Guid(05e818de5d861df49a00e4c3b421c82c) Importer(815301076,1909f56bfc062723c751e8b465ee728b)  -> (artifact id: 'a35c6a07519a496a737d4bb1c6e1d413') in 0.014089 seconds
Number of updated asset objects reloaded before import = 0
Number of asset objects unloaded after import = 10
========================================================================
Received Import Request.
  Time since last request: 0.000013 seconds.
  path: Assets/Models/FBX format/rock_smallI.fbx
  artifactKey: Guid(9c31e0876c8f7bb459cfd80e3916c796) Importer(815301076,1909f56bfc062723c751e8b465ee728b)
Start importing Assets/Models/FBX format/rock_smallI.fbx using Guid(9c31e0876c8f7bb459cfd80e3916c796) Importer(815301076,1909f56bfc062723c751e8b465ee728b)  -> (artifact id: 'dfd849e1678f76f41acac81274dea7dc') in 0.010726 seconds
Number of updated asset objects reloaded before import = 0
Number of asset objects unloaded after import = 9
========================================================================
Received Import Request.
  Time since last request: 0.000011 seconds.
  path: Assets/Models/FBX format/rock_smallFlatC.fbx
  artifactKey: Guid(523ce251b84d2d143a28ec929a0fc473) Importer(815301076,1909f56bfc062723c751e8b465ee728b)
Start importing Assets/Models/FBX format/rock_smallFlatC.fbx using Guid(523ce251b84d2d143a28ec929a0fc473) Importer(815301076,1909f56bfc062723c751e8b465ee728b)  -> (artifact id: '93785546373edf7f7d10841854c559da') in 0.011633 seconds
Number of updated asset objects reloaded before import = 0
Number of asset objects unloaded after import = 9
========================================================================
Received Import Request.
  Time since last request: 0.000012 seconds.
  path: Assets/Models/FBX format/plant_flatTall.fbx
  artifactKey: Guid(5821b8669d599194d905c9d633831ea6) Importer(815301076,1909f56bfc062723c751e8b465ee728b)
Start importing Assets/Models/FBX format/plant_flatTall.fbx using Guid(5821b8669d599194d905c9d633831ea6) Importer(815301076,1909f56bfc062723c751e8b465ee728b)  -> (artifact id: '2b2176fda9b3f4f8a847224c3e181b9f') in 0.008837 seconds
Number of updated asset objects reloaded before import = 0
Number of asset objects unloaded after import = 8
========================================================================
Received Import Request.
  Time since last request: 0.000012 seconds.
  path: Assets/Models/FBX format/stone_tallA.fbx
  artifactKey: Guid(f05cb1ac3e03935419995b31780dab8b) Importer(815301076,1909f56bfc062723c751e8b465ee728b)
Start importing Assets/Models/FBX format/stone_tallA.fbx using Guid(f05cb1ac3e03935419995b31780dab8b) Importer(815301076,1909f56bfc062723c751e8b465ee728b)  -> (artifact id: 'd38837d515bb764fd1594a6393ae4630') in 0.010974 seconds
Number of updated asset objects reloaded before import = 0
Number of asset objects unloaded after import = 9
========================================================================
Received Import Request.
  Time since last request: 0.133785 seconds.
  path: Assets/Models/FBX format/stone_tallG.fbx
  artifactKey: Guid(b3a04888bb69b8a4aa381923123c0406) Importer(815301076,1909f56bfc062723c751e8b465ee728b)
Start importing Assets/Models/FBX format/stone_tallG.fbx using Guid(b3a04888bb69b8a4aa381923123c0406) Importer(815301076,1909f56bfc062723c751e8b465ee728b)  -> (artifact id: '6746339aa4aae2966652384cc0e8004b') in 0.010841 seconds
Number of updated asset objects reloaded before import = 0
Number of asset objects unloaded after import = 9
========================================================================
Received Import Request.
  Time since last request: 0.000009 seconds.
  path: Assets/Models/FBX format/tent_detailedClosed.fbx
  artifactKey: Guid(f72d93638c388ab46ae4d0a0e47a63d3) Importer(815301076,1909f56bfc062723c751e8b465ee728b)
Start importing Assets/Models/FBX format/tent_detailedClosed.fbx using Guid(f72d93638c388ab46ae4d0a0e47a63d3) Importer(815301076,1909f56bfc062723c751e8b465ee728b)  -> (artifact id: '31d34bd55fc99efbf99be4000b27dbef') in 0.014499 seconds
Number of updated asset objects reloaded before import = 0
Number of asset objects unloaded after import = 10
========================================================================
Received Import Request.
  Time since last request: 0.000011 seconds.
  path: Assets/Models/FBX format/tent_smallClosed.fbx
  artifactKey: Guid(ae773adc17ca35f4a92d97462f7a9122) Importer(815301076,1909f56bfc062723c751e8b465ee728b)
Start importing Assets/Models/FBX format/tent_smallClosed.fbx using Guid(ae773adc17ca35f4a92d97462f7a9122) Importer(815301076,1909f56bfc062723c751e8b465ee728b)  -> (artifact id: '234216742f62a99c0d472194c9ca5221') in 0.015668 seconds
Number of updated asset objects reloaded before import = 0
Number of asset objects unloaded after import = 11
========================================================================
Received Import Request.
  Time since last request: 0.000012 seconds.
  path: Assets/Models/FBX format/tree_default_dark.fbx
  artifactKey: Guid(f4a0b1e2b492d6c4bb373ff4789ca0d9) Importer(815301076,1909f56bfc062723c751e8b465ee728b)
Start importing Assets/Models/FBX format/tree_default_dark.fbx using Guid(f4a0b1e2b492d6c4bb373ff4789ca0d9) Importer(815301076,1909f56bfc062723c751e8b465ee728b)  -> (artifact id: '7f117e024fa9f7ea0a51531344fe7e3b') in 0.011613 seconds
Number of updated asset objects reloaded before import = 0
Number of asset objects unloaded after import = 9
========================================================================
Received Import Request.
  Time since last request: 0.000013 seconds.
  path: Assets/Models/FBX format/tree_fat_fall.fbx
  artifactKey: Guid(af25581ad0617ab4aa175e20d451ecc6) Importer(815301076,1909f56bfc062723c751e8b465ee728b)
Start importing Assets/Models/FBX format/tree_fat_fall.fbx using Guid(af25581ad0617ab4aa175e20d451ecc6) Importer(815301076,1909f56bfc062723c751e8b465ee728b)  -> (artifact id: 'c3f36b81a14444475bb022a1d8f30160') in 0.012073 seconds
Number of updated asset objects reloaded before import = 0
Number of asset objects unloaded after import = 9
========================================================================
Received Import Request.
  Time since last request: 0.000009 seconds.
  path: Assets/Models/FBX format/tent_detailedOpen.fbx
  artifactKey: Guid(c6350a2566bb6f94fba64a70f390891b) Importer(815301076,1909f56bfc062723c751e8b465ee728b)
Start importing Assets/Models/FBX format/tent_detailedOpen.fbx using Guid(c6350a2566bb6f94fba64a70f390891b) Importer(815301076,1909f56bfc062723c751e8b465ee728b)  -> (artifact id: '3289e21f1d6f3b3df64f20f5870a94e9') in 0.010337 seconds
Number of updated asset objects reloaded before import = 0
Number of asset objects unloaded after import = 9
========================================================================
Received Import Request.
  Time since last request: 0.000009 seconds.
  path: Assets/Models/FBX format/tree_default_fall.fbx
  artifactKey: Guid(b2b44a75dc766914ebafad6419e54b3e) Importer(815301076,1909f56bfc062723c751e8b465ee728b)
Start importing Assets/Models/FBX format/tree_default_fall.fbx using Guid(b2b44a75dc766914ebafad6419e54b3e) Importer(815301076,1909f56bfc062723c751e8b465ee728b)  -> (artifact id: '2eb86d57d1102117ccb5ed2fdaee19ea') in 0.010427 seconds
Number of updated asset objects reloaded before import = 0
Number of asset objects unloaded after import = 9
========================================================================
Received Import Request.
  Time since last request: 0.004861 seconds.
  path: Assets/Models/FBX format/tree_pineGroundB.fbx
  artifactKey: Guid(60fb46b919b20234391d4f1d71405eea) Importer(815301076,1909f56bfc062723c751e8b465ee728b)
Start importing Assets/Models/FBX format/tree_pineGroundB.fbx using Guid(60fb46b919b20234391d4f1d71405eea) Importer(815301076,1909f56bfc062723c751e8b465ee728b)  -> (artifact id: 'eae34ae5e114464bc8f7d1d3a214acf7') in 0.010349 seconds
Number of updated asset objects reloaded before import = 0
Number of asset objects unloaded after import = 8
========================================================================
Received Import Request.
  Time since last request: 0.000012 seconds.
  path: Assets/Models/FBX format/tree_pineSmallD.fbx
  artifactKey: Guid(0d6410cd146420645b3ec4cb9367a0f1) Importer(815301076,1909f56bfc062723c751e8b465ee728b)
Start importing Assets/Models/FBX format/tree_pineSmallD.fbx using Guid(0d6410cd146420645b3ec4cb9367a0f1) Importer(815301076,1909f56bfc062723c751e8b465ee728b)  -> (artifact id: 'b3e6a4efc270c4d0e154073baa2faec6') in 0.011253 seconds
Number of updated asset objects reloaded before import = 0
Number of asset objects unloaded after import = 9
========================================================================
Received Import Request.
  Time since last request: 0.000011 seconds.
  path: Assets/Models/FBX format/tree_pineTallB.fbx
  artifactKey: Guid(941e183e6569e004b8333aaf9bb3fcce) Importer(815301076,1909f56bfc062723c751e8b465ee728b)
Start importing Assets/Models/FBX format/tree_pineTallB.fbx using Guid(941e183e6569e004b8333aaf9bb3fcce) Importer(815301076,1909f56bfc062723c751e8b465ee728b)  -> (artifact id: 'b15a0c58571b57ad72d73e2ea48988c2') in 0.011331 seconds
Number of updated asset objects reloaded before import = 0
Number of asset objects unloaded after import = 9
========================================================================
Received Import Request.
  Time since last request: 0.000012 seconds.
  path: Assets/Models/FBX format/tree_pineSmallB.fbx
  artifactKey: Guid(3009dca937159cb48b67ce35d97e0653) Importer(815301076,1909f56bfc062723c751e8b465ee728b)
Start importing Assets/Models/FBX format/tree_pineSmallB.fbx using Guid(3009dca937159cb48b67ce35d97e0653) Importer(815301076,1909f56bfc062723c751e8b465ee728b)  -> (artifact id: 'd16584ec98c3cc589f8d443ec43a1cb0') in 0.010098 seconds
Number of updated asset objects reloaded before import = 0
Number of asset objects unloaded after import = 9
========================================================================
Received Import Request.
  Time since last request: 0.319151 seconds.
  path: Assets/Models/FBX format/tree_plateau_fall.fbx
  artifactKey: Guid(a6ea4a696f1d4394aa321a3f3511097b) Importer(815301076,1909f56bfc062723c751e8b465ee728b)
Start importing Assets/Models/FBX format/tree_plateau_fall.fbx using Guid(a6ea4a696f1d4394aa321a3f3511097b) Importer(815301076,1909f56bfc062723c751e8b465ee728b)  -> (artifact id: 'c39fe419401c8a8c58766f955827d3b1') in 0.012928 seconds
Number of updated asset objects reloaded before import = 0
Number of asset objects unloaded after import = 9
========================================================================
Received Import Request.
  Time since last request: 0.000012 seconds.
  path: Assets/Models/FBX format/tree_tall_dark.fbx
  artifactKey: Guid(1006daab859365640b84f01dc5dae5d0) Importer(815301076,1909f56bfc062723c751e8b465ee728b)
Start importing Assets/Models/FBX format/tree_tall_dark.fbx using Guid(1006daab859365640b84f01dc5dae5d0) Importer(815301076,1909f56bfc062723c751e8b465ee728b)  -> (artifact id: '20a947c5b97cd0bccd7238599ee2ca60') in 0.011931 seconds
Number of updated asset objects reloaded before import = 0
Number of asset objects unloaded after import = 9
Editor requested this worker to shutdown with reason: Scaling down because of idle timeout
TcpMessagingSession - receive error: operation aborted. errorcode: 995, details: The I/O operation has been aborted because of either a thread exit or an application request.
AssetImportWorker is now disconnected from the server
Process exiting
Exiting without the bug reporter. Application will terminate with return code 0