Using pre-set license
Built from '2022.3/staging' branch; Version is '2022.3.24f1 (334eb2a0b267) revision 3362482'; Using compiler version '192829333'; Build Type 'Release'
OS: 'Windows 11  (10.0.22631) 64bit Core' Language: 'en' Physical Memory: 31887 MB
BatchMode: 1, IsHumanControllingUs: 0, StartBugReporterOnCrash: 0, Is64bit: 1, IsPro: 1

COMMAND LINE ARGUMENTS:
C:\Program Files\Unity\Hub\Editor\2022.3.24f1\Editor\Unity.exe
-adb2
-batchMode
-noUpm
-name
AssetImportWorker3
-projectPath
C:/Users/Lin/Unity Projects/atlas-unity/unity-assets_ui
-logFile
Logs/AssetImportWorker3.log
-srvPort
61183
Successfully changed project path to: C:/Users/Lin/Unity Projects/atlas-unity/unity-assets_ui
C:/Users/Lin/Unity Projects/atlas-unity/unity-assets_ui
[UnityMemory] Configuration Parameters - Can be set up in boot.config
    "memorysetup-bucket-allocator-granularity=16"
    "memorysetup-bucket-allocator-bucket-count=8"
    "memorysetup-bucket-allocator-block-size=33554432"
    "memorysetup-bucket-allocator-block-count=8"
    "memorysetup-main-allocator-block-size=16777216"
    "memorysetup-thread-allocator-block-size=16777216"
    "memorysetup-gfx-main-allocator-block-size=16777216"
    "memorysetup-gfx-thread-allocator-block-size=16777216"
    "memorysetup-cache-allocator-block-size=4194304"
    "memorysetup-typetree-allocator-block-size=2097152"
    "memorysetup-profiler-bucket-allocator-granularity=16"
    "memorysetup-profiler-bucket-allocator-bucket-count=8"
    "memorysetup-profiler-bucket-allocator-block-size=33554432"
    "memorysetup-profiler-bucket-allocator-block-count=8"
    "memorysetup-profiler-allocator-block-size=16777216"
    "memorysetup-profiler-editor-allocator-block-size=1048576"
    "memorysetup-temp-allocator-size-main=16777216"
    "memorysetup-job-temp-allocator-block-size=2097152"
    "memorysetup-job-temp-allocator-block-size-background=1048576"
    "memorysetup-job-temp-allocator-reduction-small-platforms=262144"
    "memorysetup-allocator-temp-initial-block-size-main=262144"
    "memorysetup-allocator-temp-initial-block-size-worker=262144"
    "memorysetup-temp-allocator-size-background-worker=32768"
    "memorysetup-temp-allocator-size-job-worker=262144"
    "memorysetup-temp-allocator-size-preload-manager=33554432"
    "memorysetup-temp-allocator-size-nav-mesh-worker=65536"
    "memorysetup-temp-allocator-size-audio-worker=65536"
    "memorysetup-temp-allocator-size-cloud-worker=32768"
    "memorysetup-temp-allocator-size-gi-baking-worker=262144"
    "memorysetup-temp-allocator-size-gfx=262144"
Player connection [171460] Host "[IP] 192.168.0.63 [Port] 0 [Flags] 2 [Guid] 1517837779 [EditorId] 1517837779 [Version] 1048832 [Id] WindowsEditor(7,Sage) [Debug] 1 [PackageName] WindowsEditor [ProjectName] Editor" joined multi-casting on [225.0.0.222:54997]...

Player connection [171460] Host "[IP] 192.168.0.63 [Port] 0 [Flags] 2 [Guid] 1517837779 [EditorId] 1517837779 [Version] 1048832 [Id] WindowsEditor(7,Sage) [Debug] 1 [PackageName] WindowsEditor [ProjectName] Editor" joined alternative multi-casting on [225.0.0.222:34997]...

[Physics::Module] Initialized MultithreadedJobDispatcher with 23 workers.
Refreshing native plugins compatible for Editor in 7.54 ms, found 3 plugins.
Preloading 0 native plugins for Editor in 0.00 ms.
Initialize engine version: 2022.3.24f1 (334eb2a0b267)
[Subsystems] Discovering subsystems at path C:/Program Files/Unity/Hub/Editor/2022.3.24f1/Editor/Data/Resources/UnitySubsystems
[Subsystems] Discovering subsystems at path C:/Users/Lin/Unity Projects/atlas-unity/unity-assets_ui/Assets
GfxDevice: creating device client; threaded=0; jobified=0
Direct3D:
    Version:  Direct3D 11.0 [level 11.1]
    Renderer: NVIDIA GeForce RTX 4080 (ID=0x2704)
    Vendor:   NVIDIA
    VRAM:     16050 MB
    Driver:   31.0.15.5222
Initialize mono
Mono path[0] = 'C:/Program Files/Unity/Hub/Editor/2022.3.24f1/Editor/Data/Managed'
Mono path[1] = 'C:/Program Files/Unity/Hub/Editor/2022.3.24f1/Editor/Data/MonoBleedingEdge/lib/mono/unityjit-win32'
Mono config path = 'C:/Program Files/Unity/Hub/Editor/2022.3.24f1/Editor/Data/MonoBleedingEdge/etc'
Using monoOptions --debugger-agent=transport=dt_socket,embedding=1,server=y,suspend=n,address=127.0.0.1:56996
Begin MonoManager ReloadAssembly
Registering precompiled unity dll's ...
Register platform support module: C:/Program Files/Unity/Hub/Editor/2022.3.24f1/Editor/Data/PlaybackEngines/WebGLSupport/UnityEditor.WebGL.Extensions.dll
Register platform support module: C:/Program Files/Unity/Hub/Editor/2022.3.24f1/Editor/Data/PlaybackEngines/MacStandaloneSupport/UnityEditor.OSXStandalone.Extensions.dll
Register platform support module: C:/Program Files/Unity/Hub/Editor/2022.3.24f1/Editor/Data/PlaybackEngines/WindowsStandaloneSupport/UnityEditor.WindowsStandalone.Extensions.dll
Register platform support module: C:/Program Files/Unity/Hub/Editor/2022.3.24f1/Editor/Data/PlaybackEngines/LinuxStandaloneSupport/UnityEditor.LinuxStandalone.Extensions.dll
Registered in 0.006778 seconds.
- Loaded All Assemblies, in  0.235 seconds
Native extension for LinuxStandalone target not found
Native extension for WindowsStandalone target not found
Native extension for OSXStandalone target not found
Native extension for WebGL target not found
Mono: successfully reloaded assembly
- Finished resetting the current domain, in  0.157 seconds
Domain Reload Profiling: 391ms
	BeginReloadAssembly (76ms)
		ExecutionOrderSort (0ms)
		DisableScriptedObjects (0ms)
		BackupInstance (0ms)
		ReleaseScriptingObjects (0ms)
		CreateAndSetChildDomain (0ms)
	RebuildCommonClasses (20ms)
	RebuildNativeTypeToScriptingClass (7ms)
	initialDomainReloadingComplete (40ms)
	LoadAllAssembliesAndSetupDomain (91ms)
		LoadAssemblies (75ms)
		RebuildTransferFunctionScriptingTraits (0ms)
		AnalyzeDomain (90ms)
			TypeCache.Refresh (89ms)
				TypeCache.ScanAssembly (81ms)
			ScanForSourceGeneratedMonoScriptInfo (0ms)
			ResolveRequiredComponents (0ms)
	FinalizeReload (157ms)
		ReleaseScriptCaches (0ms)
		RebuildScriptCaches (0ms)
		SetupLoadedEditorAssemblies (126ms)
			LogAssemblyErrors (0ms)
			InitializePlatformSupportModulesInManaged (10ms)
			SetLoadedEditorAssemblies (3ms)
			RefreshPlugins (0ms)
			BeforeProcessingInitializeOnLoad (1ms)
			ProcessInitializeOnLoadAttributes (79ms)
			ProcessInitializeOnLoadMethodAttributes (33ms)
			AfterProcessingInitializeOnLoad (0ms)
			EditorAssembliesLoaded (0ms)
		ExecutionOrderSort2 (0ms)
		AwakeInstancesAfterBackupRestoration (0ms)
========================================================================
Worker process is ready to serve import requests
Begin MonoManager ReloadAssembly
- Loaded All Assemblies, in  0.393 seconds
Refreshing native plugins compatible for Editor in 1.89 ms, found 3 plugins.
Native extension for LinuxStandalone target not found
Native extension for WindowsStandalone target not found
Native extension for OSXStandalone target not found
Native extension for WebGL target not found
Package Manager log level set to [2]
[Package Manager] Server::EnsureServerProcessIsRunning -- launch failed, reason: Unity was launched with the -noUpm command-line argument
[Package Manager] UpmClient::Send -- Unable to send message (not connected to UPM process).
[Package Manager] Cannot connect to Unity Package Manager local server
Mono: successfully reloaded assembly
- Finished resetting the current domain, in  0.337 seconds
Domain Reload Profiling: 729ms
	BeginReloadAssembly (94ms)
		ExecutionOrderSort (0ms)
		DisableScriptedObjects (3ms)
		BackupInstance (0ms)
		ReleaseScriptingObjects (0ms)
		CreateAndSetChildDomain (15ms)
	RebuildCommonClasses (20ms)
	RebuildNativeTypeToScriptingClass (7ms)
	initialDomainReloadingComplete (26ms)
	LoadAllAssembliesAndSetupDomain (244ms)
		LoadAssemblies (202ms)
		RebuildTransferFunctionScriptingTraits (0ms)
		AnalyzeDomain (99ms)
			TypeCache.Refresh (86ms)
				TypeCache.ScanAssembly (78ms)
			ScanForSourceGeneratedMonoScriptInfo (9ms)
			ResolveRequiredComponents (3ms)
	FinalizeReload (337ms)
		ReleaseScriptCaches (0ms)
		RebuildScriptCaches (0ms)
		SetupLoadedEditorAssemblies (255ms)
			LogAssemblyErrors (0ms)
			InitializePlatformSupportModulesInManaged (10ms)
			SetLoadedEditorAssemblies (2ms)
			RefreshPlugins (0ms)
			BeforeProcessingInitializeOnLoad (34ms)
			ProcessInitializeOnLoadAttributes (196ms)
			ProcessInitializeOnLoadMethodAttributes (10ms)
			AfterProcessingInitializeOnLoad (3ms)
			EditorAssembliesLoaded (0ms)
		ExecutionOrderSort2 (0ms)
		AwakeInstancesAfterBackupRestoration (3ms)
Launched and connected shader compiler UnityShaderCompiler.exe after 0.04 seconds
Refreshing native plugins compatible for Editor in 2.95 ms, found 3 plugins.
Preloading 0 native plugins for Editor in 0.00 ms.
Unloading 3274 Unused Serialized files (Serialized files now loaded: 0)
Unloading 45 unused Assets / (130.8 KB). Loaded Objects now: 3735.
Memory consumption went from 129.8 MB to 129.7 MB.
Total: 2.250000 ms (FindLiveObjects: 0.184100 ms CreateObjectMapping: 0.058600 ms MarkObjects: 1.918600 ms  DeleteObjects: 0.088300 ms)

AssetImportParameters requested are different than current active one (requested -> active):
  custom:container-demuxer-ogg: 62fdf1f143b41e24485cea50d1cbac27 -> 
  custom:video-codec-MediaFoundation-h265: 746d11721c4dcdbdad8f713fa42b33f4 -> 
  custom:video-decoder-ogg-theora: a1e56fd34408186e4bbccfd4996cb3dc -> 
  custom:framework-win-MediaFoundation: 216162199b28c13a410421893ffa2e32 -> 
  custom:scripting/monoscript/fileName/SkyboxRotator.cs: c122ade9e2d3a916264f47a45be02789 -> 
  custom:CustomObjectIndexerAttribute: 9a22284fe3817be447336de3de66b15e -> 
  custom:container-demuxer-webm: 4f35f7cbe854078d1ac9338744f61a02 -> 
  custom:scripting/monoscript/fileName/FPSWalkerEnhanced.cs: 83ef146d82d16e0154acb6ccb6ea706a -> 
  custom:container-muxer-webm: aa71ff27fc2769a1b78a27578f13a17b -> 
  custom:video-decoder-webm-vp8: 9c59270c3fd7afecdb556c50c9e8de78 -> 
  custom:SearchIndexIgnoredProperties: e643bd26f0fe6173181afceb89e7c659 -> 
  custom:scripting/monoscript/fileName/SkyboxChanger.cs: 27a9374ce1608ea6a343361af3aa7d38 -> 
  custom:AudioImporter_EditorPlatform: d09bf68614088b80899f8185d706f6e7 -> 
  custom:video-encoder-webm-vp8: eb34c28f22e8b96e1ab97ce403110664 -> 
  custom:scripting/monoscript/fileName/SmoothMouseLook.cs: e12fd67feef9d119daa060f2b0fae928 -> 
  custom:audio-decoder-ogg-vorbis: bf7c407c2cedff20999df2af8eb42d56 -> 
  custom:audio-encoder-webm-vorbis: bf7c407c2cedff20999df2af8eb42d56 -> 
========================================================================
Received Import Request.
  Time since last request: 560379.564571 seconds.
  path: Assets/Models/FBX format/path_stoneEnd.fbx
  artifactKey: Guid(d3ba63e05d2810841bbedc7f5d080a75) Importer(815301076,1909f56bfc062723c751e8b465ee728b)
Start importing Assets/Models/FBX format/path_stoneEnd.fbx using Guid(d3ba63e05d2810841bbedc7f5d080a75) Importer(815301076,1909f56bfc062723c751e8b465ee728b)  -> (artifact id: '1bddb78516a596510ebc6cdeb013bea9') in 0.219029 seconds
Number of updated asset objects reloaded before import = 0
Number of asset objects unloaded after import = 10
========================================================================
Received Import Request.
  Time since last request: 0.000015 seconds.
  path: Assets/Models/FBX format/stone_largeA.fbx
  artifactKey: Guid(d8506c096a1e3b04bbcaff20f47ecf79) Importer(815301076,1909f56bfc062723c751e8b465ee728b)
Start importing Assets/Models/FBX format/stone_largeA.fbx using Guid(d8506c096a1e3b04bbcaff20f47ecf79) Importer(815301076,1909f56bfc062723c751e8b465ee728b)  -> (artifact id: 'bff5736c3228be62e201bd267c04372d') in 0.010025 seconds
Number of updated asset objects reloaded before import = 0
Number of asset objects unloaded after import = 8
========================================================================
Received Import Request.
  Time since last request: 0.000017 seconds.
  path: Assets/Models/FBX format/rock_largeE.fbx
  artifactKey: Guid(5104c9f59b4a6c84da9ab4e4362e8284) Importer(815301076,1909f56bfc062723c751e8b465ee728b)
Start importing Assets/Models/FBX format/rock_largeE.fbx using Guid(5104c9f59b4a6c84da9ab4e4362e8284) Importer(815301076,1909f56bfc062723c751e8b465ee728b)  -> (artifact id: '2e6c3b4029370ec7107bfac22fd8446b') in 0.010704 seconds
Number of updated asset objects reloaded before import = 0
Number of asset objects unloaded after import = 9
========================================================================
Received Import Request.
  Time since last request: 0.000010 seconds.
  path: Assets/Models/FBX format/rock_smallTopA.fbx
  artifactKey: Guid(bf3cc2674f65e3941bca3b8d186a1c15) Importer(815301076,1909f56bfc062723c751e8b465ee728b)
Start importing Assets/Models/FBX format/rock_smallTopA.fbx using Guid(bf3cc2674f65e3941bca3b8d186a1c15) Importer(815301076,1909f56bfc062723c751e8b465ee728b)  -> (artifact id: '3028cba0b82a029f64f906d9d6bb49df') in 0.010358 seconds
Number of updated asset objects reloaded before import = 0
Number of asset objects unloaded after import = 9
========================================================================
Received Import Request.
  Time since last request: 0.000011 seconds.
  path: Assets/Models/FBX format/stone_smallFlatB.fbx
  artifactKey: Guid(4758c59e03103014b9773e3e606eba3f) Importer(815301076,1909f56bfc062723c751e8b465ee728b)
Start importing Assets/Models/FBX format/stone_smallFlatB.fbx using Guid(4758c59e03103014b9773e3e606eba3f) Importer(815301076,1909f56bfc062723c751e8b465ee728b)  -> (artifact id: '20413ba06a61168dddd972292a1a95d6') in 0.007520 seconds
Number of updated asset objects reloaded before import = 0
Number of asset objects unloaded after import = 8
========================================================================
Received Import Request.
  Time since last request: 0.000012 seconds.
  path: Assets/Models/FBX format/plant_bushDetailed.fbx
  artifactKey: Guid(283c0e078dc4cda41a6e7e5e974841f1) Importer(815301076,1909f56bfc062723c751e8b465ee728b)
Start importing Assets/Models/FBX format/plant_bushDetailed.fbx using Guid(283c0e078dc4cda41a6e7e5e974841f1) Importer(815301076,1909f56bfc062723c751e8b465ee728b)  -> (artifact id: '12f61de705c5f493f38b32b2a84ddf16') in 0.008829 seconds
Number of updated asset objects reloaded before import = 0
Number of asset objects unloaded after import = 8
========================================================================
Received Import Request.
  Time since last request: 0.000010 seconds.
  path: Assets/Models/FBX format/stone_smallTopB.fbx
  artifactKey: Guid(a1351cfd3f26a2649ab6bf62566d8e6d) Importer(815301076,1909f56bfc062723c751e8b465ee728b)
Start importing Assets/Models/FBX format/stone_smallTopB.fbx using Guid(a1351cfd3f26a2649ab6bf62566d8e6d) Importer(815301076,1909f56bfc062723c751e8b465ee728b)  -> (artifact id: 'e2b53edf5de2a76879cd2fc938cdabe0') in 0.009556 seconds
Number of updated asset objects reloaded before import = 0
Number of asset objects unloaded after import = 8
========================================================================
Received Import Request.
  Time since last request: 0.000010 seconds.
  path: Assets/Models/FBX format/statue_obelisk.fbx
  artifactKey: Guid(84d2a478b3103f041a86cb3194f877ba) Importer(815301076,1909f56bfc062723c751e8b465ee728b)
Start importing Assets/Models/FBX format/statue_obelisk.fbx using Guid(84d2a478b3103f041a86cb3194f877ba) Importer(815301076,1909f56bfc062723c751e8b465ee728b)  -> (artifact id: '94a2b57fc0c8476fb513ce659627ae0a') in 0.009924 seconds
Number of updated asset objects reloaded before import = 0
Number of asset objects unloaded after import = 9
========================================================================
Received Import Request.
  Time since last request: 0.000010 seconds.
  path: Assets/Models/FBX format/stone_tallC.fbx
  artifactKey: Guid(0bed7b599b1c7d748b8b4de92b833ccf) Importer(815301076,1909f56bfc062723c751e8b465ee728b)
Start importing Assets/Models/FBX format/stone_tallC.fbx using Guid(0bed7b599b1c7d748b8b4de92b833ccf) Importer(815301076,1909f56bfc062723c751e8b465ee728b)  -> (artifact id: '82770060ea46c46cad9d8abfb59b19ff') in 0.010856 seconds
Number of updated asset objects reloaded before import = 0
Number of asset objects unloaded after import = 9
========================================================================
Received Import Request.
  Time since last request: 0.000012 seconds.
  path: Assets/Models/FBX format/statue_head.fbx
  artifactKey: Guid(6848ab1da3ad4e543a98cb29af76a289) Importer(815301076,1909f56bfc062723c751e8b465ee728b)
Start importing Assets/Models/FBX format/statue_head.fbx using Guid(6848ab1da3ad4e543a98cb29af76a289) Importer(815301076,1909f56bfc062723c751e8b465ee728b)  -> (artifact id: 'fa3c404b6ff31d57d7a662ae2fd5648c') in 0.013973 seconds
Number of updated asset objects reloaded before import = 0
Number of asset objects unloaded after import = 10
========================================================================
Received Import Request.
  Time since last request: 0.000009 seconds.
  path: Assets/Models/FBX format/plant_flatShort.fbx
  artifactKey: Guid(1ee5c4a08bca01a41b3b325c89a0a137) Importer(815301076,1909f56bfc062723c751e8b465ee728b)
Start importing Assets/Models/FBX format/plant_flatShort.fbx using Guid(1ee5c4a08bca01a41b3b325c89a0a137) Importer(815301076,1909f56bfc062723c751e8b465ee728b)  -> (artifact id: '2f4b41571ce14b1291e0ee62a590a756') in 0.009010 seconds
Number of updated asset objects reloaded before import = 0
Number of asset objects unloaded after import = 8
========================================================================
Received Import Request.
  Time since last request: 0.000011 seconds.
  path: Assets/Models/FBX format/statue_ring.fbx
  artifactKey: Guid(0d021d4976fb5f94ca08a1f0d94ed85b) Importer(815301076,1909f56bfc062723c751e8b465ee728b)
Start importing Assets/Models/FBX format/statue_ring.fbx using Guid(0d021d4976fb5f94ca08a1f0d94ed85b) Importer(815301076,1909f56bfc062723c751e8b465ee728b)  -> (artifact id: '3a6bb6350fc4e8220868d07419d3977f') in 0.010909 seconds
Number of updated asset objects reloaded before import = 0
Number of asset objects unloaded after import = 9
========================================================================
Received Import Request.
  Time since last request: 0.000009 seconds.
  path: Assets/Models/FBX format/rock_tallC.fbx
  artifactKey: Guid(6f2b4323ef3ce3e419a2d30b3d670126) Importer(815301076,1909f56bfc062723c751e8b465ee728b)
Start importing Assets/Models/FBX format/rock_tallC.fbx using Guid(6f2b4323ef3ce3e419a2d30b3d670126) Importer(815301076,1909f56bfc062723c751e8b465ee728b)  -> (artifact id: '4120083daf342ec63a6043fad9750509') in 0.013877 seconds
Number of updated asset objects reloaded before import = 0
Number of asset objects unloaded after import = 10
========================================================================
Received Import Request.
  Time since last request: 0.000010 seconds.
  path: Assets/Models/FBX format/pot_large.fbx
  artifactKey: Guid(071d628f74493fb4d9496bafe6009407) Importer(815301076,1909f56bfc062723c751e8b465ee728b)
Start importing Assets/Models/FBX format/pot_large.fbx using Guid(071d628f74493fb4d9496bafe6009407) Importer(815301076,1909f56bfc062723c751e8b465ee728b)  -> (artifact id: '21145240142c31231f4cb8aa9b4fb922') in 0.011227 seconds
Number of updated asset objects reloaded before import = 0
Number of asset objects unloaded after import = 9
========================================================================
Received Import Request.
  Time since last request: 0.131097 seconds.
  path: Assets/Models/FBX format/stump_old.fbx
  artifactKey: Guid(ce133f3177e7eb14cbcbf5f467f7c4e0) Importer(815301076,1909f56bfc062723c751e8b465ee728b)
Start importing Assets/Models/FBX format/stump_old.fbx using Guid(ce133f3177e7eb14cbcbf5f467f7c4e0) Importer(815301076,1909f56bfc062723c751e8b465ee728b)  -> (artifact id: '01caf5a3c18a038d2816dadbf6d82b0b') in 0.008861 seconds
Number of updated asset objects reloaded before import = 0
Number of asset objects unloaded after import = 8
========================================================================
Received Import Request.
  Time since last request: 0.000011 seconds.
  path: Assets/Models/FBX format/tree_blocks_fall.fbx
  artifactKey: Guid(dfe562d0349e579498c8b36ea3969221) Importer(815301076,1909f56bfc062723c751e8b465ee728b)
Start importing Assets/Models/FBX format/tree_blocks_fall.fbx using Guid(dfe562d0349e579498c8b36ea3969221) Importer(815301076,1909f56bfc062723c751e8b465ee728b)  -> (artifact id: '9e1c9494a556e52c553561cb9447e51e') in 0.011510 seconds
Number of updated asset objects reloaded before import = 0
Number of asset objects unloaded after import = 9
========================================================================
Received Import Request.
  Time since last request: 0.000011 seconds.
  path: Assets/Models/FBX format/tree_blocks_dark.fbx
  artifactKey: Guid(2102bb4d384bb0141b607f0a0aadcf9b) Importer(815301076,1909f56bfc062723c751e8b465ee728b)
Start importing Assets/Models/FBX format/tree_blocks_dark.fbx using Guid(2102bb4d384bb0141b607f0a0aadcf9b) Importer(815301076,1909f56bfc062723c751e8b465ee728b)  -> (artifact id: 'd5754850de06125c00b8dee1799340b3') in 0.010981 seconds
Number of updated asset objects reloaded before import = 0
Number of asset objects unloaded after import = 9
========================================================================
Received Import Request.
  Time since last request: 0.000009 seconds.
  path: Assets/Models/FBX format/tree_pineGroundA.fbx
  artifactKey: Guid(a911394a8d11eba4bbb494be019a8b6d) Importer(815301076,1909f56bfc062723c751e8b465ee728b)
Start importing Assets/Models/FBX format/tree_pineGroundA.fbx using Guid(a911394a8d11eba4bbb494be019a8b6d) Importer(815301076,1909f56bfc062723c751e8b465ee728b)  -> (artifact id: '6d664fce8549a5d5e5fc24c78fe7cae8') in 0.008705 seconds
Number of updated asset objects reloaded before import = 0
Number of asset objects unloaded after import = 8
========================================================================
Received Import Request.
  Time since last request: 0.000010 seconds.
  path: Assets/Models/FBX format/tree_fat.fbx
  artifactKey: Guid(f7d8c2e4a74237642a70d85aaab952d9) Importer(815301076,1909f56bfc062723c751e8b465ee728b)
Start importing Assets/Models/FBX format/tree_fat.fbx using Guid(f7d8c2e4a74237642a70d85aaab952d9) Importer(815301076,1909f56bfc062723c751e8b465ee728b)  -> (artifact id: '83673c0a06de96e7256bccb827ce7310') in 0.010555 seconds
Number of updated asset objects reloaded before import = 0
Number of asset objects unloaded after import = 9
========================================================================
Received Import Request.
  Time since last request: 0.000011 seconds.
  path: Assets/Models/FBX format/tree_fat_darkh.fbx
  artifactKey: Guid(becfae854ef56f84bbcd40f6f584567e) Importer(815301076,1909f56bfc062723c751e8b465ee728b)
Start importing Assets/Models/FBX format/tree_fat_darkh.fbx using Guid(becfae854ef56f84bbcd40f6f584567e) Importer(815301076,1909f56bfc062723c751e8b465ee728b)  -> (artifact id: '363a4e43c59a92ea4edb75109a0f0c54') in 0.011169 seconds
Number of updated asset objects reloaded before import = 0
Number of asset objects unloaded after import = 9
========================================================================
Received Import Request.
  Time since last request: 0.000011 seconds.
  path: Assets/Models/FBX format/tree_cone_fall.fbx
  artifactKey: Guid(59ed2c8175a990d45b945f84a840a82f) Importer(815301076,1909f56bfc062723c751e8b465ee728b)
Start importing Assets/Models/FBX format/tree_cone_fall.fbx using Guid(59ed2c8175a990d45b945f84a840a82f) Importer(815301076,1909f56bfc062723c751e8b465ee728b)  -> (artifact id: '4164cc7576c9671725bc72f5b4067608') in 0.012716 seconds
Number of updated asset objects reloaded before import = 0
Number of asset objects unloaded after import = 9
========================================================================
Received Import Request.
  Time since last request: 0.000012 seconds.
  path: Assets/Models/FBX format/tree_pineDefaultB.fbx
  artifactKey: Guid(6e037bdc932a4974681d85d18a6d0b25) Importer(815301076,1909f56bfc062723c751e8b465ee728b)
Start importing Assets/Models/FBX format/tree_pineDefaultB.fbx using Guid(6e037bdc932a4974681d85d18a6d0b25) Importer(815301076,1909f56bfc062723c751e8b465ee728b)  -> (artifact id: '06b9ca00528592f27232c515ac06ff91') in 0.010322 seconds
Number of updated asset objects reloaded before import = 0
Number of asset objects unloaded after import = 9
========================================================================
Received Import Request.
  Time since last request: 0.004963 seconds.
  path: Assets/Models/FBX format/tree_pineRoundD.fbx
  artifactKey: Guid(cc62a75e76320da4cb8f9bc62316c284) Importer(815301076,1909f56bfc062723c751e8b465ee728b)
Start importing Assets/Models/FBX format/tree_pineRoundD.fbx using Guid(cc62a75e76320da4cb8f9bc62316c284) Importer(815301076,1909f56bfc062723c751e8b465ee728b)  -> (artifact id: 'c11e48f98d8b6b78425efa711b00c44d') in 0.011300 seconds
Number of updated asset objects reloaded before import = 0
Number of asset objects unloaded after import = 9
========================================================================
Received Import Request.
  Time since last request: 0.000010 seconds.
  path: Assets/Models/FBX format/tree_pineTallD.fbx
  artifactKey: Guid(836d2d539521ce343ba5b59b3a078fbd) Importer(815301076,1909f56bfc062723c751e8b465ee728b)
Start importing Assets/Models/FBX format/tree_pineTallD.fbx using Guid(836d2d539521ce343ba5b59b3a078fbd) Importer(815301076,1909f56bfc062723c751e8b465ee728b)  -> (artifact id: 'de8731059807c5a9dd05ff1c81fbfb79') in 0.010674 seconds
Number of updated asset objects reloaded before import = 0
Number of asset objects unloaded after import = 9
========================================================================
Received Import Request.
  Time since last request: 0.000010 seconds.
  path: Assets/Models/FBX format/tree_plateau_dark.fbx
  artifactKey: Guid(3b574bb6cb342ad44b34e6608512a281) Importer(815301076,1909f56bfc062723c751e8b465ee728b)
Start importing Assets/Models/FBX format/tree_plateau_dark.fbx using Guid(3b574bb6cb342ad44b34e6608512a281) Importer(815301076,1909f56bfc062723c751e8b465ee728b)  -> (artifact id: '05882ee96dac78c3292763a891d2736f') in 0.011000 seconds
Number of updated asset objects reloaded before import = 0
Number of asset objects unloaded after import = 9
========================================================================
Received Import Request.
  Time since last request: 0.000009 seconds.
  path: Assets/Models/FBX format/tree_pineTallA_detailed.fbx
  artifactKey: Guid(413a78700aab4084f8e8151e429d66d6) Importer(815301076,1909f56bfc062723c751e8b465ee728b)
Start importing Assets/Models/FBX format/tree_pineTallA_detailed.fbx using Guid(413a78700aab4084f8e8151e429d66d6) Importer(815301076,1909f56bfc062723c751e8b465ee728b)  -> (artifact id: '5330979c14fdde40e321536fe6f94183') in 0.010175 seconds
Number of updated asset objects reloaded before import = 0
Number of asset objects unloaded after import = 9
========================================================================
Received Import Request.
  Time since last request: 0.319344 seconds.
  path: Assets/Models/FBX format/tree_small.fbx
  artifactKey: Guid(588bd017a03f0534ca47aa14c9194e82) Importer(815301076,1909f56bfc062723c751e8b465ee728b)
Start importing Assets/Models/FBX format/tree_small.fbx using Guid(588bd017a03f0534ca47aa14c9194e82) Importer(815301076,1909f56bfc062723c751e8b465ee728b)  -> (artifact id: 'a490134611a95dc85c4f761ea55aad56') in 0.011303 seconds
Number of updated asset objects reloaded before import = 0
Number of asset objects unloaded after import = 9
========================================================================
Received Import Request.
  Time since last request: 0.000046 seconds.
  path: Assets/Models/FBX format/tree_thin_fall.fbx
  artifactKey: Guid(fc1c9a172e8b72448a10dbcd5ba1d971) Importer(815301076,1909f56bfc062723c751e8b465ee728b)
Start importing Assets/Models/FBX format/tree_thin_fall.fbx using Guid(fc1c9a172e8b72448a10dbcd5ba1d971) Importer(815301076,1909f56bfc062723c751e8b465ee728b)  -> (artifact id: '8480cfa91a25d624f696bf5cce4aa071') in 0.012037 seconds
Number of updated asset objects reloaded before import = 0
Number of asset objects unloaded after import = 9
Editor requested this worker to shutdown with reason: Scaling down because of idle timeout
TcpMessagingSession - receive error: operation aborted. errorcode: 995, details: The I/O operation has been aborted because of either a thread exit or an application request.
AssetImportWorker is now disconnected from the server
Process exiting
Exiting without the bug reporter. Application will terminate with return code 0