Using pre-set license
Built from '2022.3/staging' branch; Version is '2022.3.24f1 (334eb2a0b267) revision 3362482'; Using compiler version '192829333'; Build Type 'Release'
OS: 'Windows 11  (10.0.22631) 64bit Core' Language: 'en' Physical Memory: 31887 MB
BatchMode: 1, IsHumanControllingUs: 0, StartBugReporterOnCrash: 0, Is64bit: 1, IsPro: 1

COMMAND LINE ARGUMENTS:
C:\Program Files\Unity\Hub\Editor\2022.3.24f1\Editor\Unity.exe
-adb2
-batchMode
-noUpm
-name
AssetImportWorker2
-projectPath
C:/Users/Lin/Unity Projects/atlas-unity/unity-assets_ui
-logFile
Logs/AssetImportWorker2.log
-srvPort
61183
Successfully changed project path to: C:/Users/Lin/Unity Projects/atlas-unity/unity-assets_ui
C:/Users/Lin/Unity Projects/atlas-unity/unity-assets_ui
[UnityMemory] Configuration Parameters - Can be set up in boot.config
    "memorysetup-bucket-allocator-granularity=16"
    "memorysetup-bucket-allocator-bucket-count=8"
    "memorysetup-bucket-allocator-block-size=33554432"
    "memorysetup-bucket-allocator-block-count=8"
    "memorysetup-main-allocator-block-size=16777216"
    "memorysetup-thread-allocator-block-size=16777216"
    "memorysetup-gfx-main-allocator-block-size=16777216"
    "memorysetup-gfx-thread-allocator-block-size=16777216"
    "memorysetup-cache-allocator-block-size=4194304"
    "memorysetup-typetree-allocator-block-size=2097152"
    "memorysetup-profiler-bucket-allocator-granularity=16"
    "memorysetup-profiler-bucket-allocator-bucket-count=8"
    "memorysetup-profiler-bucket-allocator-block-size=33554432"
    "memorysetup-profiler-bucket-allocator-block-count=8"
    "memorysetup-profiler-allocator-block-size=16777216"
    "memorysetup-profiler-editor-allocator-block-size=1048576"
    "memorysetup-temp-allocator-size-main=16777216"
    "memorysetup-job-temp-allocator-block-size=2097152"
    "memorysetup-job-temp-allocator-block-size-background=1048576"
    "memorysetup-job-temp-allocator-reduction-small-platforms=262144"
    "memorysetup-allocator-temp-initial-block-size-main=262144"
    "memorysetup-allocator-temp-initial-block-size-worker=262144"
    "memorysetup-temp-allocator-size-background-worker=32768"
    "memorysetup-temp-allocator-size-job-worker=262144"
    "memorysetup-temp-allocator-size-preload-manager=33554432"
    "memorysetup-temp-allocator-size-nav-mesh-worker=65536"
    "memorysetup-temp-allocator-size-audio-worker=65536"
    "memorysetup-temp-allocator-size-cloud-worker=32768"
    "memorysetup-temp-allocator-size-gi-baking-worker=262144"
    "memorysetup-temp-allocator-size-gfx=262144"
Player connection [100900] Host "[IP] 192.168.0.63 [Port] 0 [Flags] 2 [Guid] 475872763 [EditorId] 475872763 [Version] 1048832 [Id] WindowsEditor(7,Sage) [Debug] 1 [PackageName] WindowsEditor [ProjectName] Editor" joined multi-casting on [225.0.0.222:54997]...

Player connection [100900] Host "[IP] 192.168.0.63 [Port] 0 [Flags] 2 [Guid] 475872763 [EditorId] 475872763 [Version] 1048832 [Id] WindowsEditor(7,Sage) [Debug] 1 [PackageName] WindowsEditor [ProjectName] Editor" joined alternative multi-casting on [225.0.0.222:34997]...

[Physics::Module] Initialized MultithreadedJobDispatcher with 23 workers.
Refreshing native plugins compatible for Editor in 4.28 ms, found 3 plugins.
Preloading 0 native plugins for Editor in 0.00 ms.
Initialize engine version: 2022.3.24f1 (334eb2a0b267)
[Subsystems] Discovering subsystems at path C:/Program Files/Unity/Hub/Editor/2022.3.24f1/Editor/Data/Resources/UnitySubsystems
[Subsystems] Discovering subsystems at path C:/Users/Lin/Unity Projects/atlas-unity/unity-assets_ui/Assets
GfxDevice: creating device client; threaded=0; jobified=0
Direct3D:
    Version:  Direct3D 11.0 [level 11.1]
    Renderer: NVIDIA GeForce RTX 4080 (ID=0x2704)
    Vendor:   NVIDIA
    VRAM:     16050 MB
    Driver:   31.0.15.5222
Initialize mono
Mono path[0] = 'C:/Program Files/Unity/Hub/Editor/2022.3.24f1/Editor/Data/Managed'
Mono path[1] = 'C:/Program Files/Unity/Hub/Editor/2022.3.24f1/Editor/Data/MonoBleedingEdge/lib/mono/unityjit-win32'
Mono config path = 'C:/Program Files/Unity/Hub/Editor/2022.3.24f1/Editor/Data/MonoBleedingEdge/etc'
Using monoOptions --debugger-agent=transport=dt_socket,embedding=1,server=y,suspend=n,address=127.0.0.1:56296
Begin MonoManager ReloadAssembly
Registering precompiled unity dll's ...
Register platform support module: C:/Program Files/Unity/Hub/Editor/2022.3.24f1/Editor/Data/PlaybackEngines/WebGLSupport/UnityEditor.WebGL.Extensions.dll
Register platform support module: C:/Program Files/Unity/Hub/Editor/2022.3.24f1/Editor/Data/PlaybackEngines/MacStandaloneSupport/UnityEditor.OSXStandalone.Extensions.dll
Register platform support module: C:/Program Files/Unity/Hub/Editor/2022.3.24f1/Editor/Data/PlaybackEngines/WindowsStandaloneSupport/UnityEditor.WindowsStandalone.Extensions.dll
Register platform support module: C:/Program Files/Unity/Hub/Editor/2022.3.24f1/Editor/Data/PlaybackEngines/LinuxStandaloneSupport/UnityEditor.LinuxStandalone.Extensions.dll
Registered in 0.005156 seconds.
- Loaded All Assemblies, in  0.182 seconds
Native extension for LinuxStandalone target not found
Native extension for WindowsStandalone target not found
Native extension for OSXStandalone target not found
Native extension for WebGL target not found
Mono: successfully reloaded assembly
- Finished resetting the current domain, in  0.152 seconds
Domain Reload Profiling: 334ms
	BeginReloadAssembly (57ms)
		ExecutionOrderSort (0ms)
		DisableScriptedObjects (0ms)
		BackupInstance (0ms)
		ReleaseScriptingObjects (0ms)
		CreateAndSetChildDomain (0ms)
	RebuildCommonClasses (17ms)
	RebuildNativeTypeToScriptingClass (6ms)
	initialDomainReloadingComplete (31ms)
	LoadAllAssembliesAndSetupDomain (70ms)
		LoadAssemblies (57ms)
		RebuildTransferFunctionScriptingTraits (0ms)
		AnalyzeDomain (69ms)
			TypeCache.Refresh (68ms)
				TypeCache.ScanAssembly (61ms)
			ScanForSourceGeneratedMonoScriptInfo (0ms)
			ResolveRequiredComponents (0ms)
	FinalizeReload (152ms)
		ReleaseScriptCaches (0ms)
		RebuildScriptCaches (0ms)
		SetupLoadedEditorAssemblies (121ms)
			LogAssemblyErrors (0ms)
			InitializePlatformSupportModulesInManaged (10ms)
			SetLoadedEditorAssemblies (3ms)
			RefreshPlugins (0ms)
			BeforeProcessingInitializeOnLoad (1ms)
			ProcessInitializeOnLoadAttributes (82ms)
			ProcessInitializeOnLoadMethodAttributes (26ms)
			AfterProcessingInitializeOnLoad (0ms)
			EditorAssembliesLoaded (0ms)
		ExecutionOrderSort2 (0ms)
		AwakeInstancesAfterBackupRestoration (0ms)
========================================================================
Worker process is ready to serve import requests
Begin MonoManager ReloadAssembly
- Loaded All Assemblies, in  0.328 seconds
Refreshing native plugins compatible for Editor in 1.54 ms, found 3 plugins.
Native extension for LinuxStandalone target not found
Native extension for WindowsStandalone target not found
Native extension for OSXStandalone target not found
Native extension for WebGL target not found
Package Manager log level set to [2]
[Package Manager] Server::EnsureServerProcessIsRunning -- launch failed, reason: Unity was launched with the -noUpm command-line argument
[Package Manager] UpmClient::Send -- Unable to send message (not connected to UPM process).
[Package Manager] Cannot connect to Unity Package Manager local server
Mono: successfully reloaded assembly
- Finished resetting the current domain, in  0.310 seconds
Domain Reload Profiling: 638ms
	BeginReloadAssembly (78ms)
		ExecutionOrderSort (0ms)
		DisableScriptedObjects (3ms)
		BackupInstance (0ms)
		ReleaseScriptingObjects (0ms)
		CreateAndSetChildDomain (13ms)
	RebuildCommonClasses (17ms)
	RebuildNativeTypeToScriptingClass (6ms)
	initialDomainReloadingComplete (21ms)
	LoadAllAssembliesAndSetupDomain (207ms)
		LoadAssemblies (162ms)
		RebuildTransferFunctionScriptingTraits (0ms)
		AnalyzeDomain (89ms)
			TypeCache.Refresh (77ms)
				TypeCache.ScanAssembly (70ms)
			ScanForSourceGeneratedMonoScriptInfo (8ms)
			ResolveRequiredComponents (3ms)
	FinalizeReload (311ms)
		ReleaseScriptCaches (0ms)
		RebuildScriptCaches (0ms)
		SetupLoadedEditorAssemblies (235ms)
			LogAssemblyErrors (0ms)
			InitializePlatformSupportModulesInManaged (8ms)
			SetLoadedEditorAssemblies (2ms)
			RefreshPlugins (0ms)
			BeforeProcessingInitializeOnLoad (31ms)
			ProcessInitializeOnLoadAttributes (181ms)
			ProcessInitializeOnLoadMethodAttributes (11ms)
			AfterProcessingInitializeOnLoad (3ms)
			EditorAssembliesLoaded (0ms)
		ExecutionOrderSort2 (0ms)
		AwakeInstancesAfterBackupRestoration (3ms)
Launched and connected shader compiler UnityShaderCompiler.exe after 0.03 seconds
Refreshing native plugins compatible for Editor in 1.46 ms, found 3 plugins.
Preloading 0 native plugins for Editor in 0.00 ms.
Unloading 3274 Unused Serialized files (Serialized files now loaded: 0)
Unloading 45 unused Assets / (130.8 KB). Loaded Objects now: 3735.
Memory consumption went from 129.8 MB to 129.7 MB.
Total: 1.961200 ms (FindLiveObjects: 0.166600 ms CreateObjectMapping: 0.051200 ms MarkObjects: 1.662100 ms  DeleteObjects: 0.080900 ms)

AssetImportParameters requested are different than current active one (requested -> active):
  custom:container-demuxer-ogg: 62fdf1f143b41e24485cea50d1cbac27 -> 
  custom:video-codec-MediaFoundation-h265: 746d11721c4dcdbdad8f713fa42b33f4 -> 
  custom:video-decoder-ogg-theora: a1e56fd34408186e4bbccfd4996cb3dc -> 
  custom:framework-win-MediaFoundation: 216162199b28c13a410421893ffa2e32 -> 
  custom:scripting/monoscript/fileName/SkyboxRotator.cs: c122ade9e2d3a916264f47a45be02789 -> 
  custom:CustomObjectIndexerAttribute: 9a22284fe3817be447336de3de66b15e -> 
  custom:container-demuxer-webm: 4f35f7cbe854078d1ac9338744f61a02 -> 
  custom:scripting/monoscript/fileName/FPSWalkerEnhanced.cs: 83ef146d82d16e0154acb6ccb6ea706a -> 
  custom:container-muxer-webm: aa71ff27fc2769a1b78a27578f13a17b -> 
  custom:video-decoder-webm-vp8: 9c59270c3fd7afecdb556c50c9e8de78 -> 
  custom:SearchIndexIgnoredProperties: e643bd26f0fe6173181afceb89e7c659 -> 
  custom:scripting/monoscript/fileName/SkyboxChanger.cs: 27a9374ce1608ea6a343361af3aa7d38 -> 
  custom:AudioImporter_EditorPlatform: d09bf68614088b80899f8185d706f6e7 -> 
  custom:video-encoder-webm-vp8: eb34c28f22e8b96e1ab97ce403110664 -> 
  custom:scripting/monoscript/fileName/SmoothMouseLook.cs: e12fd67feef9d119daa060f2b0fae928 -> 
  custom:audio-decoder-ogg-vorbis: bf7c407c2cedff20999df2af8eb42d56 -> 
  custom:audio-encoder-webm-vorbis: bf7c407c2cedff20999df2af8eb42d56 -> 
========================================================================
Received Prepare
Begin MonoManager ReloadAssembly
- Loaded All Assemblies, in  0.232 seconds
Refreshing native plugins compatible for Editor in 1.81 ms, found 3 plugins.
Native extension for LinuxStandalone target not found
Native extension for WindowsStandalone target not found
Native extension for OSXStandalone target not found
Native extension for WebGL target not found
[Package Manager] Server::EnsureServerProcessIsRunning -- launch failed, reason: Unity was launched with the -noUpm command-line argument
[Package Manager] UpmClient::Send -- Unable to send message (not connected to UPM process).
[Package Manager] Cannot connect to Unity Package Manager local server
Mono: successfully reloaded assembly
- Finished resetting the current domain, in  0.554 seconds
Domain Reload Profiling: 785ms
	BeginReloadAssembly (91ms)
		ExecutionOrderSort (0ms)
		DisableScriptedObjects (3ms)
		BackupInstance (0ms)
		ReleaseScriptingObjects (0ms)
		CreateAndSetChildDomain (23ms)
	RebuildCommonClasses (17ms)
	RebuildNativeTypeToScriptingClass (6ms)
	initialDomainReloadingComplete (15ms)
	LoadAllAssembliesAndSetupDomain (102ms)
		LoadAssemblies (138ms)
		RebuildTransferFunctionScriptingTraits (0ms)
		AnalyzeDomain (7ms)
			TypeCache.Refresh (3ms)
				TypeCache.ScanAssembly (0ms)
			ScanForSourceGeneratedMonoScriptInfo (0ms)
			ResolveRequiredComponents (3ms)
	FinalizeReload (554ms)
		ReleaseScriptCaches (0ms)
		RebuildScriptCaches (0ms)
		SetupLoadedEditorAssemblies (262ms)
			LogAssemblyErrors (0ms)
			InitializePlatformSupportModulesInManaged (9ms)
			SetLoadedEditorAssemblies (2ms)
			RefreshPlugins (0ms)
			BeforeProcessingInitializeOnLoad (39ms)
			ProcessInitializeOnLoadAttributes (197ms)
			ProcessInitializeOnLoadMethodAttributes (12ms)
			AfterProcessingInitializeOnLoad (3ms)
			EditorAssembliesLoaded (0ms)
		ExecutionOrderSort2 (0ms)
		AwakeInstancesAfterBackupRestoration (4ms)
Refreshing native plugins compatible for Editor in 2.48 ms, found 3 plugins.
Preloading 0 native plugins for Editor in 0.00 ms.
Unloading 3253 Unused Serialized files (Serialized files now loaded: 0)
Unloading 24 unused Assets / (102.3 KB). Loaded Objects now: 3750.
Memory consumption went from 127.5 MB to 127.4 MB.
Total: 2.426600 ms (FindLiveObjects: 0.246100 ms CreateObjectMapping: 0.045900 ms MarkObjects: 2.085700 ms  DeleteObjects: 0.048100 ms)

Prepare: number of updated asset objects reloaded= 0
AssetImportParameters requested are different than current active one (requested -> active):
  custom:container-demuxer-ogg: 62fdf1f143b41e24485cea50d1cbac27 -> 
  custom:video-codec-MediaFoundation-h265: 746d11721c4dcdbdad8f713fa42b33f4 -> 
  custom:video-decoder-ogg-theora: a1e56fd34408186e4bbccfd4996cb3dc -> 
  custom:framework-win-MediaFoundation: 216162199b28c13a410421893ffa2e32 -> 
  custom:scripting/monoscript/fileName/SkyboxRotator.cs: c122ade9e2d3a916264f47a45be02789 -> 
  custom:CustomObjectIndexerAttribute: 9a22284fe3817be447336de3de66b15e -> 
  custom:container-demuxer-webm: 4f35f7cbe854078d1ac9338744f61a02 -> 
  custom:scripting/monoscript/fileName/FPSWalkerEnhanced.cs: 83ef146d82d16e0154acb6ccb6ea706a -> 
  custom:container-muxer-webm: aa71ff27fc2769a1b78a27578f13a17b -> 
  custom:video-decoder-webm-vp8: 9c59270c3fd7afecdb556c50c9e8de78 -> 
  custom:SearchIndexIgnoredProperties: e643bd26f0fe6173181afceb89e7c659 -> 
  custom:scripting/monoscript/fileName/SkyboxChanger.cs: 27a9374ce1608ea6a343361af3aa7d38 -> 
  custom:AudioImporter_EditorPlatform: d09bf68614088b80899f8185d706f6e7 -> 
  custom:video-encoder-webm-vp8: eb34c28f22e8b96e1ab97ce403110664 -> 
  custom:scripting/monoscript/fileName/SmoothMouseLook.cs: e12fd67feef9d119daa060f2b0fae928 -> 
  custom:audio-decoder-ogg-vorbis: bf7c407c2cedff20999df2af8eb42d56 -> 
  custom:audio-encoder-webm-vorbis: bf7c407c2cedff20999df2af8eb42d56 -> 
========================================================================
Received Import Request.
  Time since last request: 560287.432100 seconds.
  path: Assets/Models
  artifactKey: Guid(0a22e29a4d67bab45a97234ddcbf58f1) Importer(815301076,1909f56bfc062723c751e8b465ee728b)
Start importing Assets/Models using Guid(0a22e29a4d67bab45a97234ddcbf58f1) Importer(815301076,1909f56bfc062723c751e8b465ee728b)  -> (artifact id: '7119fdce3c038c6f44b726b4ad0a78a6') in 0.002487 seconds
Number of updated asset objects reloaded before import = 0
Number of asset objects unloaded after import = 0
========================================================================
Received Import Request.
  Time since last request: 79.674272 seconds.
  path: Assets/Models/FBX format
  artifactKey: Guid(8708dbb4e5060a94fae9efa95bfa6dd7) Importer(815301076,1909f56bfc062723c751e8b465ee728b)
Start importing Assets/Models/FBX format using Guid(8708dbb4e5060a94fae9efa95bfa6dd7) Importer(815301076,1909f56bfc062723c751e8b465ee728b)  -> (artifact id: '4aefe21b4c563a7367f8939d44580316') in 0.000477 seconds
Number of updated asset objects reloaded before import = 0
Number of asset objects unloaded after import = 0
========================================================================
Received Import Request.
  Time since last request: 0.123112 seconds.
  path: Assets/Models/FBX format/bed.fbx
  artifactKey: Guid(da58ff716701b7d4a835d3b6d2855ba3) Importer(815301076,1909f56bfc062723c751e8b465ee728b)
Start importing Assets/Models/FBX format/bed.fbx using Guid(da58ff716701b7d4a835d3b6d2855ba3) Importer(815301076,1909f56bfc062723c751e8b465ee728b)  -> (artifact id: '79db11e9b0df7df10b9cfebfb3539a29') in 0.085558 seconds
Number of updated asset objects reloaded before import = 0
Number of asset objects unloaded after import = 10
========================================================================
Received Import Request.
  Time since last request: 0.000016 seconds.
  path: Assets/Models/FBX format/crop_pumpkin.fbx
  artifactKey: Guid(0e08d6568adbe4c478586e60102492ae) Importer(815301076,1909f56bfc062723c751e8b465ee728b)
Start importing Assets/Models/FBX format/crop_pumpkin.fbx using Guid(0e08d6568adbe4c478586e60102492ae) Importer(815301076,1909f56bfc062723c751e8b465ee728b)  -> (artifact id: '8f0590f040b3c90ed2563354c28add00') in 0.010006 seconds
Number of updated asset objects reloaded before import = 0
Number of asset objects unloaded after import = 9
========================================================================
Received Import Request.
  Time since last request: 0.000018 seconds.
  path: Assets/Models/FBX format/cliff_blockSlope_stone.fbx
  artifactKey: Guid(bea601dcee7edba41b30a54f407783a3) Importer(815301076,1909f56bfc062723c751e8b465ee728b)
Start importing Assets/Models/FBX format/cliff_blockSlope_stone.fbx using Guid(bea601dcee7edba41b30a54f407783a3) Importer(815301076,1909f56bfc062723c751e8b465ee728b)  -> (artifact id: 'ef9a0546c02c0cc97ed170d87bdfcc6a') in 0.010530 seconds
Number of updated asset objects reloaded before import = 0
Number of asset objects unloaded after import = 9
========================================================================
Received Import Request.
  Time since last request: 0.000012 seconds.
  path: Assets/Models/FBX format/cliff_cornerTop_stone.fbx
  artifactKey: Guid(86cdbfcfaf5cdb54b8c763abf0e9284e) Importer(815301076,1909f56bfc062723c751e8b465ee728b)
Start importing Assets/Models/FBX format/cliff_cornerTop_stone.fbx using Guid(86cdbfcfaf5cdb54b8c763abf0e9284e) Importer(815301076,1909f56bfc062723c751e8b465ee728b)  -> (artifact id: '64316d2a23c812bc7105a843744747e2') in 0.009739 seconds
Number of updated asset objects reloaded before import = 0
Number of asset objects unloaded after import = 9
========================================================================
Received Import Request.
  Time since last request: 0.000013 seconds.
  path: Assets/Models/FBX format/cliff_blockSlope_rock.fbx
  artifactKey: Guid(c2b13615f08bcb947bd1278d55ac985c) Importer(815301076,1909f56bfc062723c751e8b465ee728b)
Start importing Assets/Models/FBX format/cliff_blockSlope_rock.fbx using Guid(c2b13615f08bcb947bd1278d55ac985c) Importer(815301076,1909f56bfc062723c751e8b465ee728b)  -> (artifact id: 'd6acddeea6b67a7d872c2bee93b3b287') in 0.009895 seconds
Number of updated asset objects reloaded before import = 0
Number of asset objects unloaded after import = 9
========================================================================
Received Import Request.
  Time since last request: 0.000013 seconds.
  path: Assets/Models/FBX format/crop_melon.fbx
  artifactKey: Guid(13f628013ffc6c94e989d6c1f63dcee4) Importer(815301076,1909f56bfc062723c751e8b465ee728b)
Start importing Assets/Models/FBX format/crop_melon.fbx using Guid(13f628013ffc6c94e989d6c1f63dcee4) Importer(815301076,1909f56bfc062723c751e8b465ee728b)  -> (artifact id: 'd84568be2efa20a8c0b6ff11e99e056c') in 0.012412 seconds
Number of updated asset objects reloaded before import = 0
Number of asset objects unloaded after import = 10
========================================================================
Received Import Request.
  Time since last request: 0.000012 seconds.
  path: Assets/Models/FBX format/cliff_stepsCornerInner_stone.fbx
  artifactKey: Guid(8ce5df0184282e54abcf96592873c274) Importer(815301076,1909f56bfc062723c751e8b465ee728b)
Start importing Assets/Models/FBX format/cliff_stepsCornerInner_stone.fbx using Guid(8ce5df0184282e54abcf96592873c274) Importer(815301076,1909f56bfc062723c751e8b465ee728b)  -> (artifact id: '65b963a386b28bcf7d4aee253458fc59') in 0.009788 seconds
Number of updated asset objects reloaded before import = 0
Number of asset objects unloaded after import = 9
========================================================================
Received Import Request.
  Time since last request: 0.000011 seconds.
  path: Assets/Models/FBX format/cliff_diagonal_rock.fbx
  artifactKey: Guid(3445bd8bdeedeec48bc02142f0056294) Importer(815301076,1909f56bfc062723c751e8b465ee728b)
Start importing Assets/Models/FBX format/cliff_diagonal_rock.fbx using Guid(3445bd8bdeedeec48bc02142f0056294) Importer(815301076,1909f56bfc062723c751e8b465ee728b)  -> (artifact id: 'dcdde0900146cdaaca1459f4a69b82f8') in 0.007347 seconds
Number of updated asset objects reloaded before import = 0
Number of asset objects unloaded after import = 8
========================================================================
Received Import Request.
  Time since last request: 0.000009 seconds.
  path: Assets/Models/FBX format/cactus_tall.fbx
  artifactKey: Guid(143c7330fb4cd0144b72e4ab4a454fbe) Importer(815301076,1909f56bfc062723c751e8b465ee728b)
Start importing Assets/Models/FBX format/cactus_tall.fbx using Guid(143c7330fb4cd0144b72e4ab4a454fbe) Importer(815301076,1909f56bfc062723c751e8b465ee728b)  -> (artifact id: '481ebb709e1fb2d3b061b72779893b6d') in 0.008235 seconds
Number of updated asset objects reloaded before import = 0
Number of asset objects unloaded after import = 8
========================================================================
Received Import Request.
  Time since last request: 0.000011 seconds.
  path: Assets/Models/FBX format/bridge_woodNarrow.fbx
  artifactKey: Guid(bafa26718b6024943927b2f8de488301) Importer(815301076,1909f56bfc062723c751e8b465ee728b)
Start importing Assets/Models/FBX format/bridge_woodNarrow.fbx using Guid(bafa26718b6024943927b2f8de488301) Importer(815301076,1909f56bfc062723c751e8b465ee728b)  -> (artifact id: 'b1f4bad3cc29254c3c0e389bcf789b3f') in 0.011970 seconds
Number of updated asset objects reloaded before import = 0
Number of asset objects unloaded after import = 10
========================================================================
Received Import Request.
  Time since last request: 0.000012 seconds.
  path: Assets/Models/FBX format/crop_turnip.fbx
  artifactKey: Guid(e6b165f250dccc74c94c315bead82962) Importer(815301076,1909f56bfc062723c751e8b465ee728b)
Start importing Assets/Models/FBX format/crop_turnip.fbx using Guid(e6b165f250dccc74c94c315bead82962) Importer(815301076,1909f56bfc062723c751e8b465ee728b)  -> (artifact id: '9e366275f2cbfe3a1ac6fd56b4856534') in 0.012645 seconds
Number of updated asset objects reloaded before import = 0
Number of asset objects unloaded after import = 9
========================================================================
Received Import Request.
  Time since last request: 0.000008 seconds.
  path: Assets/Models/FBX format/cliff_blockSlopeHalfWalls_stone.fbx
  artifactKey: Guid(686af5c8938934b489858ce0f79ede8c) Importer(815301076,1909f56bfc062723c751e8b465ee728b)
Start importing Assets/Models/FBX format/cliff_blockSlopeHalfWalls_stone.fbx using Guid(686af5c8938934b489858ce0f79ede8c) Importer(815301076,1909f56bfc062723c751e8b465ee728b)  -> (artifact id: 'fc981d98bb96ea7dec0307be5c31b1d0') in 0.009751 seconds
Number of updated asset objects reloaded before import = 0
Number of asset objects unloaded after import = 9
========================================================================
Received Import Request.
  Time since last request: 0.000012 seconds.
  path: Assets/Models/FBX format/bridge_stoneNarrow.fbx
  artifactKey: Guid(29ade5cedccdb1e4292ab75decf13ea9) Importer(815301076,1909f56bfc062723c751e8b465ee728b)
Start importing Assets/Models/FBX format/bridge_stoneNarrow.fbx using Guid(29ade5cedccdb1e4292ab75decf13ea9) Importer(815301076,1909f56bfc062723c751e8b465ee728b)  -> (artifact id: '1ad4c8906b545b0b6b57fb74063da0ce') in 0.008968 seconds
Number of updated asset objects reloaded before import = 0
Number of asset objects unloaded after import = 9
========================================================================
Received Import Request.
  Time since last request: 0.000010 seconds.
  path: Assets/Models/FBX format/campfire_planks.fbx
  artifactKey: Guid(f19729b091c5f324b85e905c11706fa8) Importer(815301076,1909f56bfc062723c751e8b465ee728b)
Start importing Assets/Models/FBX format/campfire_planks.fbx using Guid(f19729b091c5f324b85e905c11706fa8) Importer(815301076,1909f56bfc062723c751e8b465ee728b)  -> (artifact id: '677b7eb26a0fc8b8af4c96f952a75956') in 0.008229 seconds
Number of updated asset objects reloaded before import = 0
Number of asset objects unloaded after import = 8
========================================================================
Received Import Request.
  Time since last request: 0.000012 seconds.
  path: Assets/Models/FBX format/bridge_side_stone.fbx
  artifactKey: Guid(9579501f046a35040b9ca70c6a504a5e) Importer(815301076,1909f56bfc062723c751e8b465ee728b)
Start importing Assets/Models/FBX format/bridge_side_stone.fbx using Guid(9579501f046a35040b9ca70c6a504a5e) Importer(815301076,1909f56bfc062723c751e8b465ee728b)  -> (artifact id: '9bc21a4076197f88a8f4851cc9652eb7') in 0.009735 seconds
Number of updated asset objects reloaded before import = 0
Number of asset objects unloaded after import = 9
========================================================================
Received Import Request.
  Time since last request: 0.000011 seconds.
  path: Assets/Models/FBX format/cliff_blockSlopeWalls_stone.fbx
  artifactKey: Guid(1a498200b3d34e1489b099e50dbadf92) Importer(815301076,1909f56bfc062723c751e8b465ee728b)
Start importing Assets/Models/FBX format/cliff_blockSlopeWalls_stone.fbx using Guid(1a498200b3d34e1489b099e50dbadf92) Importer(815301076,1909f56bfc062723c751e8b465ee728b)  -> (artifact id: '9024ba6479d3107d465d993b65f6edb5') in 0.009887 seconds
Number of updated asset objects reloaded before import = 0
Number of asset objects unloaded after import = 9
========================================================================
Received Import Request.
  Time since last request: 0.000011 seconds.
  path: Assets/Models/FBX format/bridge_center_wood.fbx
  artifactKey: Guid(e88bf892792fc0946bbfb361dacf3d22) Importer(815301076,1909f56bfc062723c751e8b465ee728b)
Start importing Assets/Models/FBX format/bridge_center_wood.fbx using Guid(e88bf892792fc0946bbfb361dacf3d22) Importer(815301076,1909f56bfc062723c751e8b465ee728b)  -> (artifact id: 'a432027fe26659b2681e0da8167f449f') in 0.012030 seconds
Number of updated asset objects reloaded before import = 0
Number of asset objects unloaded after import = 10
========================================================================
Received Import Request.
  Time since last request: 0.000012 seconds.
  path: Assets/Models/FBX format/cliff_blockCave_rock.fbx
  artifactKey: Guid(04436365d3a73ea45a6c9c3bac11c72f) Importer(815301076,1909f56bfc062723c751e8b465ee728b)
Start importing Assets/Models/FBX format/cliff_blockCave_rock.fbx using Guid(04436365d3a73ea45a6c9c3bac11c72f) Importer(815301076,1909f56bfc062723c751e8b465ee728b)  -> (artifact id: '363884ec6ed3d605225d315f0a1b9b16') in 0.009360 seconds
Number of updated asset objects reloaded before import = 0
Number of asset objects unloaded after import = 9
========================================================================
Received Import Request.
  Time since last request: 0.000012 seconds.
  path: Assets/Models/FBX format/crops_wheatStageA.fbx
  artifactKey: Guid(3ac6ec5192b3fab44bca8dfe96a63461) Importer(815301076,1909f56bfc062723c751e8b465ee728b)
Start importing Assets/Models/FBX format/crops_wheatStageA.fbx using Guid(3ac6ec5192b3fab44bca8dfe96a63461) Importer(815301076,1909f56bfc062723c751e8b465ee728b)  -> (artifact id: '0d7c28c79e12a49f85305023711448e8') in 0.009582 seconds
Number of updated asset objects reloaded before import = 0
Number of asset objects unloaded after import = 8
========================================================================
Received Import Request.
  Time since last request: 0.000011 seconds.
  path: Assets/Models/FBX format/crops_dirtRowCorner.fbx
  artifactKey: Guid(c517ce27ae915d046abfdb6c636982b5) Importer(815301076,1909f56bfc062723c751e8b465ee728b)
Start importing Assets/Models/FBX format/crops_dirtRowCorner.fbx using Guid(c517ce27ae915d046abfdb6c636982b5) Importer(815301076,1909f56bfc062723c751e8b465ee728b)  -> (artifact id: 'a0d9ea75dba3ec1de0304357817f7900') in 0.009451 seconds
Number of updated asset objects reloaded before import = 0
Number of asset objects unloaded after import = 9
========================================================================
Received Import Request.
  Time since last request: 0.000011 seconds.
  path: Assets/Models/FBX format/cliff_cave_rock.fbx
  artifactKey: Guid(0ee98b711d869df429133e201d81c392) Importer(815301076,1909f56bfc062723c751e8b465ee728b)
Start importing Assets/Models/FBX format/cliff_cave_rock.fbx using Guid(0ee98b711d869df429133e201d81c392) Importer(815301076,1909f56bfc062723c751e8b465ee728b)  -> (artifact id: '10231f23b6f2beefd071894228e7354c') in 0.007562 seconds
Number of updated asset objects reloaded before import = 0
Number of asset objects unloaded after import = 8
========================================================================
Received Import Request.
  Time since last request: 0.000011 seconds.
  path: Assets/Models/FBX format/cliff_cornerInnerTop_stone.fbx
  artifactKey: Guid(8e0fafc36e0317541a87c24a8f444452) Importer(815301076,1909f56bfc062723c751e8b465ee728b)
Start importing Assets/Models/FBX format/cliff_cornerInnerTop_stone.fbx using Guid(8e0fafc36e0317541a87c24a8f444452) Importer(815301076,1909f56bfc062723c751e8b465ee728b)  -> (artifact id: '3d0ff35d8bbfca0065692e822f637302') in 0.010021 seconds
Number of updated asset objects reloaded before import = 0
Number of asset objects unloaded after import = 9
========================================================================
Received Import Request.
  Time since last request: 0.000014 seconds.
  path: Assets/Models/FBX format/bridge_stoneRoundNarrow.fbx
  artifactKey: Guid(5e88b8cce77f421498c439cc2bbf1e12) Importer(815301076,1909f56bfc062723c751e8b465ee728b)
Start importing Assets/Models/FBX format/bridge_stoneRoundNarrow.fbx using Guid(5e88b8cce77f421498c439cc2bbf1e12) Importer(815301076,1909f56bfc062723c751e8b465ee728b)  -> (artifact id: '1367f8c427858d2f6330b4bc7459190c') in 0.013158 seconds
Number of updated asset objects reloaded before import = 0
Number of asset objects unloaded after import = 9
========================================================================
Received Import Request.
  Time since last request: 0.000020 seconds.
  path: Assets/Models/FBX format/cliff_corner_rock.fbx
  artifactKey: Guid(ec6edb4d11265af4eb224c54254efaf9) Importer(815301076,1909f56bfc062723c751e8b465ee728b)
Start importing Assets/Models/FBX format/cliff_corner_rock.fbx using Guid(ec6edb4d11265af4eb224c54254efaf9) Importer(815301076,1909f56bfc062723c751e8b465ee728b)  -> (artifact id: 'b9a7fde4d910258d18f26a79e65e00f0') in 0.008082 seconds
Number of updated asset objects reloaded before import = 0
Number of asset objects unloaded after import = 8
========================================================================
Received Import Request.
  Time since last request: 0.000011 seconds.
  path: Assets/Models/FBX format/crops_dirtRow.fbx
  artifactKey: Guid(b524bebf64a444145aea4e580444fc0e) Importer(815301076,1909f56bfc062723c751e8b465ee728b)
Start importing Assets/Models/FBX format/crops_dirtRow.fbx using Guid(b524bebf64a444145aea4e580444fc0e) Importer(815301076,1909f56bfc062723c751e8b465ee728b)  -> (artifact id: '272e767338caa071c6bf42e15f48185f') in 0.011674 seconds
Number of updated asset objects reloaded before import = 0
Number of asset objects unloaded after import = 9
========================================================================
Received Import Request.
  Time since last request: 0.000015 seconds.
  path: Assets/Models/FBX format/cliff_stepsCorner_rock.fbx
  artifactKey: Guid(2e8b5aead824129428f001c7fe920bee) Importer(815301076,1909f56bfc062723c751e8b465ee728b)
Start importing Assets/Models/FBX format/cliff_stepsCorner_rock.fbx using Guid(2e8b5aead824129428f001c7fe920bee) Importer(815301076,1909f56bfc062723c751e8b465ee728b)  -> (artifact id: '9d16109c6d5aecd860c4241ee8283a6a') in 0.010141 seconds
Number of updated asset objects reloaded before import = 0
Number of asset objects unloaded after import = 9
========================================================================
Received Import Request.
  Time since last request: 0.000011 seconds.
  path: Assets/Models/FBX format/cliff_diagonal_stone.fbx
  artifactKey: Guid(d1f07fb3c92156c4d9dadbea7f4a80d8) Importer(815301076,1909f56bfc062723c751e8b465ee728b)
Start importing Assets/Models/FBX format/cliff_diagonal_stone.fbx using Guid(d1f07fb3c92156c4d9dadbea7f4a80d8) Importer(815301076,1909f56bfc062723c751e8b465ee728b)  -> (artifact id: '70955be4cb23fa73410ff00a5c1c4230') in 0.007830 seconds
Number of updated asset objects reloaded before import = 0
Number of asset objects unloaded after import = 8
========================================================================
Received Import Request.
  Time since last request: 0.000014 seconds.
  path: Assets/Models/FBX format/crops_bambooStageB.fbx
  artifactKey: Guid(3673787164cca2b4a83ac8f5afc2df21) Importer(815301076,1909f56bfc062723c751e8b465ee728b)
Start importing Assets/Models/FBX format/crops_bambooStageB.fbx using Guid(3673787164cca2b4a83ac8f5afc2df21) Importer(815301076,1909f56bfc062723c751e8b465ee728b)  -> (artifact id: '0ff3d3cbf76ae33dd6c8809a7b2fe2b0') in 0.008606 seconds
Number of updated asset objects reloaded before import = 0
Number of asset objects unloaded after import = 8
========================================================================
Received Import Request.
  Time since last request: 0.000012 seconds.
  path: Assets/Models/FBX format/bridge_stone.fbx
  artifactKey: Guid(2d7a2c4a9f9f8fa4b980cf0bd9d0846b) Importer(815301076,1909f56bfc062723c751e8b465ee728b)
Start importing Assets/Models/FBX format/bridge_stone.fbx using Guid(2d7a2c4a9f9f8fa4b980cf0bd9d0846b) Importer(815301076,1909f56bfc062723c751e8b465ee728b)  -> (artifact id: 'd434069f747cb3a1ff3c8a60d6fbbdd7') in 0.011566 seconds
Number of updated asset objects reloaded before import = 0
Number of asset objects unloaded after import = 9
========================================================================
Received Import Request.
  Time since last request: 0.000024 seconds.
  path: Assets/Models/FBX format/cliff_halfCornerInner_rock.fbx
  artifactKey: Guid(c787675340a056747908c84615da409d) Importer(815301076,1909f56bfc062723c751e8b465ee728b)
Start importing Assets/Models/FBX format/cliff_halfCornerInner_rock.fbx using Guid(c787675340a056747908c84615da409d) Importer(815301076,1909f56bfc062723c751e8b465ee728b)  -> (artifact id: 'a0cecf33067812048b50271d6015e793') in 0.013320 seconds
Number of updated asset objects reloaded before import = 0
Number of asset objects unloaded after import = 10
========================================================================
Received Import Request.
  Time since last request: 0.000012 seconds.
  path: Assets/Models/FBX format/cliff_blockHalf_stone.fbx
  artifactKey: Guid(5f0bef7306711074f9334c671d49e092) Importer(815301076,1909f56bfc062723c751e8b465ee728b)
Start importing Assets/Models/FBX format/cliff_blockHalf_stone.fbx using Guid(5f0bef7306711074f9334c671d49e092) Importer(815301076,1909f56bfc062723c751e8b465ee728b)  -> (artifact id: '6906548539931f2ac713577204ff8d2e') in 0.009991 seconds
Number of updated asset objects reloaded before import = 0
Number of asset objects unloaded after import = 9
========================================================================
Received Import Request.
  Time since last request: 0.000011 seconds.
  path: Assets/Models/FBX format/bridge_center_woodRound.fbx
  artifactKey: Guid(8268f45c4d7498d4cb4489417485f4a3) Importer(815301076,1909f56bfc062723c751e8b465ee728b)
Start importing Assets/Models/FBX format/bridge_center_woodRound.fbx using Guid(8268f45c4d7498d4cb4489417485f4a3) Importer(815301076,1909f56bfc062723c751e8b465ee728b)  -> (artifact id: '4d7369d6ee598d02a1907113861cc951') in 0.015303 seconds
Number of updated asset objects reloaded before import = 0
Number of asset objects unloaded after import = 11
========================================================================
Received Import Request.
  Time since last request: 0.000014 seconds.
  path: Assets/Models/FBX format/cliff_waterfallTop_stone.fbx
  artifactKey: Guid(fd38d60fccff66640a859b52cd2f11f2) Importer(815301076,1909f56bfc062723c751e8b465ee728b)
Start importing Assets/Models/FBX format/cliff_waterfallTop_stone.fbx using Guid(fd38d60fccff66640a859b52cd2f11f2) Importer(815301076,1909f56bfc062723c751e8b465ee728b)  -> (artifact id: '93025892c8e8e3f025aa85ebf5b947da') in 0.019728 seconds
Number of updated asset objects reloaded before import = 0
Number of asset objects unloaded after import = 13
========================================================================
Received Import Request.
  Time since last request: 0.000010 seconds.
  path: Assets/Models/FBX format/cliff_waterfall_stone.fbx
  artifactKey: Guid(e6d4dd01133e6cb4ca85dd231462cc08) Importer(815301076,1909f56bfc062723c751e8b465ee728b)
Start importing Assets/Models/FBX format/cliff_waterfall_stone.fbx using Guid(e6d4dd01133e6cb4ca85dd231462cc08) Importer(815301076,1909f56bfc062723c751e8b465ee728b)  -> (artifact id: '5c1617ad12706d4c152ef1f51618380e') in 0.012795 seconds
Number of updated asset objects reloaded before import = 0
Number of asset objects unloaded after import = 9
========================================================================
Received Import Request.
  Time since last request: 0.000013 seconds.
  path: Assets/Models/FBX format/canoe.fbx
  artifactKey: Guid(8de1cf237928dc443bf97148e5ab742a) Importer(815301076,1909f56bfc062723c751e8b465ee728b)
Start importing Assets/Models/FBX format/canoe.fbx using Guid(8de1cf237928dc443bf97148e5ab742a) Importer(815301076,1909f56bfc062723c751e8b465ee728b)  -> (artifact id: '4ed83349d5a3f23fb6bc295c3b838f54') in 0.011106 seconds
Number of updated asset objects reloaded before import = 0
Number of asset objects unloaded after import = 9
========================================================================
Received Import Request.
  Time since last request: 0.000009 seconds.
  path: Assets/Models/FBX format/cliff_cave_stone.fbx
  artifactKey: Guid(7d57531d97091c94dacd182e0eb3571c) Importer(815301076,1909f56bfc062723c751e8b465ee728b)
Start importing Assets/Models/FBX format/cliff_cave_stone.fbx using Guid(7d57531d97091c94dacd182e0eb3571c) Importer(815301076,1909f56bfc062723c751e8b465ee728b)  -> (artifact id: '7de84056e6afd6373ddd8793c18869f9') in 0.007582 seconds
Number of updated asset objects reloaded before import = 0
Number of asset objects unloaded after import = 8
========================================================================
Received Import Request.
  Time since last request: 0.000017 seconds.
  path: Assets/Models/FBX format/cliff_stepsCornerInner_rock.fbx
  artifactKey: Guid(600e59a2488a8fc4ca01018d05da1690) Importer(815301076,1909f56bfc062723c751e8b465ee728b)
Start importing Assets/Models/FBX format/cliff_stepsCornerInner_rock.fbx using Guid(600e59a2488a8fc4ca01018d05da1690) Importer(815301076,1909f56bfc062723c751e8b465ee728b)  -> (artifact id: 'eb9da1e785a6a2fad288c5609896c560') in 0.010280 seconds
Number of updated asset objects reloaded before import = 0
Number of asset objects unloaded after import = 9
========================================================================
Received Import Request.
  Time since last request: 0.000008 seconds.
  path: Assets/Models/FBX format/crops_cornStageD.fbx
  artifactKey: Guid(70314b09b9389c3449a8bc565f53d529) Importer(815301076,1909f56bfc062723c751e8b465ee728b)
Start importing Assets/Models/FBX format/crops_cornStageD.fbx using Guid(70314b09b9389c3449a8bc565f53d529) Importer(815301076,1909f56bfc062723c751e8b465ee728b)  -> (artifact id: 'e9c7dc8956cfb769eb4b8127a0ad6f51') in 0.026100 seconds
Number of updated asset objects reloaded before import = 0
Number of asset objects unloaded after import = 29
========================================================================
Received Import Request.
  Time since last request: 0.000011 seconds.
  path: Assets/Models/FBX format/cliff_stepsCorner_stone.fbx
  artifactKey: Guid(83e05dcf3fc10084394f5560b8f80def) Importer(815301076,1909f56bfc062723c751e8b465ee728b)
Start importing Assets/Models/FBX format/cliff_stepsCorner_stone.fbx using Guid(83e05dcf3fc10084394f5560b8f80def) Importer(815301076,1909f56bfc062723c751e8b465ee728b)  -> (artifact id: '1b6fc95b004d90e15cc7cafc0a6fac1a') in 0.009735 seconds
Number of updated asset objects reloaded before import = 0
Number of asset objects unloaded after import = 9
========================================================================
Received Import Request.
  Time since last request: 0.000011 seconds.
  path: Assets/Models/FBX format/crops_dirtSingle.fbx
  artifactKey: Guid(12768f5c8b373424781eccf50bf56042) Importer(815301076,1909f56bfc062723c751e8b465ee728b)
Start importing Assets/Models/FBX format/crops_dirtSingle.fbx using Guid(12768f5c8b373424781eccf50bf56042) Importer(815301076,1909f56bfc062723c751e8b465ee728b)  -> (artifact id: '4b3fc237fd9718e3548be3ec14765b0c') in 0.009279 seconds
Number of updated asset objects reloaded before import = 0
Number of asset objects unloaded after import = 9
========================================================================
Received Import Request.
  Time since last request: 0.000017 seconds.
  path: Assets/Models/FBX format/cliff_blockDiagonal_rock.fbx
  artifactKey: Guid(728a09f80396c7b40aae414ea937ae4f) Importer(815301076,1909f56bfc062723c751e8b465ee728b)
Start importing Assets/Models/FBX format/cliff_blockDiagonal_rock.fbx using Guid(728a09f80396c7b40aae414ea937ae4f) Importer(815301076,1909f56bfc062723c751e8b465ee728b)  -> (artifact id: '98f4ac2ce769e20ecfdf29302451fd6c') in 0.010296 seconds
Number of updated asset objects reloaded before import = 0
Number of asset objects unloaded after import = 9
========================================================================
Received Import Request.
  Time since last request: 0.000014 seconds.
  path: Assets/Models/FBX format/crops_wheatStageB.fbx
  artifactKey: Guid(dff9e5c735efffa4aaac272e6228974c) Importer(815301076,1909f56bfc062723c751e8b465ee728b)
Start importing Assets/Models/FBX format/crops_wheatStageB.fbx using Guid(dff9e5c735efffa4aaac272e6228974c) Importer(815301076,1909f56bfc062723c751e8b465ee728b)  -> (artifact id: '1cfb5cbc6d90128a9ada6bce16ffa01e') in 0.009703 seconds
Number of updated asset objects reloaded before import = 0
Number of asset objects unloaded after import = 9
========================================================================
Received Import Request.
  Time since last request: 0.000010 seconds.
  path: Assets/Models/FBX format/cliff_blockSlopeHalfWalls_rock.fbx
  artifactKey: Guid(a589f765b23aee148877c963ea243e07) Importer(815301076,1909f56bfc062723c751e8b465ee728b)
Start importing Assets/Models/FBX format/cliff_blockSlopeHalfWalls_rock.fbx using Guid(a589f765b23aee148877c963ea243e07) Importer(815301076,1909f56bfc062723c751e8b465ee728b)  -> (artifact id: 'de2036a0e435c02d3da1f07f2a9fe189') in 0.010755 seconds
Number of updated asset objects reloaded before import = 0
Number of asset objects unloaded after import = 9
========================================================================
Received Import Request.
  Time since last request: 0.000012 seconds.
  path: Assets/Models/FBX format/cliff_blockHalf_rock.fbx
  artifactKey: Guid(769f7d86c9bf3ff47bb2451a76aede83) Importer(815301076,1909f56bfc062723c751e8b465ee728b)
Start importing Assets/Models/FBX format/cliff_blockHalf_rock.fbx using Guid(769f7d86c9bf3ff47bb2451a76aede83) Importer(815301076,1909f56bfc062723c751e8b465ee728b)  -> (artifact id: '57bdf0889303372203e38351b47a451a') in 0.010261 seconds
Number of updated asset objects reloaded before import = 0
Number of asset objects unloaded after import = 9
========================================================================
Received Import Request.
  Time since last request: 0.000010 seconds.
  path: Assets/Models/FBX format/cliff_cornerInner_rock.fbx
  artifactKey: Guid(eaa6525684781e44ba048017a1b6e43e) Importer(815301076,1909f56bfc062723c751e8b465ee728b)
Start importing Assets/Models/FBX format/cliff_cornerInner_rock.fbx using Guid(eaa6525684781e44ba048017a1b6e43e) Importer(815301076,1909f56bfc062723c751e8b465ee728b)  -> (artifact id: '152a31bd6315c8d09897c9f974057c19') in 0.007904 seconds
Number of updated asset objects reloaded before import = 0
Number of asset objects unloaded after import = 8
========================================================================
Received Import Request.
  Time since last request: 0.000011 seconds.
  path: Assets/Models/FBX format/cliff_topDiagonal_stone.fbx
  artifactKey: Guid(d963b2dba62fe73408953eadc42c7e25) Importer(815301076,1909f56bfc062723c751e8b465ee728b)
Start importing Assets/Models/FBX format/cliff_topDiagonal_stone.fbx using Guid(d963b2dba62fe73408953eadc42c7e25) Importer(815301076,1909f56bfc062723c751e8b465ee728b)  -> (artifact id: '129f307de8129dfe44f2d6691247516b') in 0.009961 seconds
Number of updated asset objects reloaded before import = 0
Number of asset objects unloaded after import = 9
========================================================================
Received Import Request.
  Time since last request: 0.000010 seconds.
  path: Assets/Models/FBX format/cliff_halfCorner_stone.fbx
  artifactKey: Guid(c1ce22a85c5ebd141b3bba2d4836fd00) Importer(815301076,1909f56bfc062723c751e8b465ee728b)
Start importing Assets/Models/FBX format/cliff_halfCorner_stone.fbx using Guid(c1ce22a85c5ebd141b3bba2d4836fd00) Importer(815301076,1909f56bfc062723c751e8b465ee728b)  -> (artifact id: 'a3de54f29ba9d87b9c849e5eb5fcfacf') in 0.009643 seconds
Number of updated asset objects reloaded before import = 0
Number of asset objects unloaded after import = 9
========================================================================
Received Import Request.
  Time since last request: 0.000011 seconds.
  path: Assets/Models/FBX format/crops_dirtDoubleRow.fbx
  artifactKey: Guid(2e7b9ac77e6d48440b98a7ff979a779e) Importer(815301076,1909f56bfc062723c751e8b465ee728b)
Start importing Assets/Models/FBX format/crops_dirtDoubleRow.fbx using Guid(2e7b9ac77e6d48440b98a7ff979a779e) Importer(815301076,1909f56bfc062723c751e8b465ee728b)  -> (artifact id: '2846748be469cc47c1c847a8d282a610') in 0.010469 seconds
Number of updated asset objects reloaded before import = 0
Number of asset objects unloaded after import = 9
========================================================================
Received Import Request.
  Time since last request: 0.000013 seconds.
  path: Assets/Models/FBX format/campfire_bricks.fbx
  artifactKey: Guid(91f7f27c66adb914dab1649795596f33) Importer(815301076,1909f56bfc062723c751e8b465ee728b)
Start importing Assets/Models/FBX format/campfire_bricks.fbx using Guid(91f7f27c66adb914dab1649795596f33) Importer(815301076,1909f56bfc062723c751e8b465ee728b)  -> (artifact id: '078b00bc927de479d48a22d0e6badced') in 0.007733 seconds
Number of updated asset objects reloaded before import = 0
Number of asset objects unloaded after import = 8
========================================================================
Received Import Request.
  Time since last request: 0.000012 seconds.
  path: Assets/Models/FBX format/cliff_blockCave_stone.fbx
  artifactKey: Guid(ce2edd874aab0d34a8c3e8a85640e66e) Importer(815301076,1909f56bfc062723c751e8b465ee728b)
Start importing Assets/Models/FBX format/cliff_blockCave_stone.fbx using Guid(ce2edd874aab0d34a8c3e8a85640e66e) Importer(815301076,1909f56bfc062723c751e8b465ee728b)  -> (artifact id: 'f6bbd9f1b56eb109dc8bf9dbc5ccdb5c') in 0.010126 seconds
Number of updated asset objects reloaded before import = 0
Number of asset objects unloaded after import = 9
========================================================================
Received Import Request.
  Time since last request: 0.000010 seconds.
  path: Assets/Models/FBX format/cliff_cornerInnerLarge_stone.fbx
  artifactKey: Guid(4cd09d7e8ebe1184cab591ff74260d86) Importer(815301076,1909f56bfc062723c751e8b465ee728b)
Start importing Assets/Models/FBX format/cliff_cornerInnerLarge_stone.fbx using Guid(4cd09d7e8ebe1184cab591ff74260d86) Importer(815301076,1909f56bfc062723c751e8b465ee728b)  -> (artifact id: 'e5a76a0cf4ff6aeed47a991274746d4b') in 0.008318 seconds
Number of updated asset objects reloaded before import = 0
Number of asset objects unloaded after import = 8
========================================================================
Received Import Request.
  Time since last request: 0.000010 seconds.
  path: Assets/Models/FBX format/fence_bend.fbx
  artifactKey: Guid(c2c17640230838e40950b17e249bf106) Importer(815301076,1909f56bfc062723c751e8b465ee728b)
Start importing Assets/Models/FBX format/fence_bend.fbx using Guid(c2c17640230838e40950b17e249bf106) Importer(815301076,1909f56bfc062723c751e8b465ee728b)  -> (artifact id: 'a2406cc29fb48bb6d618038272c1ae12') in 0.010131 seconds
Number of updated asset objects reloaded before import = 0
Number of asset objects unloaded after import = 9
========================================================================
Received Import Request.
  Time since last request: 0.235673 seconds.
  path: Assets/Models/FBX format/fence_gate.fbx
  artifactKey: Guid(127b605fe4b046e48b84d8638b365a48) Importer(815301076,1909f56bfc062723c751e8b465ee728b)
Start importing Assets/Models/FBX format/fence_gate.fbx using Guid(127b605fe4b046e48b84d8638b365a48) Importer(815301076,1909f56bfc062723c751e8b465ee728b)  -> (artifact id: '4dbdfa04d4b6064c6037386f70ae8f72') in 0.015448 seconds
Number of updated asset objects reloaded before import = 0
Number of asset objects unloaded after import = 15
========================================================================
Received Import Request.
  Time since last request: 0.003808 seconds.
  path: Assets/Models/FBX format/fence_simpleCenter.fbx
  artifactKey: Guid(01e41c3cd9c79c24584c04ee03cc12a3) Importer(815301076,1909f56bfc062723c751e8b465ee728b)
Start importing Assets/Models/FBX format/fence_simpleCenter.fbx using Guid(01e41c3cd9c79c24584c04ee03cc12a3) Importer(815301076,1909f56bfc062723c751e8b465ee728b)  -> (artifact id: '5468905354461d8522ec1522e3177598') in 0.008984 seconds
Number of updated asset objects reloaded before import = 0
Number of asset objects unloaded after import = 9
========================================================================
Received Import Request.
  Time since last request: 0.041233 seconds.
  path: Assets/Models/FBX format/fence_simpleDiagonalCenter.fbx
  artifactKey: Guid(ee610730355b34641a09f9a85696bfd7) Importer(815301076,1909f56bfc062723c751e8b465ee728b)
Start importing Assets/Models/FBX format/fence_simpleDiagonalCenter.fbx using Guid(ee610730355b34641a09f9a85696bfd7) Importer(815301076,1909f56bfc062723c751e8b465ee728b)  -> (artifact id: '591bb402e3ffd2c2af2c2f1dc0395ca4') in 0.012834 seconds
Number of updated asset objects reloaded before import = 0
Number of asset objects unloaded after import = 10
========================================================================
Received Import Request.
  Time since last request: 0.000010 seconds.
  path: Assets/Models/FBX format/ground_pathTile.fbx
  artifactKey: Guid(5ffcd230e056dca44ae8ba92a7207d80) Importer(815301076,1909f56bfc062723c751e8b465ee728b)
Start importing Assets/Models/FBX format/ground_pathTile.fbx using Guid(5ffcd230e056dca44ae8ba92a7207d80) Importer(815301076,1909f56bfc062723c751e8b465ee728b)  -> (artifact id: '070f49fef78eecfc370d6f7c922d64e9') in 0.012354 seconds
Number of updated asset objects reloaded before import = 0
Number of asset objects unloaded after import = 10
========================================================================
Received Import Request.
  Time since last request: 0.000015 seconds.
  path: Assets/Models/FBX format/ground_pathRocks.fbx
  artifactKey: Guid(a1959d107a8b8f943b55796831e0bb6a) Importer(815301076,1909f56bfc062723c751e8b465ee728b)
Start importing Assets/Models/FBX format/ground_pathRocks.fbx using Guid(a1959d107a8b8f943b55796831e0bb6a) Importer(815301076,1909f56bfc062723c751e8b465ee728b)  -> (artifact id: '71ba4dc7204d1542d3dd3ac244ddaf1b') in 0.012766 seconds
Number of updated asset objects reloaded before import = 0
Number of asset objects unloaded after import = 10
========================================================================
Received Import Request.
  Time since last request: 0.000010 seconds.
  path: Assets/Models/FBX format/ground_riverStraight.fbx
  artifactKey: Guid(fed7b8dab41d98a4795617aa38e5a8d2) Importer(815301076,1909f56bfc062723c751e8b465ee728b)
Start importing Assets/Models/FBX format/ground_riverStraight.fbx using Guid(fed7b8dab41d98a4795617aa38e5a8d2) Importer(815301076,1909f56bfc062723c751e8b465ee728b)  -> (artifact id: '4a557ac8cf0cd8bdda13d8562b7612bd') in 0.013854 seconds
Number of updated asset objects reloaded before import = 0
Number of asset objects unloaded after import = 11
========================================================================
Received Import Request.
  Time since last request: 0.000012 seconds.
  path: Assets/Models/FBX format/ground_riverSplit.fbx
  artifactKey: Guid(d260519f90d603a49b3c599a843de320) Importer(815301076,1909f56bfc062723c751e8b465ee728b)
Start importing Assets/Models/FBX format/ground_riverSplit.fbx using Guid(d260519f90d603a49b3c599a843de320) Importer(815301076,1909f56bfc062723c751e8b465ee728b)  -> (artifact id: '10867fc9ae3c5527218c3993b5d6bbb4') in 0.014036 seconds
Number of updated asset objects reloaded before import = 0
Number of asset objects unloaded after import = 11
========================================================================
Received Import Request.
  Time since last request: 0.000011 seconds.
  path: Assets/Models/FBX format/log_stack.fbx
  artifactKey: Guid(15193fd1f8f522147b6dab6b7888649b) Importer(815301076,1909f56bfc062723c751e8b465ee728b)
Start importing Assets/Models/FBX format/log_stack.fbx using Guid(15193fd1f8f522147b6dab6b7888649b) Importer(815301076,1909f56bfc062723c751e8b465ee728b)  -> (artifact id: '780b91c2653c16e72fda94fa3bfb678b') in 0.010817 seconds
Number of updated asset objects reloaded before import = 0
Number of asset objects unloaded after import = 9
========================================================================
Received Import Request.
  Time since last request: 0.000011 seconds.
  path: Assets/Models/FBX format/lily_large.fbx
  artifactKey: Guid(3bceb96d0d965f64f8696c8277a645ca) Importer(815301076,1909f56bfc062723c751e8b465ee728b)
Start importing Assets/Models/FBX format/lily_large.fbx using Guid(3bceb96d0d965f64f8696c8277a645ca) Importer(815301076,1909f56bfc062723c751e8b465ee728b)  -> (artifact id: '0c5623429339e9ce968c6d784ee5d260') in 0.012966 seconds
Number of updated asset objects reloaded before import = 0
Number of asset objects unloaded after import = 10
========================================================================
Received Import Request.
  Time since last request: 0.000010 seconds.
  path: Assets/Models/FBX format/ground_riverEnd.fbx
  artifactKey: Guid(ddf85b2ce0dd35842aed08abdd1b75e2) Importer(815301076,1909f56bfc062723c751e8b465ee728b)
Start importing Assets/Models/FBX format/ground_riverEnd.fbx using Guid(ddf85b2ce0dd35842aed08abdd1b75e2) Importer(815301076,1909f56bfc062723c751e8b465ee728b)  -> (artifact id: '308a7a20a2c5dffec09f41827e649b7a') in 0.015339 seconds
Number of updated asset objects reloaded before import = 0
Number of asset objects unloaded after import = 11
========================================================================
Received Import Request.
  Time since last request: 0.000012 seconds.
  path: Assets/Models/FBX format/ground_pathSideOpen.fbx
  artifactKey: Guid(5aaf1a0a15649c1418ef84a0627e2d16) Importer(815301076,1909f56bfc062723c751e8b465ee728b)
Start importing Assets/Models/FBX format/ground_pathSideOpen.fbx using Guid(5aaf1a0a15649c1418ef84a0627e2d16) Importer(815301076,1909f56bfc062723c751e8b465ee728b)  -> (artifact id: '5f776a97a2fc253a12561a3926b7a6c2') in 0.012511 seconds
Number of updated asset objects reloaded before import = 0
Number of asset objects unloaded after import = 10
========================================================================
Received Import Request.
  Time since last request: 0.000012 seconds.
  path: Assets/Models/FBX format/ground_riverBendBank.fbx
  artifactKey: Guid(32314fe8847e20d469e2cd8e82b51036) Importer(815301076,1909f56bfc062723c751e8b465ee728b)
Start importing Assets/Models/FBX format/ground_riverBendBank.fbx using Guid(32314fe8847e20d469e2cd8e82b51036) Importer(815301076,1909f56bfc062723c751e8b465ee728b)  -> (artifact id: 'c482a884465707763043ead29be4ca16') in 0.014004 seconds
Number of updated asset objects reloaded before import = 0
Number of asset objects unloaded after import = 11
========================================================================
Received Import Request.
  Time since last request: 0.000013 seconds.
  path: Assets/Models/FBX format/ground_riverEndClosed.fbx
  artifactKey: Guid(8424f489fd938a34eb3b02ec0fef4736) Importer(815301076,1909f56bfc062723c751e8b465ee728b)
Start importing Assets/Models/FBX format/ground_riverEndClosed.fbx using Guid(8424f489fd938a34eb3b02ec0fef4736) Importer(815301076,1909f56bfc062723c751e8b465ee728b)  -> (artifact id: '0fb0c6cf967be1a1b6b717ec63e1eb81') in 0.015389 seconds
Number of updated asset objects reloaded before import = 0
Number of asset objects unloaded after import = 11
========================================================================
Received Import Request.
  Time since last request: 0.000014 seconds.
  path: Assets/Models/FBX format/ground_pathCross.fbx
  artifactKey: Guid(56ebbfa1bb003544890abb7537ffdf5d) Importer(815301076,1909f56bfc062723c751e8b465ee728b)
Start importing Assets/Models/FBX format/ground_pathCross.fbx using Guid(56ebbfa1bb003544890abb7537ffdf5d) Importer(815301076,1909f56bfc062723c751e8b465ee728b)  -> (artifact id: '9b561d2489a2ef1aed3e9275b004a172') in 0.011487 seconds
Number of updated asset objects reloaded before import = 0
Number of asset objects unloaded after import = 10
========================================================================
Received Import Request.
  Time since last request: 0.000012 seconds.
  path: Assets/Models/FBX format/ground_riverCross.fbx
  artifactKey: Guid(9bcd6edc87476784fb6c802432baefff) Importer(815301076,1909f56bfc062723c751e8b465ee728b)
Start importing Assets/Models/FBX format/ground_riverCross.fbx using Guid(9bcd6edc87476784fb6c802432baefff) Importer(815301076,1909f56bfc062723c751e8b465ee728b)  -> (artifact id: '0a89928b6f6fb4a2c859d4f8a1568dcf') in 0.013961 seconds
Number of updated asset objects reloaded before import = 0
Number of asset objects unloaded after import = 11
========================================================================
Received Import Request.
  Time since last request: 0.000011 seconds.
  path: Assets/Models/FBX format/fence_simpleHigh.fbx
  artifactKey: Guid(d8514d72a15682243b0097c3276a69ff) Importer(815301076,1909f56bfc062723c751e8b465ee728b)
Start importing Assets/Models/FBX format/fence_simpleHigh.fbx using Guid(d8514d72a15682243b0097c3276a69ff) Importer(815301076,1909f56bfc062723c751e8b465ee728b)  -> (artifact id: '543d3f56b7dc56aa9df189ba425d8d3c') in 0.008551 seconds
Number of updated asset objects reloaded before import = 0
Number of asset objects unloaded after import = 8
========================================================================
Received Import Request.
  Time since last request: 0.000012 seconds.
  path: Assets/Models/FBX format/ground_pathCornerSmall.fbx
  artifactKey: Guid(dec9cac76ba57df45ba4713803f2dbd2) Importer(815301076,1909f56bfc062723c751e8b465ee728b)
Start importing Assets/Models/FBX format/ground_pathCornerSmall.fbx using Guid(dec9cac76ba57df45ba4713803f2dbd2) Importer(815301076,1909f56bfc062723c751e8b465ee728b)  -> (artifact id: '8d4200554585b301b8887b1f5d02ac2e') in 0.011973 seconds
Number of updated asset objects reloaded before import = 0
Number of asset objects unloaded after import = 10
========================================================================
Received Import Request.
  Time since last request: 0.000022 seconds.
  path: Assets/Models/FBX format/flower_yellowC.fbx
  artifactKey: Guid(7562a433b708452418e1a4fb6d71b003) Importer(815301076,1909f56bfc062723c751e8b465ee728b)
Start importing Assets/Models/FBX format/flower_yellowC.fbx using Guid(7562a433b708452418e1a4fb6d71b003) Importer(815301076,1909f56bfc062723c751e8b465ee728b)  -> (artifact id: '47acf7470251296d82a179fa306201af') in 0.012484 seconds
Number of updated asset objects reloaded before import = 0
Number of asset objects unloaded after import = 10
========================================================================
Received Import Request.
  Time since last request: 0.000015 seconds.
  path: Assets/Models/FBX format/log_stackLarge.fbx
  artifactKey: Guid(b1cc91fbfe69e8b42b60511175ba974c) Importer(815301076,1909f56bfc062723c751e8b465ee728b)
Start importing Assets/Models/FBX format/log_stackLarge.fbx using Guid(b1cc91fbfe69e8b42b60511175ba974c) Importer(815301076,1909f56bfc062723c751e8b465ee728b)  -> (artifact id: 'e25de0d3eb665c9edd9971cae3906e8c') in 0.012682 seconds
Number of updated asset objects reloaded before import = 0
Number of asset objects unloaded after import = 10
========================================================================
Received Import Request.
  Time since last request: 0.000009 seconds.
  path: Assets/Models/FBX format/grass_leafsLarge.fbx
  artifactKey: Guid(5bd897a0a2e1c954295c43fed2f28ed1) Importer(815301076,1909f56bfc062723c751e8b465ee728b)
Start importing Assets/Models/FBX format/grass_leafsLarge.fbx using Guid(5bd897a0a2e1c954295c43fed2f28ed1) Importer(815301076,1909f56bfc062723c751e8b465ee728b)  -> (artifact id: '4e4b935b06348ad30743e15d7670f9ce') in 0.007946 seconds
Number of updated asset objects reloaded before import = 0
Number of asset objects unloaded after import = 8
========================================================================
Received Import Request.
  Time since last request: 0.000012 seconds.
  path: Assets/Models/FBX format/flower_yellowA.fbx
  artifactKey: Guid(c5c34ef4a9b3ad34f8b17146a57620fb) Importer(815301076,1909f56bfc062723c751e8b465ee728b)
Start importing Assets/Models/FBX format/flower_yellowA.fbx using Guid(c5c34ef4a9b3ad34f8b17146a57620fb) Importer(815301076,1909f56bfc062723c751e8b465ee728b)  -> (artifact id: 'e66ecb07b7334451e5188b83c061041d') in 0.010287 seconds
Number of updated asset objects reloaded before import = 0
Number of asset objects unloaded after import = 9
========================================================================
Received Import Request.
  Time since last request: 0.000010 seconds.
  path: Assets/Models/FBX format/mushroom_red.fbx
  artifactKey: Guid(24e9845d74efd1947872b0ca1085559d) Importer(815301076,1909f56bfc062723c751e8b465ee728b)
Start importing Assets/Models/FBX format/mushroom_red.fbx using Guid(24e9845d74efd1947872b0ca1085559d) Importer(815301076,1909f56bfc062723c751e8b465ee728b)  -> (artifact id: '35f047102bf8c093856b7c5c08d6ae33') in 0.009599 seconds
Number of updated asset objects reloaded before import = 0
Number of asset objects unloaded after import = 9
========================================================================
Received Import Request.
  Time since last request: 0.000012 seconds.
  path: Assets/Models/FBX format/grass.fbx
  artifactKey: Guid(c64fd02bc6966b84a88c976a9ba76021) Importer(815301076,1909f56bfc062723c751e8b465ee728b)
Start importing Assets/Models/FBX format/grass.fbx using Guid(c64fd02bc6966b84a88c976a9ba76021) Importer(815301076,1909f56bfc062723c751e8b465ee728b)  -> (artifact id: 'd1a6a3c986a6c4ed227520ee3367319e') in 0.007909 seconds
Number of updated asset objects reloaded before import = 0
Number of asset objects unloaded after import = 8
========================================================================
Received Import Request.
  Time since last request: 0.000028 seconds.
  path: Assets/Models/FBX format/ground_riverRocks.fbx
  artifactKey: Guid(7125304d51289a34da671bdce9662357) Importer(815301076,1909f56bfc062723c751e8b465ee728b)
Start importing Assets/Models/FBX format/ground_riverRocks.fbx using Guid(7125304d51289a34da671bdce9662357) Importer(815301076,1909f56bfc062723c751e8b465ee728b)  -> (artifact id: '26c9982545548106a8c8dade07a10eca') in 0.016312 seconds
Number of updated asset objects reloaded before import = 0
Number of asset objects unloaded after import = 12
========================================================================
Received Import Request.
  Time since last request: 0.000011 seconds.
  path: Assets/Models/FBX format/ground_riverTile.fbx
  artifactKey: Guid(253056d19daa50d4d863b8115ce583a0) Importer(815301076,1909f56bfc062723c751e8b465ee728b)
Start importing Assets/Models/FBX format/ground_riverTile.fbx using Guid(253056d19daa50d4d863b8115ce583a0) Importer(815301076,1909f56bfc062723c751e8b465ee728b)  -> (artifact id: '224f5a882d40a48e5bb3a08f9bc1efa6') in 0.014599 seconds
Number of updated asset objects reloaded before import = 0
Number of asset objects unloaded after import = 11
========================================================================
Received Import Request.
  Time since last request: 0.000010 seconds.
  path: Assets/Models/FBX format/mushroom_tanGroup.fbx
  artifactKey: Guid(f883694c550afcf46bee95783be9659d) Importer(815301076,1909f56bfc062723c751e8b465ee728b)
Start importing Assets/Models/FBX format/mushroom_tanGroup.fbx using Guid(f883694c550afcf46bee95783be9659d) Importer(815301076,1909f56bfc062723c751e8b465ee728b)  -> (artifact id: 'd3ee1aafccca5a01f9a962d7baf48835') in 0.009900 seconds
Number of updated asset objects reloaded before import = 0
Number of asset objects unloaded after import = 9
========================================================================
Received Import Request.
  Time since last request: 0.000011 seconds.
  path: Assets/Models/FBX format/log_large.fbx
  artifactKey: Guid(1405e5283cc8cfd4ab4e2ff0c644ef07) Importer(815301076,1909f56bfc062723c751e8b465ee728b)
Start importing Assets/Models/FBX format/log_large.fbx using Guid(1405e5283cc8cfd4ab4e2ff0c644ef07) Importer(815301076,1909f56bfc062723c751e8b465ee728b)  -> (artifact id: 'a423a1488b50d1a53b670e91a2f163c4') in 0.010799 seconds
Number of updated asset objects reloaded before import = 0
Number of asset objects unloaded after import = 9
========================================================================
Received Import Request.
  Time since last request: 0.000010 seconds.
  path: Assets/Models/FBX format/mushroom_redTall.fbx
  artifactKey: Guid(2e31b84b7f2eb00408c7887e47cfa896) Importer(815301076,1909f56bfc062723c751e8b465ee728b)
Start importing Assets/Models/FBX format/mushroom_redTall.fbx using Guid(2e31b84b7f2eb00408c7887e47cfa896) Importer(815301076,1909f56bfc062723c751e8b465ee728b)  -> (artifact id: '46f1e727350d3a8cfb621769f532ef84') in 0.009796 seconds
Number of updated asset objects reloaded before import = 0
Number of asset objects unloaded after import = 9
========================================================================
Received Import Request.
  Time since last request: 0.000011 seconds.
  path: Assets/Models/FBX format/flower_yellowB.fbx
  artifactKey: Guid(ce5b88b3f4fc8b7448f03f623224dfe6) Importer(815301076,1909f56bfc062723c751e8b465ee728b)
Start importing Assets/Models/FBX format/flower_yellowB.fbx using Guid(ce5b88b3f4fc8b7448f03f623224dfe6) Importer(815301076,1909f56bfc062723c751e8b465ee728b)  -> (artifact id: 'c6f06b7184a7482c386af9df84636446') in 0.011052 seconds
Number of updated asset objects reloaded before import = 0
Number of asset objects unloaded after import = 9
========================================================================
Received Import Request.
  Time since last request: 0.000011 seconds.
  path: Assets/Models/FBX format/ground_riverBend.fbx
  artifactKey: Guid(9a2a3c308fefbf24fb69c8f82b170aba) Importer(815301076,1909f56bfc062723c751e8b465ee728b)
Start importing Assets/Models/FBX format/ground_riverBend.fbx using Guid(9a2a3c308fefbf24fb69c8f82b170aba) Importer(815301076,1909f56bfc062723c751e8b465ee728b)  -> (artifact id: '2ac46f5d3abb42a174b553118f469a76') in 0.014857 seconds
Number of updated asset objects reloaded before import = 0
Number of asset objects unloaded after import = 11
========================================================================
Received Import Request.
  Time since last request: 11.019504 seconds.
  path: Assets/Models/FBX format/path_stone.fbx
  artifactKey: Guid(67143ceafdde3074ea4ea0fd2bd7ddbf) Importer(815301076,1909f56bfc062723c751e8b465ee728b)
Start importing Assets/Models/FBX format/path_stone.fbx using Guid(67143ceafdde3074ea4ea0fd2bd7ddbf) Importer(815301076,1909f56bfc062723c751e8b465ee728b)  -> (artifact id: 'bb1e0d9d555d7a4c3363321e7700ff48') in 0.095097 seconds
Number of updated asset objects reloaded before import = 0
Number of asset objects unloaded after import = 10
========================================================================
Received Import Request.
  Time since last request: 0.000010 seconds.
  path: Assets/Models/FBX format/rock_smallFlatB.fbx
  artifactKey: Guid(58bfef3c92e283b4fa7e0968f74a194a) Importer(815301076,1909f56bfc062723c751e8b465ee728b)
Start importing Assets/Models/FBX format/rock_smallFlatB.fbx using Guid(58bfef3c92e283b4fa7e0968f74a194a) Importer(815301076,1909f56bfc062723c751e8b465ee728b)  -> (artifact id: 'c17d7ad9dc426e4a0faf6358c01c7d29') in 0.090352 seconds
Number of updated asset objects reloaded before import = 0
Number of asset objects unloaded after import = 9
========================================================================
Received Import Request.
  Time since last request: 0.000011 seconds.
  path: Assets/Models/FBX format/stone_smallI.fbx
  artifactKey: Guid(b8044a4433d4c2d4a9fb274c76033ad0) Importer(815301076,1909f56bfc062723c751e8b465ee728b)
Start importing Assets/Models/FBX format/stone_smallI.fbx using Guid(b8044a4433d4c2d4a9fb274c76033ad0) Importer(815301076,1909f56bfc062723c751e8b465ee728b)  -> (artifact id: '53920f6f786e00cf554f7baf10dca96d') in 0.036606 seconds
Number of updated asset objects reloaded before import = 0
Number of asset objects unloaded after import = 8
========================================================================
Received Import Request.
  Time since last request: 0.000013 seconds.
  path: Assets/Models/FBX format/plant_bush.fbx
  artifactKey: Guid(99450a997c18a414f850ec79c6b42bfc) Importer(815301076,1909f56bfc062723c751e8b465ee728b)
Start importing Assets/Models/FBX format/plant_bush.fbx using Guid(99450a997c18a414f850ec79c6b42bfc) Importer(815301076,1909f56bfc062723c751e8b465ee728b)  -> (artifact id: 'dc2f7970c641e565df20874275acd779') in 0.008900 seconds
Number of updated asset objects reloaded before import = 0
Number of asset objects unloaded after import = 8
========================================================================
Received Import Request.
  Time since last request: 0.000020 seconds.
  path: Assets/Models/FBX format/stone_smallFlatC.fbx
  artifactKey: Guid(f5e5eee3998d75840b2020d642291f48) Importer(815301076,1909f56bfc062723c751e8b465ee728b)
Start importing Assets/Models/FBX format/stone_smallFlatC.fbx using Guid(f5e5eee3998d75840b2020d642291f48) Importer(815301076,1909f56bfc062723c751e8b465ee728b)  -> (artifact id: '22c315e1ccc064d98258a718c4c3a4eb') in 0.009374 seconds
Number of updated asset objects reloaded before import = 0
Number of asset objects unloaded after import = 8
========================================================================
Received Import Request.
  Time since last request: 0.000015 seconds.
  path: Assets/Models/FBX format/stone_smallB.fbx
  artifactKey: Guid(10c0e556b7fe89348862aa71b7d751ef) Importer(815301076,1909f56bfc062723c751e8b465ee728b)
Start importing Assets/Models/FBX format/stone_smallB.fbx using Guid(10c0e556b7fe89348862aa71b7d751ef) Importer(815301076,1909f56bfc062723c751e8b465ee728b)  -> (artifact id: '60820b594a00961ecb73c10159b171f8') in 0.008500 seconds
Number of updated asset objects reloaded before import = 0
Number of asset objects unloaded after import = 8
========================================================================
Received Import Request.
  Time since last request: 0.000014 seconds.
  path: Assets/Models/FBX format/rock_tallB.fbx
  artifactKey: Guid(1c4fe75733fdf8b42988f37f00e9985d) Importer(815301076,1909f56bfc062723c751e8b465ee728b)
Start importing Assets/Models/FBX format/rock_tallB.fbx using Guid(1c4fe75733fdf8b42988f37f00e9985d) Importer(815301076,1909f56bfc062723c751e8b465ee728b)  -> (artifact id: 'f84a4ba70cb9a5b9c4431918052c9157') in 0.014122 seconds
Number of updated asset objects reloaded before import = 0
Number of asset objects unloaded after import = 10
========================================================================
Received Import Request.
  Time since last request: 0.000011 seconds.
  path: Assets/Models/FBX format/statue_block.fbx
  artifactKey: Guid(2abf677d418bec34385e5978b0e16a34) Importer(815301076,1909f56bfc062723c751e8b465ee728b)
Start importing Assets/Models/FBX format/statue_block.fbx using Guid(2abf677d418bec34385e5978b0e16a34) Importer(815301076,1909f56bfc062723c751e8b465ee728b)  -> (artifact id: 'cc73d8a98686b4ad26d553ae1f91b428') in 0.011603 seconds
Number of updated asset objects reloaded before import = 0
Number of asset objects unloaded after import = 9
========================================================================
Received Import Request.
  Time since last request: 0.000014 seconds.
  path: Assets/Models/FBX format/rock_smallA.fbx
  artifactKey: Guid(e262af403fe5d8546bc56192626afabe) Importer(815301076,1909f56bfc062723c751e8b465ee728b)
Start importing Assets/Models/FBX format/rock_smallA.fbx using Guid(e262af403fe5d8546bc56192626afabe) Importer(815301076,1909f56bfc062723c751e8b465ee728b)  -> (artifact id: '8766570d41a66f1c640f1ed2b8f248c1') in 0.010475 seconds
Number of updated asset objects reloaded before import = 0
Number of asset objects unloaded after import = 9
========================================================================
Received Import Request.
  Time since last request: 0.000012 seconds.
  path: Assets/Models/FBX format/rock_tallJ.fbx
  artifactKey: Guid(f4eb5260778cebb498875448700ef7a8) Importer(815301076,1909f56bfc062723c751e8b465ee728b)
Start importing Assets/Models/FBX format/rock_tallJ.fbx using Guid(f4eb5260778cebb498875448700ef7a8) Importer(815301076,1909f56bfc062723c751e8b465ee728b)  -> (artifact id: '05bad127e2f8c1142f0e1aa7bed86ffa') in 0.011570 seconds
Number of updated asset objects reloaded before import = 0
Number of asset objects unloaded after import = 10
========================================================================
Received Import Request.
  Time since last request: 0.000013 seconds.
  path: Assets/Models/FBX format/rock_tallG.fbx
  artifactKey: Guid(26c43f6898973164788ce365135cdc3b) Importer(815301076,1909f56bfc062723c751e8b465ee728b)
Start importing Assets/Models/FBX format/rock_tallG.fbx using Guid(26c43f6898973164788ce365135cdc3b) Importer(815301076,1909f56bfc062723c751e8b465ee728b)  -> (artifact id: '7aa0333e8874eb00d2a3b56716d556ff') in 0.012640 seconds
Number of updated asset objects reloaded before import = 0
Number of asset objects unloaded after import = 10
========================================================================
Received Import Request.
  Time since last request: 0.000011 seconds.
  path: Assets/Models/FBX format/plant_bushLargeTriangle.fbx
  artifactKey: Guid(194a3eb158c7e8949b2880af7066f0c8) Importer(815301076,1909f56bfc062723c751e8b465ee728b)
Start importing Assets/Models/FBX format/plant_bushLargeTriangle.fbx using Guid(194a3eb158c7e8949b2880af7066f0c8) Importer(815301076,1909f56bfc062723c751e8b465ee728b)  -> (artifact id: 'e08524b55a1f0338dce65f52a51d60cf') in 0.008145 seconds
Number of updated asset objects reloaded before import = 0
Number of asset objects unloaded after import = 8
========================================================================
Received Import Request.
  Time since last request: 0.000008 seconds.
  path: Assets/Models/FBX format/platform_stone.fbx
  artifactKey: Guid(77e0b7f0945389a4db0c79c5898744b0) Importer(815301076,1909f56bfc062723c751e8b465ee728b)
Start importing Assets/Models/FBX format/platform_stone.fbx using Guid(77e0b7f0945389a4db0c79c5898744b0) Importer(815301076,1909f56bfc062723c751e8b465ee728b)  -> (artifact id: '294417dfdbc0c83fbedfb851e50599b6') in 0.011548 seconds
Number of updated asset objects reloaded before import = 0
Number of asset objects unloaded after import = 9
========================================================================
Received Import Request.
  Time since last request: 0.000012 seconds.
  path: Assets/Models/FBX format/stone_smallA.fbx
  artifactKey: Guid(345c54fb97032ce48a775986fe6d5334) Importer(815301076,1909f56bfc062723c751e8b465ee728b)
Start importing Assets/Models/FBX format/stone_smallA.fbx using Guid(345c54fb97032ce48a775986fe6d5334) Importer(815301076,1909f56bfc062723c751e8b465ee728b)  -> (artifact id: '0290b9c1921f4b38b5b1b11381e24e45') in 0.008336 seconds
Number of updated asset objects reloaded before import = 0
Number of asset objects unloaded after import = 8
========================================================================
Received Import Request.
  Time since last request: 0.000010 seconds.
  path: Assets/Models/FBX format/stone_tallE.fbx
  artifactKey: Guid(04cf16eb6f33fd84cb6d54e5c72163e7) Importer(815301076,1909f56bfc062723c751e8b465ee728b)
Start importing Assets/Models/FBX format/stone_tallE.fbx using Guid(04cf16eb6f33fd84cb6d54e5c72163e7) Importer(815301076,1909f56bfc062723c751e8b465ee728b)  -> (artifact id: '15854963b5c9d700f6bf0d9fc31318c3') in 0.011237 seconds
Number of updated asset objects reloaded before import = 0
Number of asset objects unloaded after import = 9
========================================================================
Received Import Request.
  Time since last request: 0.138737 seconds.
  path: Assets/Models/FBX format/stone_tallH.fbx
  artifactKey: Guid(4da082d3977559f49823cbb73e62b61c) Importer(815301076,1909f56bfc062723c751e8b465ee728b)
Start importing Assets/Models/FBX format/stone_tallH.fbx using Guid(4da082d3977559f49823cbb73e62b61c) Importer(815301076,1909f56bfc062723c751e8b465ee728b)  -> (artifact id: '085665276cc872f8d84ad3226ac6d50d') in 0.009917 seconds
Number of updated asset objects reloaded before import = 0
Number of asset objects unloaded after import = 9
========================================================================
Received Import Request.
  Time since last request: 0.000010 seconds.
  path: Assets/Models/FBX format/stump_squareDetailedWide.fbx
  artifactKey: Guid(3af359a9d9bf6ed449fca3a59e1a2e29) Importer(815301076,1909f56bfc062723c751e8b465ee728b)
Start importing Assets/Models/FBX format/stump_squareDetailedWide.fbx using Guid(3af359a9d9bf6ed449fca3a59e1a2e29) Importer(815301076,1909f56bfc062723c751e8b465ee728b)  -> (artifact id: 'd4edb1c9f41fd662eb2e561c0bdeacdf') in 0.011841 seconds
Number of updated asset objects reloaded before import = 0
Number of asset objects unloaded after import = 9
========================================================================
Received Import Request.
  Time since last request: 0.000017 seconds.
  path: Assets/Models/FBX format/tree_cone_dark.fbx
  artifactKey: Guid(3b7ae5a4c7f9eda4c8039b1867f38252) Importer(815301076,1909f56bfc062723c751e8b465ee728b)
Start importing Assets/Models/FBX format/tree_cone_dark.fbx using Guid(3b7ae5a4c7f9eda4c8039b1867f38252) Importer(815301076,1909f56bfc062723c751e8b465ee728b)  -> (artifact id: '3ce54c8e1180bdb58cc4059308658493') in 0.010898 seconds
Number of updated asset objects reloaded before import = 0
Number of asset objects unloaded after import = 9
========================================================================
Received Import Request.
  Time since last request: 0.000012 seconds.
  path: Assets/Models/FBX format/tree_palmTall.fbx
  artifactKey: Guid(275cdb0ed7290c2408edbe92c9fdc14c) Importer(815301076,1909f56bfc062723c751e8b465ee728b)
Start importing Assets/Models/FBX format/tree_palmTall.fbx using Guid(275cdb0ed7290c2408edbe92c9fdc14c) Importer(815301076,1909f56bfc062723c751e8b465ee728b)  -> (artifact id: '53a85ce7d436ec3e6ed177d1d321b93b') in 0.011414 seconds
Number of updated asset objects reloaded before import = 0
Number of asset objects unloaded after import = 9
========================================================================
Received Import Request.
  Time since last request: 0.000011 seconds.
  path: Assets/Models/FBX format/tree_palmDetailedShort.fbx
  artifactKey: Guid(b157a01247fb3224fae10001cb854d4d) Importer(815301076,1909f56bfc062723c751e8b465ee728b)
Start importing Assets/Models/FBX format/tree_palmDetailedShort.fbx using Guid(b157a01247fb3224fae10001cb854d4d) Importer(815301076,1909f56bfc062723c751e8b465ee728b)  -> (artifact id: 'f3f7da8baebe0a6af2261d68cac25a35') in 0.019472 seconds
Number of updated asset objects reloaded before import = 0
Number of asset objects unloaded after import = 19
========================================================================
Received Import Request.
  Time since last request: 0.000010 seconds.
  path: Assets/Models/FBX format/tree_pineDefaultA.fbx
  artifactKey: Guid(1a1973af9b66f9e4ea744c827c8338ae) Importer(815301076,1909f56bfc062723c751e8b465ee728b)
Start importing Assets/Models/FBX format/tree_pineDefaultA.fbx using Guid(1a1973af9b66f9e4ea744c827c8338ae) Importer(815301076,1909f56bfc062723c751e8b465ee728b)  -> (artifact id: 'a0b4f03851722229e190842024ff4bfe') in 0.011732 seconds
Number of updated asset objects reloaded before import = 0
Number of asset objects unloaded after import = 9
========================================================================
Received Import Request.
  Time since last request: 0.000016 seconds.
  path: Assets/Models/FBX format/tree_palm.fbx
  artifactKey: Guid(622587d1040cdcf4e8bb7422702b778e) Importer(815301076,1909f56bfc062723c751e8b465ee728b)
Start importing Assets/Models/FBX format/tree_palm.fbx using Guid(622587d1040cdcf4e8bb7422702b778e) Importer(815301076,1909f56bfc062723c751e8b465ee728b)  -> (artifact id: '16b5688fec2121425e7739feca4b7997') in 0.011272 seconds
Number of updated asset objects reloaded before import = 0
Number of asset objects unloaded after import = 9
========================================================================
Received Import Request.
  Time since last request: 0.003617 seconds.
  path: Assets/Models/FBX format/tree_pineRoundA.fbx
  artifactKey: Guid(c560960748b3e0a4183bf9047e02f7f2) Importer(815301076,1909f56bfc062723c751e8b465ee728b)
Start importing Assets/Models/FBX format/tree_pineRoundA.fbx using Guid(c560960748b3e0a4183bf9047e02f7f2) Importer(815301076,1909f56bfc062723c751e8b465ee728b)  -> (artifact id: 'f187986eb555e6fcb5abc2c759875789') in 0.011180 seconds
Number of updated asset objects reloaded before import = 0
Number of asset objects unloaded after import = 9
========================================================================
Received Import Request.
  Time since last request: 0.000011 seconds.
  path: Assets/Models/FBX format/tree_pineSmallC.fbx
  artifactKey: Guid(9b7e9aeed92aa264f92f3aa92865a856) Importer(815301076,1909f56bfc062723c751e8b465ee728b)
Start importing Assets/Models/FBX format/tree_pineSmallC.fbx using Guid(9b7e9aeed92aa264f92f3aa92865a856) Importer(815301076,1909f56bfc062723c751e8b465ee728b)  -> (artifact id: '5dda16cdddc0c712693b64a3f390cc93') in 0.011956 seconds
Number of updated asset objects reloaded before import = 0
Number of asset objects unloaded after import = 9
========================================================================
Received Import Request.
  Time since last request: 0.000011 seconds.
  path: Assets/Models/FBX format/tree_plateau.fbx
  artifactKey: Guid(128f99ac3b044f4439a84a15160db022) Importer(815301076,1909f56bfc062723c751e8b465ee728b)
Start importing Assets/Models/FBX format/tree_plateau.fbx using Guid(128f99ac3b044f4439a84a15160db022) Importer(815301076,1909f56bfc062723c751e8b465ee728b)  -> (artifact id: '9d7ce850b54643c7e176428b0a622ead') in 0.011089 seconds
Number of updated asset objects reloaded before import = 0
Number of asset objects unloaded after import = 9
========================================================================
Received Import Request.
  Time since last request: 0.328437 seconds.
  path: Assets/Models/FBX format/tree_simple.fbx
  artifactKey: Guid(b29b6a2a5203d354c9b5c5dc8cedc7fa) Importer(815301076,1909f56bfc062723c751e8b465ee728b)
Start importing Assets/Models/FBX format/tree_simple.fbx using Guid(b29b6a2a5203d354c9b5c5dc8cedc7fa) Importer(815301076,1909f56bfc062723c751e8b465ee728b)  -> (artifact id: '39250d7d70a8b9ba4eed2e6e8ac19008') in 0.012807 seconds
Number of updated asset objects reloaded before import = 0
Number of asset objects unloaded after import = 9
========================================================================
Received Import Request.
  Time since last request: 0.000011 seconds.
  path: Assets/Models/FBX format/tree_tall_fall.fbx
  artifactKey: Guid(450a973fd19eda74da8d2e47fedda0bc) Importer(815301076,1909f56bfc062723c751e8b465ee728b)
Start importing Assets/Models/FBX format/tree_tall_fall.fbx using Guid(450a973fd19eda74da8d2e47fedda0bc) Importer(815301076,1909f56bfc062723c751e8b465ee728b)  -> (artifact id: '8c861def67435a43654b643093a2f2d8') in 0.012338 seconds
Number of updated asset objects reloaded before import = 0
Number of asset objects unloaded after import = 9
