Using pre-set license
Built from '2022.3/staging' branch; Version is '2022.3.24f1 (334eb2a0b267) revision 3362482'; Using compiler version '192829333'; Build Type 'Release'
OS: 'Windows 11  (10.0.22631) 64bit Core' Language: 'en' Physical Memory: 31887 MB
BatchMode: 1, IsHumanControllingUs: 0, StartBugReporterOnCrash: 0, Is64bit: 1, IsPro: 1

COMMAND LINE ARGUMENTS:
C:\Program Files\Unity\Hub\Editor\2022.3.24f1\Editor\Unity.exe
-adb2
-batchMode
-noUpm
-name
AssetImportWorker5
-projectPath
C:/Users/Lin/Unity Projects/atlas-unity/unity-assets_ui
-logFile
Logs/AssetImportWorker5.log
-srvPort
61183
Successfully changed project path to: C:/Users/Lin/Unity Projects/atlas-unity/unity-assets_ui
C:/Users/Lin/Unity Projects/atlas-unity/unity-assets_ui
[UnityMemory] Configuration Parameters - Can be set up in boot.config
    "memorysetup-bucket-allocator-granularity=16"
    "memorysetup-bucket-allocator-bucket-count=8"
    "memorysetup-bucket-allocator-block-size=33554432"
    "memorysetup-bucket-allocator-block-count=8"
    "memorysetup-main-allocator-block-size=16777216"
    "memorysetup-thread-allocator-block-size=16777216"
    "memorysetup-gfx-main-allocator-block-size=16777216"
    "memorysetup-gfx-thread-allocator-block-size=16777216"
    "memorysetup-cache-allocator-block-size=4194304"
    "memorysetup-typetree-allocator-block-size=2097152"
    "memorysetup-profiler-bucket-allocator-granularity=16"
    "memorysetup-profiler-bucket-allocator-bucket-count=8"
    "memorysetup-profiler-bucket-allocator-block-size=33554432"
    "memorysetup-profiler-bucket-allocator-block-count=8"
    "memorysetup-profiler-allocator-block-size=16777216"
    "memorysetup-profiler-editor-allocator-block-size=1048576"
    "memorysetup-temp-allocator-size-main=16777216"
    "memorysetup-job-temp-allocator-block-size=2097152"
    "memorysetup-job-temp-allocator-block-size-background=1048576"
    "memorysetup-job-temp-allocator-reduction-small-platforms=262144"
    "memorysetup-allocator-temp-initial-block-size-main=262144"
    "memorysetup-allocator-temp-initial-block-size-worker=262144"
    "memorysetup-temp-allocator-size-background-worker=32768"
    "memorysetup-temp-allocator-size-job-worker=262144"
    "memorysetup-temp-allocator-size-preload-manager=33554432"
    "memorysetup-temp-allocator-size-nav-mesh-worker=65536"
    "memorysetup-temp-allocator-size-audio-worker=65536"
    "memorysetup-temp-allocator-size-cloud-worker=32768"
    "memorysetup-temp-allocator-size-gi-baking-worker=262144"
    "memorysetup-temp-allocator-size-gfx=262144"
Player connection [83612] Host "[IP] 192.168.0.63 [Port] 0 [Flags] 2 [Guid] 3250786177 [EditorId] 3250786177 [Version] 1048832 [Id] WindowsEditor(7,Sage) [Debug] 1 [PackageName] WindowsEditor [ProjectName] Editor" joined multi-casting on [225.0.0.222:54997]...

Player connection [83612] Host "[IP] 192.168.0.63 [Port] 0 [Flags] 2 [Guid] 3250786177 [EditorId] 3250786177 [Version] 1048832 [Id] WindowsEditor(7,Sage) [Debug] 1 [PackageName] WindowsEditor [ProjectName] Editor" joined alternative multi-casting on [225.0.0.222:34997]...

[Physics::Module] Initialized MultithreadedJobDispatcher with 23 workers.
Refreshing native plugins compatible for Editor in 7.11 ms, found 3 plugins.
Preloading 0 native plugins for Editor in 0.00 ms.
Initialize engine version: 2022.3.24f1 (334eb2a0b267)
[Subsystems] Discovering subsystems at path C:/Program Files/Unity/Hub/Editor/2022.3.24f1/Editor/Data/Resources/UnitySubsystems
[Subsystems] Discovering subsystems at path C:/Users/Lin/Unity Projects/atlas-unity/unity-assets_ui/Assets
GfxDevice: creating device client; threaded=0; jobified=0
Direct3D:
    Version:  Direct3D 11.0 [level 11.1]
    Renderer: NVIDIA GeForce RTX 4080 (ID=0x2704)
    Vendor:   NVIDIA
    VRAM:     16050 MB
    Driver:   31.0.15.5222
Initialize mono
Mono path[0] = 'C:/Program Files/Unity/Hub/Editor/2022.3.24f1/Editor/Data/Managed'
Mono path[1] = 'C:/Program Files/Unity/Hub/Editor/2022.3.24f1/Editor/Data/MonoBleedingEdge/lib/mono/unityjit-win32'
Mono config path = 'C:/Program Files/Unity/Hub/Editor/2022.3.24f1/Editor/Data/MonoBleedingEdge/etc'
Using monoOptions --debugger-agent=transport=dt_socket,embedding=1,server=y,suspend=n,address=127.0.0.1:56016
Begin MonoManager ReloadAssembly
Registering precompiled unity dll's ...
Register platform support module: C:/Program Files/Unity/Hub/Editor/2022.3.24f1/Editor/Data/PlaybackEngines/WebGLSupport/UnityEditor.WebGL.Extensions.dll
Register platform support module: C:/Program Files/Unity/Hub/Editor/2022.3.24f1/Editor/Data/PlaybackEngines/MacStandaloneSupport/UnityEditor.OSXStandalone.Extensions.dll
Register platform support module: C:/Program Files/Unity/Hub/Editor/2022.3.24f1/Editor/Data/PlaybackEngines/WindowsStandaloneSupport/UnityEditor.WindowsStandalone.Extensions.dll
Register platform support module: C:/Program Files/Unity/Hub/Editor/2022.3.24f1/Editor/Data/PlaybackEngines/LinuxStandaloneSupport/UnityEditor.LinuxStandalone.Extensions.dll
Registered in 0.006975 seconds.
- Loaded All Assemblies, in  0.242 seconds
Native extension for LinuxStandalone target not found
Native extension for WindowsStandalone target not found
Native extension for OSXStandalone target not found
Native extension for WebGL target not found
Mono: successfully reloaded assembly
- Finished resetting the current domain, in  0.158 seconds
Domain Reload Profiling: 399ms
	BeginReloadAssembly (82ms)
		ExecutionOrderSort (0ms)
		DisableScriptedObjects (0ms)
		BackupInstance (0ms)
		ReleaseScriptingObjects (0ms)
		CreateAndSetChildDomain (0ms)
	RebuildCommonClasses (20ms)
	RebuildNativeTypeToScriptingClass (7ms)
	initialDomainReloadingComplete (38ms)
	LoadAllAssembliesAndSetupDomain (94ms)
		LoadAssemblies (82ms)
		RebuildTransferFunctionScriptingTraits (0ms)
		AnalyzeDomain (92ms)
			TypeCache.Refresh (91ms)
				TypeCache.ScanAssembly (81ms)
			ScanForSourceGeneratedMonoScriptInfo (0ms)
			ResolveRequiredComponents (0ms)
	FinalizeReload (158ms)
		ReleaseScriptCaches (0ms)
		RebuildScriptCaches (0ms)
		SetupLoadedEditorAssemblies (126ms)
			LogAssemblyErrors (0ms)
			InitializePlatformSupportModulesInManaged (10ms)
			SetLoadedEditorAssemblies (3ms)
			RefreshPlugins (0ms)
			BeforeProcessingInitializeOnLoad (1ms)
			ProcessInitializeOnLoadAttributes (80ms)
			ProcessInitializeOnLoadMethodAttributes (32ms)
			AfterProcessingInitializeOnLoad (0ms)
			EditorAssembliesLoaded (0ms)
		ExecutionOrderSort2 (0ms)
		AwakeInstancesAfterBackupRestoration (0ms)
========================================================================
Worker process is ready to serve import requests
Begin MonoManager ReloadAssembly
- Loaded All Assemblies, in  0.388 seconds
Refreshing native plugins compatible for Editor in 1.48 ms, found 3 plugins.
Native extension for LinuxStandalone target not found
Native extension for WindowsStandalone target not found
Native extension for OSXStandalone target not found
Native extension for WebGL target not found
Package Manager log level set to [2]
[Package Manager] Server::EnsureServerProcessIsRunning -- launch failed, reason: Unity was launched with the -noUpm command-line argument
[Package Manager] UpmClient::Send -- Unable to send message (not connected to UPM process).
[Package Manager] Cannot connect to Unity Package Manager local server
Mono: successfully reloaded assembly
- Finished resetting the current domain, in  0.333 seconds
Domain Reload Profiling: 720ms
	BeginReloadAssembly (94ms)
		ExecutionOrderSort (0ms)
		DisableScriptedObjects (3ms)
		BackupInstance (0ms)
		ReleaseScriptingObjects (0ms)
		CreateAndSetChildDomain (15ms)
	RebuildCommonClasses (29ms)
	RebuildNativeTypeToScriptingClass (7ms)
	initialDomainReloadingComplete (26ms)
	LoadAllAssembliesAndSetupDomain (232ms)
		LoadAssemblies (194ms)
		RebuildTransferFunctionScriptingTraits (0ms)
		AnalyzeDomain (95ms)
			TypeCache.Refresh (83ms)
				TypeCache.ScanAssembly (74ms)
			ScanForSourceGeneratedMonoScriptInfo (8ms)
			ResolveRequiredComponents (3ms)
	FinalizeReload (334ms)
		ReleaseScriptCaches (0ms)
		RebuildScriptCaches (0ms)
		SetupLoadedEditorAssemblies (255ms)
			LogAssemblyErrors (0ms)
			InitializePlatformSupportModulesInManaged (8ms)
			SetLoadedEditorAssemblies (2ms)
			RefreshPlugins (0ms)
			BeforeProcessingInitializeOnLoad (37ms)
			ProcessInitializeOnLoadAttributes (193ms)
			ProcessInitializeOnLoadMethodAttributes (11ms)
			AfterProcessingInitializeOnLoad (3ms)
			EditorAssembliesLoaded (0ms)
		ExecutionOrderSort2 (0ms)
		AwakeInstancesAfterBackupRestoration (3ms)
Launched and connected shader compiler UnityShaderCompiler.exe after 0.04 seconds
Refreshing native plugins compatible for Editor in 2.36 ms, found 3 plugins.
Preloading 0 native plugins for Editor in 0.00 ms.
Unloading 3274 Unused Serialized files (Serialized files now loaded: 0)
Unloading 45 unused Assets / (130.8 KB). Loaded Objects now: 3735.
Memory consumption went from 129.8 MB to 129.7 MB.
Total: 2.185000 ms (FindLiveObjects: 0.182000 ms CreateObjectMapping: 0.042500 ms MarkObjects: 1.874600 ms  DeleteObjects: 0.084900 ms)

AssetImportParameters requested are different than current active one (requested -> active):
  custom:container-demuxer-ogg: 62fdf1f143b41e24485cea50d1cbac27 -> 
  custom:video-codec-MediaFoundation-h265: 746d11721c4dcdbdad8f713fa42b33f4 -> 
  custom:video-decoder-ogg-theora: a1e56fd34408186e4bbccfd4996cb3dc -> 
  custom:framework-win-MediaFoundation: 216162199b28c13a410421893ffa2e32 -> 
  custom:scripting/monoscript/fileName/SkyboxRotator.cs: c122ade9e2d3a916264f47a45be02789 -> 
  custom:CustomObjectIndexerAttribute: 9a22284fe3817be447336de3de66b15e -> 
  custom:container-demuxer-webm: 4f35f7cbe854078d1ac9338744f61a02 -> 
  custom:scripting/monoscript/fileName/FPSWalkerEnhanced.cs: 83ef146d82d16e0154acb6ccb6ea706a -> 
  custom:container-muxer-webm: aa71ff27fc2769a1b78a27578f13a17b -> 
  custom:video-decoder-webm-vp8: 9c59270c3fd7afecdb556c50c9e8de78 -> 
  custom:SearchIndexIgnoredProperties: e643bd26f0fe6173181afceb89e7c659 -> 
  custom:scripting/monoscript/fileName/SkyboxChanger.cs: 27a9374ce1608ea6a343361af3aa7d38 -> 
  custom:AudioImporter_EditorPlatform: d09bf68614088b80899f8185d706f6e7 -> 
  custom:video-encoder-webm-vp8: eb34c28f22e8b96e1ab97ce403110664 -> 
  custom:scripting/monoscript/fileName/SmoothMouseLook.cs: e12fd67feef9d119daa060f2b0fae928 -> 
  custom:audio-decoder-ogg-vorbis: bf7c407c2cedff20999df2af8eb42d56 -> 
  custom:audio-encoder-webm-vorbis: bf7c407c2cedff20999df2af8eb42d56 -> 
========================================================================
Received Import Request.
  Time since last request: 560379.564748 seconds.
  path: Assets/Models/FBX format/path_wood.fbx
  artifactKey: Guid(215763b603b16f640a0c61bd483c0975) Importer(815301076,1909f56bfc062723c751e8b465ee728b)
Start importing Assets/Models/FBX format/path_wood.fbx using Guid(215763b603b16f640a0c61bd483c0975) Importer(815301076,1909f56bfc062723c751e8b465ee728b)  -> (artifact id: '650e4feaa11051bc2eef908078f92ca2') in 0.217654 seconds
Number of updated asset objects reloaded before import = 0
Number of asset objects unloaded after import = 9
========================================================================
Received Import Request.
  Time since last request: 0.000013 seconds.
  path: Assets/Models/FBX format/platform_beach.fbx
  artifactKey: Guid(65f3c2e8b1da42743af7e6e73f90a931) Importer(815301076,1909f56bfc062723c751e8b465ee728b)
Start importing Assets/Models/FBX format/platform_beach.fbx using Guid(65f3c2e8b1da42743af7e6e73f90a931) Importer(815301076,1909f56bfc062723c751e8b465ee728b)  -> (artifact id: '677c6d539d2d4d46c7b1f43095b21050') in 0.009069 seconds
Number of updated asset objects reloaded before import = 0
Number of asset objects unloaded after import = 8
========================================================================
Received Import Request.
  Time since last request: 0.000047 seconds.
  path: Assets/Models/FBX format/platform_grass.fbx
  artifactKey: Guid(cbc3b6acb9babb9489f207d155b39256) Importer(815301076,1909f56bfc062723c751e8b465ee728b)
Start importing Assets/Models/FBX format/platform_grass.fbx using Guid(cbc3b6acb9babb9489f207d155b39256) Importer(815301076,1909f56bfc062723c751e8b465ee728b)  -> (artifact id: 'acc12ceb3dfd13126b70a01cf0fc907a') in 0.013375 seconds
Number of updated asset objects reloaded before import = 0
Number of asset objects unloaded after import = 9
========================================================================
Received Import Request.
  Time since last request: 0.000009 seconds.
  path: Assets/Models/FBX format/rock_smallC.fbx
  artifactKey: Guid(4fab210efe269ab4b98f0186a76a3e2f) Importer(815301076,1909f56bfc062723c751e8b465ee728b)
Start importing Assets/Models/FBX format/rock_smallC.fbx using Guid(4fab210efe269ab4b98f0186a76a3e2f) Importer(815301076,1909f56bfc062723c751e8b465ee728b)  -> (artifact id: 'ecf1244666fec24f48991b11c568bd83') in 0.010819 seconds
Number of updated asset objects reloaded before import = 0
Number of asset objects unloaded after import = 9
========================================================================
Received Import Request.
  Time since last request: 0.000010 seconds.
  path: Assets/Models/FBX format/stone_smallTopA.fbx
  artifactKey: Guid(bb1ef1a6a3232f842ac0cc5b630b4585) Importer(815301076,1909f56bfc062723c751e8b465ee728b)
Start importing Assets/Models/FBX format/stone_smallTopA.fbx using Guid(bb1ef1a6a3232f842ac0cc5b630b4585) Importer(815301076,1909f56bfc062723c751e8b465ee728b)  -> (artifact id: 'adde9ad09d81ebea1fbe083efe5a6d09') in 0.008174 seconds
Number of updated asset objects reloaded before import = 0
Number of asset objects unloaded after import = 8
========================================================================
Received Import Request.
  Time since last request: 0.000009 seconds.
  path: Assets/Models/FBX format/rock_largeC.fbx
  artifactKey: Guid(41bc1096f09fb4e43952dd70dc722b5b) Importer(815301076,1909f56bfc062723c751e8b465ee728b)
Start importing Assets/Models/FBX format/rock_largeC.fbx using Guid(41bc1096f09fb4e43952dd70dc722b5b) Importer(815301076,1909f56bfc062723c751e8b465ee728b)  -> (artifact id: '37bf4c1fa0a915cb178d2534191b66f8') in 0.010686 seconds
Number of updated asset objects reloaded before import = 0
Number of asset objects unloaded after import = 9
========================================================================
Received Import Request.
  Time since last request: 0.000012 seconds.
  path: Assets/Models/FBX format/stone_smallF.fbx
  artifactKey: Guid(7b9cc9be0119b8b419ab97d725d10128) Importer(815301076,1909f56bfc062723c751e8b465ee728b)
Start importing Assets/Models/FBX format/stone_smallF.fbx using Guid(7b9cc9be0119b8b419ab97d725d10128) Importer(815301076,1909f56bfc062723c751e8b465ee728b)  -> (artifact id: '01b3a4de1e368b5f614a0def46ea41cc') in 0.008609 seconds
Number of updated asset objects reloaded before import = 0
Number of asset objects unloaded after import = 8
========================================================================
Received Import Request.
  Time since last request: 0.000012 seconds.
  path: Assets/Models/FBX format/stone_smallC.fbx
  artifactKey: Guid(5e0d0567c0895284394e667a1891c7eb) Importer(815301076,1909f56bfc062723c751e8b465ee728b)
Start importing Assets/Models/FBX format/stone_smallC.fbx using Guid(5e0d0567c0895284394e667a1891c7eb) Importer(815301076,1909f56bfc062723c751e8b465ee728b)  -> (artifact id: 'ae1fe9b2b752483a554febc86b23e425') in 0.008439 seconds
Number of updated asset objects reloaded before import = 0
Number of asset objects unloaded after import = 8
========================================================================
Received Import Request.
  Time since last request: 0.000011 seconds.
  path: Assets/Models/FBX format/rock_tallE.fbx
  artifactKey: Guid(c4223785962057f42932a3dace7f23ec) Importer(815301076,1909f56bfc062723c751e8b465ee728b)
Start importing Assets/Models/FBX format/rock_tallE.fbx using Guid(c4223785962057f42932a3dace7f23ec) Importer(815301076,1909f56bfc062723c751e8b465ee728b)  -> (artifact id: '3a3d20a8b393692d9ad9684f096b5c74') in 0.014355 seconds
Number of updated asset objects reloaded before import = 0
Number of asset objects unloaded after import = 10
========================================================================
Received Import Request.
  Time since last request: 0.000011 seconds.
  path: Assets/Models/FBX format/rock_smallD.fbx
  artifactKey: Guid(a972dfdf90cd53f45a52cf725937597d) Importer(815301076,1909f56bfc062723c751e8b465ee728b)
Start importing Assets/Models/FBX format/rock_smallD.fbx using Guid(a972dfdf90cd53f45a52cf725937597d) Importer(815301076,1909f56bfc062723c751e8b465ee728b)  -> (artifact id: 'afdfc078911e3fbc7bdeaa6706262413') in 0.010556 seconds
Number of updated asset objects reloaded before import = 0
Number of asset objects unloaded after import = 9
========================================================================
Received Import Request.
  Time since last request: 0.000014 seconds.
  path: Assets/Models/FBX format/plant_bushSmall.fbx
  artifactKey: Guid(7363fc962e600fe468da0c457ad90b35) Importer(815301076,1909f56bfc062723c751e8b465ee728b)
Start importing Assets/Models/FBX format/plant_bushSmall.fbx using Guid(7363fc962e600fe468da0c457ad90b35) Importer(815301076,1909f56bfc062723c751e8b465ee728b)  -> (artifact id: 'cfd269696b6ea9605cf3452fb87bab10') in 0.008096 seconds
Number of updated asset objects reloaded before import = 0
Number of asset objects unloaded after import = 8
========================================================================
Received Import Request.
  Time since last request: 0.000010 seconds.
  path: Assets/Models/FBX format/rock_tallD.fbx
  artifactKey: Guid(769f585391d838c4380e6fe456e1a248) Importer(815301076,1909f56bfc062723c751e8b465ee728b)
Start importing Assets/Models/FBX format/rock_tallD.fbx using Guid(769f585391d838c4380e6fe456e1a248) Importer(815301076,1909f56bfc062723c751e8b465ee728b)  -> (artifact id: 'df0af7fcee2564c779debef1c889f8ec') in 0.013258 seconds
Number of updated asset objects reloaded before import = 0
Number of asset objects unloaded after import = 10
========================================================================
Received Import Request.
  Time since last request: 0.000010 seconds.
  path: Assets/Models/FBX format/rock_smallB.fbx
  artifactKey: Guid(8c3fa20c43c9f5c4aadc7b7e7f30a7ca) Importer(815301076,1909f56bfc062723c751e8b465ee728b)
Start importing Assets/Models/FBX format/rock_smallB.fbx using Guid(8c3fa20c43c9f5c4aadc7b7e7f30a7ca) Importer(815301076,1909f56bfc062723c751e8b465ee728b)  -> (artifact id: 'fb683235175fc7ba01f6cb9c297ff04a') in 0.011286 seconds
Number of updated asset objects reloaded before import = 0
Number of asset objects unloaded after import = 9
========================================================================
Received Import Request.
  Time since last request: 0.000009 seconds.
  path: Assets/Models/FBX format/rock_tallH.fbx
  artifactKey: Guid(7f1f7a6835c17d14dbc6309623dacd41) Importer(815301076,1909f56bfc062723c751e8b465ee728b)
Start importing Assets/Models/FBX format/rock_tallH.fbx using Guid(7f1f7a6835c17d14dbc6309623dacd41) Importer(815301076,1909f56bfc062723c751e8b465ee728b)  -> (artifact id: 'bd68d2347c289cfbd10c88516d538acc') in 0.012994 seconds
Number of updated asset objects reloaded before import = 0
Number of asset objects unloaded after import = 10
========================================================================
Received Import Request.
  Time since last request: 0.129469 seconds.
  path: Assets/Models/FBX format/stump_oldTall.fbx
  artifactKey: Guid(e0f4b9d700f834a4790fb30909447de1) Importer(815301076,1909f56bfc062723c751e8b465ee728b)
Start importing Assets/Models/FBX format/stump_oldTall.fbx using Guid(e0f4b9d700f834a4790fb30909447de1) Importer(815301076,1909f56bfc062723c751e8b465ee728b)  -> (artifact id: 'ffb533c8da70797384c6690399b2a446') in 0.009431 seconds
Number of updated asset objects reloaded before import = 0
Number of asset objects unloaded after import = 8
========================================================================
Received Import Request.
  Time since last request: 0.000009 seconds.
  path: Assets/Models/FBX format/stump_round.fbx
  artifactKey: Guid(e41ef5ed450d9eb4fbb92aa7ad91226a) Importer(815301076,1909f56bfc062723c751e8b465ee728b)
Start importing Assets/Models/FBX format/stump_round.fbx using Guid(e41ef5ed450d9eb4fbb92aa7ad91226a) Importer(815301076,1909f56bfc062723c751e8b465ee728b)  -> (artifact id: 'ffe43350d6d3e1a8ecf782aea602464a') in 0.009789 seconds
Number of updated asset objects reloaded before import = 0
Number of asset objects unloaded after import = 9
========================================================================
Received Import Request.
  Time since last request: 0.000011 seconds.
  path: Assets/Models/FBX format/stump_roundDetailed.fbx
  artifactKey: Guid(f60af00be6d8d8140bf2b78ce18dff43) Importer(815301076,1909f56bfc062723c751e8b465ee728b)
Start importing Assets/Models/FBX format/stump_roundDetailed.fbx using Guid(f60af00be6d8d8140bf2b78ce18dff43) Importer(815301076,1909f56bfc062723c751e8b465ee728b)  -> (artifact id: '70f3878fa01358cce50f13f0a38d2161') in 0.010940 seconds
Number of updated asset objects reloaded before import = 0
Number of asset objects unloaded after import = 9
========================================================================
Received Import Request.
  Time since last request: 0.000011 seconds.
  path: Assets/Models/FBX format/tree_detailed.fbx
  artifactKey: Guid(1517ff36bdd56b94fb03036e9a04b04e) Importer(815301076,1909f56bfc062723c751e8b465ee728b)
Start importing Assets/Models/FBX format/tree_detailed.fbx using Guid(1517ff36bdd56b94fb03036e9a04b04e) Importer(815301076,1909f56bfc062723c751e8b465ee728b)  -> (artifact id: '6fb2e57d5d68a0aae83ca8e2d11a8276') in 0.013432 seconds
Number of updated asset objects reloaded before import = 0
Number of asset objects unloaded after import = 10
========================================================================
Received Import Request.
  Time since last request: 0.000015 seconds.
  path: Assets/Models/FBX format/tree_palmDetailedTall.fbx
  artifactKey: Guid(43f2ca3dd92151946b018d0a5e630376) Importer(815301076,1909f56bfc062723c751e8b465ee728b)
Start importing Assets/Models/FBX format/tree_palmDetailedTall.fbx using Guid(43f2ca3dd92151946b018d0a5e630376) Importer(815301076,1909f56bfc062723c751e8b465ee728b)  -> (artifact id: 'f935a647a09fc1ff7593492c79cd49a9') in 0.021484 seconds
Number of updated asset objects reloaded before import = 0
Number of asset objects unloaded after import = 19
========================================================================
Received Import Request.
  Time since last request: 0.000034 seconds.
  path: Assets/Models/FBX format/tree_oak.fbx
  artifactKey: Guid(348be91e5681e7541aaecaadfb0d0acd) Importer(815301076,1909f56bfc062723c751e8b465ee728b)
Start importing Assets/Models/FBX format/tree_oak.fbx using Guid(348be91e5681e7541aaecaadfb0d0acd) Importer(815301076,1909f56bfc062723c751e8b465ee728b)  -> (artifact id: '56ce88d493918a23b9c5d95a4d41897e') in 0.011078 seconds
Number of updated asset objects reloaded before import = 0
Number of asset objects unloaded after import = 9
========================================================================
Received Import Request.
  Time since last request: 0.014587 seconds.
  path: Assets/Models/FBX format/tree_pineRoundE.fbx
  artifactKey: Guid(b5d05c00d582a7749b68edb5140fe6ec) Importer(815301076,1909f56bfc062723c751e8b465ee728b)
Start importing Assets/Models/FBX format/tree_pineRoundE.fbx using Guid(b5d05c00d582a7749b68edb5140fe6ec) Importer(815301076,1909f56bfc062723c751e8b465ee728b)  -> (artifact id: '4aa6f8b5137d46508f887560f2ec329e') in 0.012141 seconds
Number of updated asset objects reloaded before import = 0
Number of asset objects unloaded after import = 9
========================================================================
Received Import Request.
  Time since last request: 0.000010 seconds.
  path: Assets/Models/FBX format/tree_pineSmallA.fbx
  artifactKey: Guid(f2185b7cae85b6d479d2d570fefa91e9) Importer(815301076,1909f56bfc062723c751e8b465ee728b)
Start importing Assets/Models/FBX format/tree_pineSmallA.fbx using Guid(f2185b7cae85b6d479d2d570fefa91e9) Importer(815301076,1909f56bfc062723c751e8b465ee728b)  -> (artifact id: 'c794ba8b0b5dfb8961e658e8b852c4dc') in 0.010525 seconds
Number of updated asset objects reloaded before import = 0
Number of asset objects unloaded after import = 9
========================================================================
Received Import Request.
  Time since last request: 0.000013 seconds.
  path: Assets/Models/FBX format/tree_pineTallA.fbx
  artifactKey: Guid(d937194b4912cdf4cb2ad1884d19df79) Importer(815301076,1909f56bfc062723c751e8b465ee728b)
Start importing Assets/Models/FBX format/tree_pineTallA.fbx using Guid(d937194b4912cdf4cb2ad1884d19df79) Importer(815301076,1909f56bfc062723c751e8b465ee728b)  -> (artifact id: '5c7064e77938ea2868289dd25cb869be') in 0.010950 seconds
Number of updated asset objects reloaded before import = 0
Number of asset objects unloaded after import = 9
========================================================================
Received Import Request.
  Time since last request: 0.000008 seconds.
  path: Assets/Models/FBX format/tree_pineTallC.fbx
  artifactKey: Guid(0dad28455a7a5b346bca44f36cc56d11) Importer(815301076,1909f56bfc062723c751e8b465ee728b)
Start importing Assets/Models/FBX format/tree_pineTallC.fbx using Guid(0dad28455a7a5b346bca44f36cc56d11) Importer(815301076,1909f56bfc062723c751e8b465ee728b)  -> (artifact id: '4000fbbddf1324d001192248bcad7c02') in 0.010161 seconds
Number of updated asset objects reloaded before import = 0
Number of asset objects unloaded after import = 9
========================================================================
Received Import Request.
  Time since last request: 0.318677 seconds.
  path: Assets/Models/FBX format/tree_small_dark.fbx
  artifactKey: Guid(a2300ef4a83ecca4386bd1e5c55570dc) Importer(815301076,1909f56bfc062723c751e8b465ee728b)
Start importing Assets/Models/FBX format/tree_small_dark.fbx using Guid(a2300ef4a83ecca4386bd1e5c55570dc) Importer(815301076,1909f56bfc062723c751e8b465ee728b)  -> (artifact id: '64f34e48eabf2d3d6aba164c3e8c3950') in 0.012184 seconds
Number of updated asset objects reloaded before import = 0
Number of asset objects unloaded after import = 9
========================================================================
Received Import Request.
  Time since last request: 0.000010 seconds.
  path: Assets/Models/FBX format/tree_thin_dark.fbx
  artifactKey: Guid(73d3b614fa08ef24a9cc9a4db3542758) Importer(815301076,1909f56bfc062723c751e8b465ee728b)
Start importing Assets/Models/FBX format/tree_thin_dark.fbx using Guid(73d3b614fa08ef24a9cc9a4db3542758) Importer(815301076,1909f56bfc062723c751e8b465ee728b)  -> (artifact id: '292c1dbad9a54a53a7b6714da5e6f070') in 0.010541 seconds
Number of updated asset objects reloaded before import = 0
Number of asset objects unloaded after import = 9
Editor requested this worker to shutdown with reason: Scaling down because of idle timeout
TcpMessagingSession - receive error: operation aborted. errorcode: 995, details: The I/O operation has been aborted because of either a thread exit or an application request.
AssetImportWorker is now disconnected from the server
Process exiting
Exiting without the bug reporter. Application will terminate with return code 0